rm: cannot remove '/p/scratch/cesmtst/patakchiyousefi1/FORECASTLEAD_CESMTST_SCRATCH/TRAIN_FILES/*': No such file or directory
rm: cannot remove '/p/scratch/cesmtst/patakchiyousefi1/FORECASTLEAD_CESMTST_SCRATCH/PRODUCE_FILES/*': No such file or directory
rm: cannot remove 'scaling_info.csv': No such file or directory
Traceback (most recent call last):
  File "/p/project1/cesmtst/patakchiyousefi1/CODES-MS3/FORECASTLEAD/DL_PREP.py", line 46, in <module>
    y_mean, y_std, x_mean, x_std = func_train.get_scaling_params(scaling_file, PPROJECT_DIR2, leadtime)
  File "/p/project1/cesmtst/patakchiyousefi1/CODES-MS3/FORECASTLEAD/func_train.py", line 1438, in get_scaling_params
    reader = csv.DictReader(csvfile)
NameError: name 'csv' is not defined
srun: error: jwb1150: task 0: Exited with exit code 1
srun: Job 10218358 step creation temporarily disabled, retrying (Requested nodes are busy)
srun: Job 10218358 step creation temporarily disabled, retrying (Requested nodes are busy)
srun: Job 10218358 step creation temporarily disabled, retrying (Requested nodes are busy)
srun: Step created for StepId=10218358.6
Traceback (most recent call last):
  File "/p/project1/cesmtst/patakchiyousefi1/CODES-MS3/FORECASTLEAD/DL_PREP.py", line 46, in <module>
    y_mean, y_std, x_mean, x_std = func_train.get_scaling_params(scaling_file, PPROJECT_DIR2, leadtime)
  File "/p/project1/cesmtst/patakchiyousefi1/CODES-MS3/FORECASTLEAD/func_train.py", line 1438, in get_scaling_params
    reader = csv.DictReader(csvfile)
NameError: name 'csv' is not defined
srun: error: jwb1142: task 0: Exited with exit code 1
srun: Job 10218358 step creation still disabled, retrying (Requested nodes are busy)
srun: Job 10218358 step creation still disabled, retrying (Requested nodes are busy)
srun: Step created for StepId=10218358.7
Traceback (most recent call last):
  File "/p/project1/cesmtst/patakchiyousefi1/CODES-MS3/FORECASTLEAD/DL_PREP.py", line 46, in <module>
    y_mean, y_std, x_mean, x_std = func_train.get_scaling_params(scaling_file, PPROJECT_DIR2, leadtime)
  File "/p/project1/cesmtst/patakchiyousefi1/CODES-MS3/FORECASTLEAD/func_train.py", line 1438, in get_scaling_params
    reader = csv.DictReader(csvfile)
NameError: name 'csv' is not defined
srun: error: jwb1143: task 0: Exited with exit code 1
srun: Job 10218358 step creation still disabled, retrying (Requested nodes are busy)
srun: Step created for StepId=10218358.8
Traceback (most recent call last):
  File "/p/project1/cesmtst/patakchiyousefi1/CODES-MS3/FORECASTLEAD/DL_PREP.py", line 46, in <module>
    y_mean, y_std, x_mean, x_std = func_train.get_scaling_params(scaling_file, PPROJECT_DIR2, leadtime)
  File "/p/project1/cesmtst/patakchiyousefi1/CODES-MS3/FORECASTLEAD/func_train.py", line 1438, in get_scaling_params
    reader = csv.DictReader(csvfile)
NameError: name 'csv' is not defined
srun: error: jwb1150: task 0: Exited with exit code 1
Traceback (most recent call last):
  File "/p/project1/cesmtst/patakchiyousefi1/CODES-MS3/FORECASTLEAD/DL_PREP.py", line 46, in <module>
    y_mean, y_std, x_mean, x_std = func_train.get_scaling_params(scaling_file, PPROJECT_DIR2, leadtime)
  File "/p/project1/cesmtst/patakchiyousefi1/CODES-MS3/FORECASTLEAD/func_train.py", line 1438, in get_scaling_params
    reader = csv.DictReader(csvfile)
NameError: name 'csv' is not defined
srun: error: jwb1142: task 0: Exited with exit code 1
Traceback (most recent call last):
  File "/p/project1/cesmtst/patakchiyousefi1/CODES-MS3/FORECASTLEAD/DL_PREP.py", line 46, in <module>
    y_mean, y_std, x_mean, x_std = func_train.get_scaling_params(scaling_file, PPROJECT_DIR2, leadtime)
  File "/p/project1/cesmtst/patakchiyousefi1/CODES-MS3/FORECASTLEAD/func_train.py", line 1438, in get_scaling_params
    reader = csv.DictReader(csvfile)
NameError: name 'csv' is not defined
srun: error: jwb1143: task 0: Exited with exit code 1
Traceback (most recent call last):
  File "/p/project1/cesmtst/patakchiyousefi1/CODES-MS3/FORECASTLEAD/DL_PREP.py", line 46, in <module>
    y_mean, y_std, x_mean, x_std = func_train.get_scaling_params(scaling_file, PPROJECT_DIR2, leadtime)
  File "/p/project1/cesmtst/patakchiyousefi1/CODES-MS3/FORECASTLEAD/func_train.py", line 1438, in get_scaling_params
    reader = csv.DictReader(csvfile)
NameError: name 'csv' is not defined
srun: error: jwb1125: task 0: Exited with exit code 1
Traceback (most recent call last):
  File "/p/project1/cesmtst/patakchiyousefi1/CODES-MS3/FORECASTLEAD/DL_PREP.py", line 46, in <module>
    y_mean, y_std, x_mean, x_std = func_train.get_scaling_params(scaling_file, PPROJECT_DIR2, leadtime)
  File "/p/project1/cesmtst/patakchiyousefi1/CODES-MS3/FORECASTLEAD/func_train.py", line 1438, in get_scaling_params
    reader = csv.DictReader(csvfile)
NameError: name 'csv' is not defined
srun: error: jwb1132: task 0: Exited with exit code 1
