/var/spool/parastation/jobs/10128854: line 17: /p/project1/cesmtst/patakchiyousefi1/CODES-MS3/FORECASTSEAD/bashenv-train: No such file or directory
Traceback (most recent call last):
  File "/p/project1/cesmtst/patakchiyousefi1/CODES-MS3/FORECASTLEAD/DL_TRAIN.py", line 1, in <module>
    from py_env_train import *
  File "/p/project1/cesmtst/patakchiyousefi1/CODES-MS3/FORECASTLEAD/py_env_train.py", line 7, in <module>
    import func_train
  File "/p/project1/cesmtst/patakchiyousefi1/CODES-MS3/FORECASTLEAD/func_train.py", line 2
    ! pip install keras-unet-collection
    ^
SyntaxError: invalid syntax
Traceback (most recent call last):
  File "/p/project1/cesmtst/patakchiyousefi1/CODES-MS3/FORECASTLEAD/DL_TRAIN.py", line 1, in <module>
    from py_env_train import *
  File "/p/project1/cesmtst/patakchiyousefi1/CODES-MS3/FORECASTLEAD/py_env_train.py", line 7, in <module>
    import func_train
  File "/p/project1/cesmtst/patakchiyousefi1/CODES-MS3/FORECASTLEAD/func_train.py", line 2
    ! pip install keras-unet-collection
    ^
SyntaxError: invalid syntax
srun: error: jwb0711: task 0: Exited with exit code 1
srun: Job 10128854 step creation temporarily disabled, retrying (Requested nodes are busy)
srun: Job 10128854 step creation temporarily disabled, retrying (Requested nodes are busy)
srun: Step created for job 10128854
srun: error: jwb0713: task 0: Exited with exit code 1
srun: Job 10128854 step creation still disabled, retrying (Requested nodes are busy)
srun: Step created for job 10128854
Traceback (most recent call last):
  File "/p/project1/cesmtst/patakchiyousefi1/CODES-MS3/FORECASTLEAD/DL_TRAIN.py", line 1, in <module>
    from py_env_train import *
  File "/p/project1/cesmtst/patakchiyousefi1/CODES-MS3/FORECASTLEAD/py_env_train.py", line 7, in <module>
    import func_train
  File "/p/project1/cesmtst/patakchiyousefi1/CODES-MS3/FORECASTLEAD/func_train.py", line 2
    ! pip install keras-unet-collection
    ^
SyntaxError: invalid syntax
Traceback (most recent call last):
  File "/p/project1/cesmtst/patakchiyousefi1/CODES-MS3/FORECASTLEAD/DL_TRAIN.py", line 1, in <module>
srun: error: jwb0732: task 0: Exited with exit code 1
srun: Job 10128854 step creation temporarily disabled, retrying (Requested nodes are busy)
srun: Job 10128854 step creation temporarily disabled, retrying (Requested nodes are busy)
srun: Step created for job 10128854
    from py_env_train import *
  File "/p/project1/cesmtst/patakchiyousefi1/CODES-MS3/FORECASTLEAD/py_env_train.py", line 7, in <module>
    import func_train
  File "/p/project1/cesmtst/patakchiyousefi1/CODES-MS3/FORECASTLEAD/func_train.py", line 2
    ! pip install keras-unet-collection
    ^
SyntaxError: invalid syntax
Traceback (most recent call last):
  File "/p/project1/cesmtst/patakchiyousefi1/CODES-MS3/FORECASTLEAD/DL_TRAIN.py", line 1, in <module>
srun: error: jwb0994: task 0: Exited with exit code 1
    from py_env_train import *
  File "/p/project1/cesmtst/patakchiyousefi1/CODES-MS3/FORECASTLEAD/py_env_train.py", line 7, in <module>
    import func_train
  File "/p/project1/cesmtst/patakchiyousefi1/CODES-MS3/FORECASTLEAD/func_train.py", line 2
    ! pip install keras-unet-collection
    ^
SyntaxError: invalid syntax
srun: Job 10128854 step creation still disabled, retrying (Requested nodes are busy)
Traceback (most recent call last):
  File "/p/project1/cesmtst/patakchiyousefi1/CODES-MS3/FORECASTLEAD/DL_TRAIN.py", line 1, in <module>
    from py_env_train import *
  File "/p/project1/cesmtst/patakchiyousefi1/CODES-MS3/FORECASTLEAD/py_env_train.py", line 7, in <module>
    import func_train
  File "/p/project1/cesmtst/patakchiyousefi1/CODES-MS3/FORECASTLEAD/func_train.py", line 2
    ! pip install keras-unet-collection
    ^
SyntaxError: invalid syntax
srun: error: jwb0995: task 0: Exited with exit code 1
srun: Job 10128854 step creation still disabled, retrying (Requested nodes are busy)
srun: Job 10128854 step creation temporarily disabled, retrying (Requested nodes are busy)
srun: Step created for job 10128854
Traceback (most recent call last):
  File "/p/project1/cesmtst/patakchiyousefi1/CODES-MS3/FORECASTLEAD/DL_TRAIN.py", line 1, in <module>
    from py_env_train import *
  File "/p/project1/cesmtst/patakchiyousefi1/CODES-MS3/FORECASTLEAD/py_env_train.py", line 7, in <module>
    import func_train
  File "/p/project1/cesmtst/patakchiyousefi1/CODES-MS3/FORECASTLEAD/func_train.py", line 2
    ! pip install keras-unet-collection
    ^
SyntaxError: invalid syntax
srun: error: jwb0996: task 0: Exited with exit code 1
srun: Job 10128854 step creation still disabled, retrying (Requested nodes are busy)
srun: Job 10128854 step creation temporarily disabled, retrying (Requested nodes are busy)
srun: Step created for job 10128854
srun: error: jwb0997: task 0: Exited with exit code 1
srun: Job 10128854 step creation still disabled, retrying (Requested nodes are busy)
srun: Job 10128854 step creation temporarily disabled, retrying (Requested nodes are busy)
srun: Step created for job 10128854
Traceback (most recent call last):
  File "/p/project1/cesmtst/patakchiyousefi1/CODES-MS3/FORECASTLEAD/DL_TRAIN.py", line 1, in <module>
    from py_env_train import *
  File "/p/project1/cesmtst/patakchiyousefi1/CODES-MS3/FORECASTLEAD/py_env_train.py", line 7, in <module>
    import func_train
  File "/p/project1/cesmtst/patakchiyousefi1/CODES-MS3/FORECASTLEAD/func_train.py", line 2
    ! pip install keras-unet-collection
    ^
SyntaxError: invalid syntax
srun: error: jwb0999: task 0: Exited with exit code 1
srun: Job 10128854 step creation still disabled, retrying (Requested nodes are busy)
srun: Job 10128854 step creation temporarily disabled, retrying (Requested nodes are busy)
srun: Step created for job 10128854
Traceback (most recent call last):
  File "/p/project1/cesmtst/patakchiyousefi1/CODES-MS3/FORECASTLEAD/DL_TRAIN.py", line 1, in <module>
    from py_env_train import *
  File "/p/project1/cesmtst/patakchiyousefi1/CODES-MS3/FORECASTLEAD/py_env_train.py", line 7, in <module>
    import func_train
  File "/p/project1/cesmtst/patakchiyousefi1/CODES-MS3/FORECASTLEAD/func_train.py", line 2
    ! pip install keras-unet-collection
    ^
SyntaxError: invalid syntax
Traceback (most recent call last):
  File "/p/project1/cesmtst/patakchiyousefi1/CODES-MS3/FORECASTLEAD/DL_TRAIN.py", line 1, in <module>
Traceback (most recent call last):
  File "/p/project1/cesmtst/patakchiyousefi1/CODES-MS3/FORECASTLEAD/DL_TRAIN.py", line 1, in <module>
    from py_env_train import *
  File "/p/project1/cesmtst/patakchiyousefi1/CODES-MS3/FORECASTLEAD/py_env_train.py", line 7, in <module>
    import func_train
  File "/p/project1/cesmtst/patakchiyousefi1/CODES-MS3/FORECASTLEAD/func_train.py", line 2
    ! pip install keras-unet-collection
    ^
SyntaxError: invalid syntax
    from py_env_train import *
  File "/p/project1/cesmtst/patakchiyousefi1/CODES-MS3/FORECASTLEAD/py_env_train.py", line 7, in <module>
    import func_train
  File "/p/project1/cesmtst/patakchiyousefi1/CODES-MS3/FORECASTLEAD/func_train.py", line 2
    ! pip install keras-unet-collection
    ^
SyntaxError: invalid syntax
Traceback (most recent call last):
  File "/p/project1/cesmtst/patakchiyousefi1/CODES-MS3/FORECASTLEAD/DL_TRAIN.py", line 1, in <module>
    from py_env_train import *
  File "/p/project1/cesmtst/patakchiyousefi1/CODES-MS3/FORECASTLEAD/py_env_train.py", line 7, in <module>
    import func_train
  File "/p/project1/cesmtst/patakchiyousefi1/CODES-MS3/FORECASTLEAD/func_train.py", line 2
    ! pip install keras-unet-collection
    ^
SyntaxError: invalid syntax
srun: error: jwb1001: task 0: Exited with exit code 1
srun: Job 10128854 step creation still disabled, retrying (Requested nodes are busy)
srun: Job 10128854 step creation temporarily disabled, retrying (Requested nodes are busy)
srun: Job 10128854 step creation temporarily disabled, retrying (Requested nodes are busy)
srun: Step created for job 10128854
srun: error: jwb0711: task 0: Exited with exit code 1
srun: Job 10128854 step creation still disabled, retrying (Requested nodes are busy)
srun: Job 10128854 step creation still disabled, retrying (Requested nodes are busy)
srun: Step created for job 10128854
srun: error: jwb1003: task 0: Exited with exit code 1
srun: Job 10128854 step creation still disabled, retrying (Requested nodes are busy)
srun: Step created for job 10128854
srun: error: jwb0713: task 0: Exited with exit code 1
Traceback (most recent call last):
  File "/p/project1/cesmtst/patakchiyousefi1/CODES-MS3/FORECASTLEAD/DL_TRAIN.py", line 1, in <module>
    from py_env_train import *
  File "/p/project1/cesmtst/patakchiyousefi1/CODES-MS3/FORECASTLEAD/py_env_train.py", line 7, in <module>
    import func_train
  File "/p/project1/cesmtst/patakchiyousefi1/CODES-MS3/FORECASTLEAD/func_train.py", line 2
    ! pip install keras-unet-collection
    ^
SyntaxError: invalid syntax
Traceback (most recent call last):
  File "/p/project1/cesmtst/patakchiyousefi1/CODES-MS3/FORECASTLEAD/DL_TRAIN.py", line 1, in <module>
    from py_env_train import *
  File "/p/project1/cesmtst/patakchiyousefi1/CODES-MS3/FORECASTLEAD/py_env_train.py", line 7, in <module>
    import func_train
  File "/p/project1/cesmtst/patakchiyousefi1/CODES-MS3/FORECASTLEAD/func_train.py", line 2
    ! pip install keras-unet-collection
    ^
SyntaxError: invalid syntax
srun: error: jwb1004: task 0: Exited with exit code 1
srun: error: jwb0732: task 0: Exited with exit code 1
Traceback (most recent call last):
  File "/p/project1/cesmtst/patakchiyousefi1/CODES-MS3/FORECASTLEAD/DL_TRAIN.py", line 1, in <module>
    from py_env_train import *
  File "/p/project1/cesmtst/patakchiyousefi1/CODES-MS3/FORECASTLEAD/py_env_train.py", line 7, in <module>
    import func_train
  File "/p/project1/cesmtst/patakchiyousefi1/CODES-MS3/FORECASTLEAD/func_train.py", line 2
    ! pip install keras-unet-collection
    ^
SyntaxError: invalid syntax
Traceback (most recent call last):
  File "/p/project1/cesmtst/patakchiyousefi1/CODES-MS3/FORECASTLEAD/DL_TRAIN.py", line 1, in <module>
Traceback (most recent call last):
  File "/p/project1/cesmtst/patakchiyousefi1/CODES-MS3/FORECASTLEAD/DL_TRAIN.py", line 1, in <module>
    from py_env_train import *
  File "/p/project1/cesmtst/patakchiyousefi1/CODES-MS3/FORECASTLEAD/py_env_train.py", line 7, in <module>
    import func_train
  File "/p/project1/cesmtst/patakchiyousefi1/CODES-MS3/FORECASTLEAD/func_train.py", line 2
    ! pip install keras-unet-collection
    ^
SyntaxError: invalid syntax
    from py_env_train import *
  File "/p/project1/cesmtst/patakchiyousefi1/CODES-MS3/FORECASTLEAD/py_env_train.py", line 7, in <module>
    import func_train
  File "/p/project1/cesmtst/patakchiyousefi1/CODES-MS3/FORECASTLEAD/func_train.py", line 2
    ! pip install keras-unet-collection
    ^
SyntaxError: invalid syntax
srun: error: jwb1017: task 0: Exited with exit code 1
srun: error: jwb0994: task 0: Exited with exit code 1
Traceback (most recent call last):
  File "/p/project1/cesmtst/patakchiyousefi1/CODES-MS3/FORECASTLEAD/DL_TRAIN.py", line 1, in <module>
    from py_env_train import *
  File "/p/project1/cesmtst/patakchiyousefi1/CODES-MS3/FORECASTLEAD/py_env_train.py", line 7, in <module>
    import func_train
  File "/p/project1/cesmtst/patakchiyousefi1/CODES-MS3/FORECASTLEAD/func_train.py", line 2
    ! pip install keras-unet-collection
    ^
SyntaxError: invalid syntax
srun: error: jwb1018: task 0: Exited with exit code 1
Traceback (most recent call last):
  File "/p/project1/cesmtst/patakchiyousefi1/CODES-MS3/FORECASTLEAD/DL_TRAIN.py", line 1, in <module>
    from py_env_train import *
  File "/p/project1/cesmtst/patakchiyousefi1/CODES-MS3/FORECASTLEAD/py_env_train.py", line 7, in <module>
    import func_train
  File "/p/project1/cesmtst/patakchiyousefi1/CODES-MS3/FORECASTLEAD/func_train.py", line 2
    ! pip install keras-unet-collection
    ^
SyntaxError: invalid syntax
srun: error: jwb0995: task 0: Exited with exit code 1
Traceback (most recent call last):
  File "/p/project1/cesmtst/patakchiyousefi1/CODES-MS3/FORECASTLEAD/DL_TRAIN.py", line 1, in <module>
    from py_env_train import *
  File "/p/project1/cesmtst/patakchiyousefi1/CODES-MS3/FORECASTLEAD/py_env_train.py", line 7, in <module>
    import func_train
  File "/p/project1/cesmtst/patakchiyousefi1/CODES-MS3/FORECASTLEAD/func_train.py", line 2
    ! pip install keras-unet-collection
    ^
SyntaxError: invalid syntax
srun: error: jwb0996: task 0: Exited with exit code 1
Traceback (most recent call last):
  File "/p/project1/cesmtst/patakchiyousefi1/CODES-MS3/FORECASTLEAD/DL_TRAIN.py", line 1, in <module>
    from py_env_train import *
  File "/p/project1/cesmtst/patakchiyousefi1/CODES-MS3/FORECASTLEAD/py_env_train.py", line 7, in <module>
    import func_train
  File "/p/project1/cesmtst/patakchiyousefi1/CODES-MS3/FORECASTLEAD/func_train.py", line 2
    ! pip install keras-unet-collection
    ^
SyntaxError: invalid syntax
Traceback (most recent call last):
  File "/p/project1/cesmtst/patakchiyousefi1/CODES-MS3/FORECASTLEAD/DL_TRAIN.py", line 1, in <module>
    from py_env_train import *
  File "/p/project1/cesmtst/patakchiyousefi1/CODES-MS3/FORECASTLEAD/py_env_train.py", line 7, in <module>
    import func_train
  File "/p/project1/cesmtst/patakchiyousefi1/CODES-MS3/FORECASTLEAD/func_train.py", line 2
    ! pip install keras-unet-collection
    ^
SyntaxError: invalid syntax
srun: error: jwb1021: task 0: Exited with exit code 1
srun: error: jwb0997: task 0: Exited with exit code 1
Traceback (most recent call last):
  File "/p/project1/cesmtst/patakchiyousefi1/CODES-MS3/FORECASTLEAD/DL_TRAIN.py", line 1, in <module>
    from py_env_train import *
  File "/p/project1/cesmtst/patakchiyousefi1/CODES-MS3/FORECASTLEAD/py_env_train.py", line 7, in <module>
    import func_train
  File "/p/project1/cesmtst/patakchiyousefi1/CODES-MS3/FORECASTLEAD/func_train.py", line 2
    ! pip install keras-unet-collection
    ^
SyntaxError: invalid syntax
srun: error: jwb1022: task 0: Exited with exit code 1
Traceback (most recent call last):
  File "/p/project1/cesmtst/patakchiyousefi1/CODES-MS3/FORECASTLEAD/DL_TRAIN.py", line 1, in <module>
    from py_env_train import *
  File "/p/project1/cesmtst/patakchiyousefi1/CODES-MS3/FORECASTLEAD/py_env_train.py", line 7, in <module>
    import func_train
  File "/p/project1/cesmtst/patakchiyousefi1/CODES-MS3/FORECASTLEAD/func_train.py", line 2
    ! pip install keras-unet-collection
    ^
SyntaxError: invalid syntax
srun: error: jwb0999: task 0: Exited with exit code 1
srun: error: jwb1024: task 0: Exited with exit code 1
Traceback (most recent call last):
  File "/p/project1/cesmtst/patakchiyousefi1/CODES-MS3/FORECASTLEAD/DL_TRAIN.py", line 1, in <module>
    from py_env_train import *
  File "/p/project1/cesmtst/patakchiyousefi1/CODES-MS3/FORECASTLEAD/py_env_train.py", line 7, in <module>
    import func_train
  File "/p/project1/cesmtst/patakchiyousefi1/CODES-MS3/FORECASTLEAD/func_train.py", line 2
    ! pip install keras-unet-collection
    ^
SyntaxError: invalid syntax
Traceback (most recent call last):
  File "/p/project1/cesmtst/patakchiyousefi1/CODES-MS3/FORECASTLEAD/DL_TRAIN.py", line 1, in <module>
    from py_env_train import *
  File "/p/project1/cesmtst/patakchiyousefi1/CODES-MS3/FORECASTLEAD/py_env_train.py", line 7, in <module>
    import func_train
  File "/p/project1/cesmtst/patakchiyousefi1/CODES-MS3/FORECASTLEAD/func_train.py", line 2
    ! pip install keras-unet-collection
    ^
SyntaxError: invalid syntax
Traceback (most recent call last):
  File "/p/project1/cesmtst/patakchiyousefi1/CODES-MS3/FORECASTLEAD/DL_TRAIN.py", line 1, in <module>
    from py_env_train import *
  File "/p/project1/cesmtst/patakchiyousefi1/CODES-MS3/FORECASTLEAD/py_env_train.py", line 7, in <module>
    import func_train
  File "/p/project1/cesmtst/patakchiyousefi1/CODES-MS3/FORECASTLEAD/func_train.py", line 2
    ! pip install keras-unet-collection
    ^
SyntaxError: invalid syntax
srun: error: jwb1001: task 0: Exited with exit code 1
srun: error: jwb1003: task 0: Exited with exit code 1
Traceback (most recent call last):
  File "/p/project1/cesmtst/patakchiyousefi1/CODES-MS3/FORECASTLEAD/DL_TRAIN.py", line 1, in <module>
srun: error: jwb0711: task 0: Exited with exit code 1
    from py_env_train import *
  File "/p/project1/cesmtst/patakchiyousefi1/CODES-MS3/FORECASTLEAD/py_env_train.py", line 7, in <module>
    import func_train
  File "/p/project1/cesmtst/patakchiyousefi1/CODES-MS3/FORECASTLEAD/func_train.py", line 2
    ! pip install keras-unet-collection
    ^
SyntaxError: invalid syntax
srun: error: jwb0713: task 0: Exited with exit code 1
Traceback (most recent call last):
  File "/p/project1/cesmtst/patakchiyousefi1/CODES-MS3/FORECASTLEAD/DL_TRAIN.py", line 1, in <module>
    from py_env_train import *
  File "/p/project1/cesmtst/patakchiyousefi1/CODES-MS3/FORECASTLEAD/py_env_train.py", line 7, in <module>
    import func_train
  File "/p/project1/cesmtst/patakchiyousefi1/CODES-MS3/FORECASTLEAD/func_train.py", line 2
    ! pip install keras-unet-collection
    ^
SyntaxError: invalid syntax
srun: error: jwb1004: task 0: Exited with exit code 1
Traceback (most recent call last):
  File "/p/project1/cesmtst/patakchiyousefi1/CODES-MS3/FORECASTLEAD/DL_TRAIN.py", line 1, in <module>
    from py_env_train import *
  File "/p/project1/cesmtst/patakchiyousefi1/CODES-MS3/FORECASTLEAD/py_env_train.py", line 7, in <module>
    import func_train
  File "/p/project1/cesmtst/patakchiyousefi1/CODES-MS3/FORECASTLEAD/func_train.py", line 2
    ! pip install keras-unet-collection
    ^
SyntaxError: invalid syntax
srun: error: jwb0732: task 0: Exited with exit code 1
Traceback (most recent call last):
  File "/p/project1/cesmtst/patakchiyousefi1/CODES-MS3/FORECASTLEAD/DL_TRAIN.py", line 1, in <module>
    from py_env_train import *
  File "/p/project1/cesmtst/patakchiyousefi1/CODES-MS3/FORECASTLEAD/py_env_train.py", line 7, in <module>
    import func_train
  File "/p/project1/cesmtst/patakchiyousefi1/CODES-MS3/FORECASTLEAD/func_train.py", line 2
    ! pip install keras-unet-collection
    ^
SyntaxError: invalid syntax
srun: error: jwb0994: task 0: Exited with exit code 1
Traceback (most recent call last):
  File "/p/project1/cesmtst/patakchiyousefi1/CODES-MS3/FORECASTLEAD/DL_TRAIN.py", line 1, in <module>
    from py_env_train import *
  File "/p/project1/cesmtst/patakchiyousefi1/CODES-MS3/FORECASTLEAD/py_env_train.py", line 7, in <module>
    import func_train
  File "/p/project1/cesmtst/patakchiyousefi1/CODES-MS3/FORECASTLEAD/func_train.py", line 2
    ! pip install keras-unet-collection
    ^
SyntaxError: invalid syntax
srun: error: jwb0995: task 0: Exited with exit code 1
Traceback (most recent call last):
  File "/p/project1/cesmtst/patakchiyousefi1/CODES-MS3/FORECASTLEAD/DL_TRAIN.py", line 1, in <module>
    from py_env_train import *
  File "/p/project1/cesmtst/patakchiyousefi1/CODES-MS3/FORECASTLEAD/py_env_train.py", line 7, in <module>
    import func_train
  File "/p/project1/cesmtst/patakchiyousefi1/CODES-MS3/FORECASTLEAD/func_train.py", line 2
    ! pip install keras-unet-collection
    ^
SyntaxError: invalid syntax
srun: error: jwb0996: task 0: Exited with exit code 1
Traceback (most recent call last):
  File "/p/project1/cesmtst/patakchiyousefi1/CODES-MS3/FORECASTLEAD/DL_TRAIN.py", line 1, in <module>
    from py_env_train import *
  File "/p/project1/cesmtst/patakchiyousefi1/CODES-MS3/FORECASTLEAD/py_env_train.py", line 7, in <module>
    import func_train
  File "/p/project1/cesmtst/patakchiyousefi1/CODES-MS3/FORECASTLEAD/func_train.py", line 2
    ! pip install keras-unet-collection
    ^
SyntaxError: invalid syntax
srun: error: jwb0997: task 0: Exited with exit code 1
Traceback (most recent call last):
  File "/p/project1/cesmtst/patakchiyousefi1/CODES-MS3/FORECASTLEAD/DL_TRAIN.py", line 1, in <module>
    from py_env_train import *
  File "/p/project1/cesmtst/patakchiyousefi1/CODES-MS3/FORECASTLEAD/py_env_train.py", line 7, in <module>
    import func_train
  File "/p/project1/cesmtst/patakchiyousefi1/CODES-MS3/FORECASTLEAD/func_train.py", line 2
    ! pip install keras-unet-collection
    ^
SyntaxError: invalid syntax
srun: error: jwb0999: task 0: Exited with exit code 1
Traceback (most recent call last):
  File "/p/project1/cesmtst/patakchiyousefi1/CODES-MS3/FORECASTLEAD/DL_TRAIN.py", line 1, in <module>
    from py_env_train import *
  File "/p/project1/cesmtst/patakchiyousefi1/CODES-MS3/FORECASTLEAD/py_env_train.py", line 7, in <module>
    import func_train
  File "/p/project1/cesmtst/patakchiyousefi1/CODES-MS3/FORECASTLEAD/func_train.py", line 2
    ! pip install keras-unet-collection
    ^
SyntaxError: invalid syntax
Traceback (most recent call last):
  File "/p/project1/cesmtst/patakchiyousefi1/CODES-MS3/FORECASTLEAD/DL_TRAIN.py", line 1, in <module>
srun: error: jwb0711: task 0: Exited with exit code 1
    from py_env_train import *
  File "/p/project1/cesmtst/patakchiyousefi1/CODES-MS3/FORECASTLEAD/py_env_train.py", line 7, in <module>
    import func_train
  File "/p/project1/cesmtst/patakchiyousefi1/CODES-MS3/FORECASTLEAD/func_train.py", line 2
    ! pip install keras-unet-collection
    ^
SyntaxError: invalid syntax
srun: error: jwb0713: task 0: Exited with exit code 1
Traceback (most recent call last):
  File "/p/project1/cesmtst/patakchiyousefi1/CODES-MS3/FORECASTLEAD/DL_TRAIN.py", line 1, in <module>
    from py_env_train import *
  File "/p/project1/cesmtst/patakchiyousefi1/CODES-MS3/FORECASTLEAD/py_env_train.py", line 7, in <module>
    import func_train
  File "/p/project1/cesmtst/patakchiyousefi1/CODES-MS3/FORECASTLEAD/func_train.py", line 2
    ! pip install keras-unet-collection
    ^
SyntaxError: invalid syntax
srun: error: jwb1001: task 0: Exited with exit code 1
Traceback (most recent call last):
  File "/p/project1/cesmtst/patakchiyousefi1/CODES-MS3/FORECASTLEAD/DL_TRAIN.py", line 1, in <module>
    from py_env_train import *
  File "/p/project1/cesmtst/patakchiyousefi1/CODES-MS3/FORECASTLEAD/py_env_train.py", line 7, in <module>
    import func_train
  File "/p/project1/cesmtst/patakchiyousefi1/CODES-MS3/FORECASTLEAD/func_train.py", line 2
    ! pip install keras-unet-collection
    ^
SyntaxError: invalid syntax
srun: error: jwb0732: task 0: Exited with exit code 1
Traceback (most recent call last):
  File "/p/project1/cesmtst/patakchiyousefi1/CODES-MS3/FORECASTLEAD/DL_TRAIN.py", line 1, in <module>
    from py_env_train import *
  File "/p/project1/cesmtst/patakchiyousefi1/CODES-MS3/FORECASTLEAD/py_env_train.py", line 7, in <module>
    import func_train
  File "/p/project1/cesmtst/patakchiyousefi1/CODES-MS3/FORECASTLEAD/func_train.py", line 2
    ! pip install keras-unet-collection
    ^
SyntaxError: invalid syntax
srun: error: jwb0994: task 0: Exited with exit code 1
Traceback (most recent call last):
  File "/p/project1/cesmtst/patakchiyousefi1/CODES-MS3/FORECASTLEAD/DL_TRAIN.py", line 1, in <module>
    from py_env_train import *
  File "/p/project1/cesmtst/patakchiyousefi1/CODES-MS3/FORECASTLEAD/py_env_train.py", line 7, in <module>
    import func_train
  File "/p/project1/cesmtst/patakchiyousefi1/CODES-MS3/FORECASTLEAD/func_train.py", line 2
    ! pip install keras-unet-collection
    ^
SyntaxError: invalid syntax
srun: error: jwb0995: task 0: Exited with exit code 1
Traceback (most recent call last):
  File "/p/project1/cesmtst/patakchiyousefi1/CODES-MS3/FORECASTLEAD/DL_TRAIN.py", line 1, in <module>
    from py_env_train import *
  File "/p/project1/cesmtst/patakchiyousefi1/CODES-MS3/FORECASTLEAD/py_env_train.py", line 7, in <module>
    import func_train
  File "/p/project1/cesmtst/patakchiyousefi1/CODES-MS3/FORECASTLEAD/func_train.py", line 2
    ! pip install keras-unet-collection
    ^
SyntaxError: invalid syntax
srun: error: jwb0996: task 0: Exited with exit code 1
Traceback (most recent call last):
  File "/p/project1/cesmtst/patakchiyousefi1/CODES-MS3/FORECASTLEAD/DL_TRAIN.py", line 1, in <module>
    from py_env_train import *
  File "/p/project1/cesmtst/patakchiyousefi1/CODES-MS3/FORECASTLEAD/py_env_train.py", line 7, in <module>
    import func_train
  File "/p/project1/cesmtst/patakchiyousefi1/CODES-MS3/FORECASTLEAD/func_train.py", line 2
    ! pip install keras-unet-collection
    ^
SyntaxError: invalid syntax
srun: error: jwb0997: task 0: Exited with exit code 1
Traceback (most recent call last):
  File "/p/project1/cesmtst/patakchiyousefi1/CODES-MS3/FORECASTLEAD/DL_TRAIN.py", line 1, in <module>
    from py_env_train import *
  File "/p/project1/cesmtst/patakchiyousefi1/CODES-MS3/FORECASTLEAD/py_env_train.py", line 7, in <module>
    import func_train
  File "/p/project1/cesmtst/patakchiyousefi1/CODES-MS3/FORECASTLEAD/func_train.py", line 2
    ! pip install keras-unet-collection
    ^
SyntaxError: invalid syntax
srun: error: jwb0999: task 0: Exited with exit code 1
Traceback (most recent call last):
  File "/p/project1/cesmtst/patakchiyousefi1/CODES-MS3/FORECASTLEAD/DL_TRAIN.py", line 1, in <module>
    from py_env_train import *
  File "/p/project1/cesmtst/patakchiyousefi1/CODES-MS3/FORECASTLEAD/py_env_train.py", line 7, in <module>
    import func_train
  File "/p/project1/cesmtst/patakchiyousefi1/CODES-MS3/FORECASTLEAD/func_train.py", line 2
    ! pip install keras-unet-collection
    ^
SyntaxError: invalid syntax
Traceback (most recent call last):
  File "/p/project1/cesmtst/patakchiyousefi1/CODES-MS3/FORECASTLEAD/DL_TRAIN.py", line 1, in <module>
    from py_env_train import *
  File "/p/project1/cesmtst/patakchiyousefi1/CODES-MS3/FORECASTLEAD/py_env_train.py", line 7, in <module>
    import func_train
  File "/p/project1/cesmtst/patakchiyousefi1/CODES-MS3/FORECASTLEAD/func_train.py", line 2
    ! pip install keras-unet-collection
    ^
SyntaxError: invalid syntax
srun: error: jwb0711: task 0: Exited with exit code 1
srun: error: jwb0713: task 0: Exited with exit code 1
Traceback (most recent call last):
  File "/p/project1/cesmtst/patakchiyousefi1/CODES-MS3/FORECASTLEAD/DL_TRAIN.py", line 1, in <module>
    from py_env_train import *
  File "/p/project1/cesmtst/patakchiyousefi1/CODES-MS3/FORECASTLEAD/py_env_train.py", line 7, in <module>
    import func_train
  File "/p/project1/cesmtst/patakchiyousefi1/CODES-MS3/FORECASTLEAD/func_train.py", line 2
    ! pip install keras-unet-collection
    ^
SyntaxError: invalid syntax
srun: error: jwb1001: task 0: Exited with exit code 1
Traceback (most recent call last):
  File "/p/project1/cesmtst/patakchiyousefi1/CODES-MS3/FORECASTLEAD/DL_TRAIN.py", line 1, in <module>
    from py_env_train import *
  File "/p/project1/cesmtst/patakchiyousefi1/CODES-MS3/FORECASTLEAD/py_env_train.py", line 7, in <module>
    import func_train
  File "/p/project1/cesmtst/patakchiyousefi1/CODES-MS3/FORECASTLEAD/func_train.py", line 2
    ! pip install keras-unet-collection
    ^
SyntaxError: invalid syntax
srun: error: jwb0732: task 0: Exited with exit code 1
Traceback (most recent call last):
  File "/p/project1/cesmtst/patakchiyousefi1/CODES-MS3/FORECASTLEAD/DL_TRAIN.py", line 1, in <module>
    from py_env_train import *
  File "/p/project1/cesmtst/patakchiyousefi1/CODES-MS3/FORECASTLEAD/py_env_train.py", line 7, in <module>
    import func_train
  File "/p/project1/cesmtst/patakchiyousefi1/CODES-MS3/FORECASTLEAD/func_train.py", line 2
    ! pip install keras-unet-collection
    ^
SyntaxError: invalid syntax
srun: error: jwb0994: task 0: Exited with exit code 1
Traceback (most recent call last):
  File "/p/project1/cesmtst/patakchiyousefi1/CODES-MS3/FORECASTLEAD/DL_TRAIN.py", line 1, in <module>
    from py_env_train import *
  File "/p/project1/cesmtst/patakchiyousefi1/CODES-MS3/FORECASTLEAD/py_env_train.py", line 7, in <module>
    import func_train
  File "/p/project1/cesmtst/patakchiyousefi1/CODES-MS3/FORECASTLEAD/func_train.py", line 2
    ! pip install keras-unet-collection
    ^
SyntaxError: invalid syntax
srun: error: jwb0995: task 0: Exited with exit code 1
Traceback (most recent call last):
  File "/p/project1/cesmtst/patakchiyousefi1/CODES-MS3/FORECASTLEAD/DL_TRAIN.py", line 1, in <module>
    from py_env_train import *
  File "/p/project1/cesmtst/patakchiyousefi1/CODES-MS3/FORECASTLEAD/py_env_train.py", line 7, in <module>
    import func_train
  File "/p/project1/cesmtst/patakchiyousefi1/CODES-MS3/FORECASTLEAD/func_train.py", line 2
    ! pip install keras-unet-collection
    ^
SyntaxError: invalid syntax
srun: error: jwb0996: task 0: Exited with exit code 1
Traceback (most recent call last):
  File "/p/project1/cesmtst/patakchiyousefi1/CODES-MS3/FORECASTLEAD/DL_TRAIN.py", line 1, in <module>
    from py_env_train import *
  File "/p/project1/cesmtst/patakchiyousefi1/CODES-MS3/FORECASTLEAD/py_env_train.py", line 7, in <module>
    import func_train
  File "/p/project1/cesmtst/patakchiyousefi1/CODES-MS3/FORECASTLEAD/func_train.py", line 2
    ! pip install keras-unet-collection
    ^
SyntaxError: invalid syntax
Traceback (most recent call last):
  File "/p/project1/cesmtst/patakchiyousefi1/CODES-MS3/FORECASTLEAD/DL_TRAIN.py", line 1, in <module>
srun: error: jwb0997: task 0: Exited with exit code 1
    from py_env_train import *
  File "/p/project1/cesmtst/patakchiyousefi1/CODES-MS3/FORECASTLEAD/py_env_train.py", line 7, in <module>
    import func_train
  File "/p/project1/cesmtst/patakchiyousefi1/CODES-MS3/FORECASTLEAD/func_train.py", line 2
    ! pip install keras-unet-collection
    ^
SyntaxError: invalid syntax
srun: error: jwb0999: task 0: Exited with exit code 1
Traceback (most recent call last):
  File "/p/project1/cesmtst/patakchiyousefi1/CODES-MS3/FORECASTLEAD/DL_TRAIN.py", line 1, in <module>
    from py_env_train import *
  File "/p/project1/cesmtst/patakchiyousefi1/CODES-MS3/FORECASTLEAD/py_env_train.py", line 7, in <module>
    import func_train
  File "/p/project1/cesmtst/patakchiyousefi1/CODES-MS3/FORECASTLEAD/func_train.py", line 2
    ! pip install keras-unet-collection
    ^
SyntaxError: invalid syntax
Traceback (most recent call last):
  File "/p/project1/cesmtst/patakchiyousefi1/CODES-MS3/FORECASTLEAD/DL_TRAIN.py", line 1, in <module>
    from py_env_train import *
  File "/p/project1/cesmtst/patakchiyousefi1/CODES-MS3/FORECASTLEAD/py_env_train.py", line 7, in <module>
    import func_train
  File "/p/project1/cesmtst/patakchiyousefi1/CODES-MS3/FORECASTLEAD/func_train.py", line 2
    ! pip install keras-unet-collection
    ^
SyntaxError: invalid syntax
srun: error: jwb0711: task 0: Exited with exit code 1
srun: error: jwb0713: task 0: Exited with exit code 1
Traceback (most recent call last):
  File "/p/project1/cesmtst/patakchiyousefi1/CODES-MS3/FORECASTLEAD/DL_TRAIN.py", line 1, in <module>
    from py_env_train import *
  File "/p/project1/cesmtst/patakchiyousefi1/CODES-MS3/FORECASTLEAD/py_env_train.py", line 7, in <module>
    import func_train
  File "/p/project1/cesmtst/patakchiyousefi1/CODES-MS3/FORECASTLEAD/func_train.py", line 2
    ! pip install keras-unet-collection
    ^
SyntaxError: invalid syntax
srun: error: jwb1001: task 0: Exited with exit code 1
Traceback (most recent call last):
  File "/p/project1/cesmtst/patakchiyousefi1/CODES-MS3/FORECASTLEAD/DL_TRAIN.py", line 1, in <module>
    from py_env_train import *
  File "/p/project1/cesmtst/patakchiyousefi1/CODES-MS3/FORECASTLEAD/py_env_train.py", line 7, in <module>
    import func_train
  File "/p/project1/cesmtst/patakchiyousefi1/CODES-MS3/FORECASTLEAD/func_train.py", line 2
    ! pip install keras-unet-collection
    ^
SyntaxError: invalid syntax
srun: error: jwb0732: task 0: Exited with exit code 1
Traceback (most recent call last):
  File "/p/project1/cesmtst/patakchiyousefi1/CODES-MS3/FORECASTLEAD/DL_TRAIN.py", line 1, in <module>
    from py_env_train import *
  File "/p/project1/cesmtst/patakchiyousefi1/CODES-MS3/FORECASTLEAD/py_env_train.py", line 7, in <module>
    import func_train
  File "/p/project1/cesmtst/patakchiyousefi1/CODES-MS3/FORECASTLEAD/func_train.py", line 2
    ! pip install keras-unet-collection
    ^
SyntaxError: invalid syntax
srun: error: jwb0994: task 0: Exited with exit code 1
Traceback (most recent call last):
  File "/p/project1/cesmtst/patakchiyousefi1/CODES-MS3/FORECASTLEAD/DL_TRAIN.py", line 1, in <module>
    from py_env_train import *
  File "/p/project1/cesmtst/patakchiyousefi1/CODES-MS3/FORECASTLEAD/py_env_train.py", line 7, in <module>
    import func_train
  File "/p/project1/cesmtst/patakchiyousefi1/CODES-MS3/FORECASTLEAD/func_train.py", line 2
    ! pip install keras-unet-collection
    ^
SyntaxError: invalid syntax
srun: error: jwb0995: task 0: Exited with exit code 1
Traceback (most recent call last):
  File "/p/project1/cesmtst/patakchiyousefi1/CODES-MS3/FORECASTLEAD/DL_TRAIN.py", line 1, in <module>
    from py_env_train import *
  File "/p/project1/cesmtst/patakchiyousefi1/CODES-MS3/FORECASTLEAD/py_env_train.py", line 7, in <module>
    import func_train
  File "/p/project1/cesmtst/patakchiyousefi1/CODES-MS3/FORECASTLEAD/func_train.py", line 2
    ! pip install keras-unet-collection
    ^
SyntaxError: invalid syntax
srun: error: jwb0996: task 0: Exited with exit code 1
Traceback (most recent call last):
  File "/p/project1/cesmtst/patakchiyousefi1/CODES-MS3/FORECASTLEAD/DL_TRAIN.py", line 1, in <module>
    from py_env_train import *
  File "/p/project1/cesmtst/patakchiyousefi1/CODES-MS3/FORECASTLEAD/py_env_train.py", line 7, in <module>
    import func_train
  File "/p/project1/cesmtst/patakchiyousefi1/CODES-MS3/FORECASTLEAD/func_train.py", line 2
    ! pip install keras-unet-collection
    ^
SyntaxError: invalid syntax
Traceback (most recent call last):
  File "/p/project1/cesmtst/patakchiyousefi1/CODES-MS3/FORECASTLEAD/DL_TRAIN.py", line 1, in <module>
srun: error: jwb0997: task 0: Exited with exit code 1
    from py_env_train import *
  File "/p/project1/cesmtst/patakchiyousefi1/CODES-MS3/FORECASTLEAD/py_env_train.py", line 7, in <module>
    import func_train
  File "/p/project1/cesmtst/patakchiyousefi1/CODES-MS3/FORECASTLEAD/func_train.py", line 2
    ! pip install keras-unet-collection
    ^
SyntaxError: invalid syntax
srun: error: jwb0999: task 0: Exited with exit code 1
Traceback (most recent call last):
  File "/p/project1/cesmtst/patakchiyousefi1/CODES-MS3/FORECASTLEAD/DL_TRAIN.py", line 1, in <module>
    from py_env_train import *
  File "/p/project1/cesmtst/patakchiyousefi1/CODES-MS3/FORECASTLEAD/py_env_train.py", line 7, in <module>
    import func_train
  File "/p/project1/cesmtst/patakchiyousefi1/CODES-MS3/FORECASTLEAD/func_train.py", line 2
    ! pip install keras-unet-collection
    ^
SyntaxError: invalid syntax
srun: error: jwb0711: task 0: Exited with exit code 1
Traceback (most recent call last):
  File "/p/project1/cesmtst/patakchiyousefi1/CODES-MS3/FORECASTLEAD/DL_TRAIN.py", line 1, in <module>
    from py_env_train import *
  File "/p/project1/cesmtst/patakchiyousefi1/CODES-MS3/FORECASTLEAD/py_env_train.py", line 7, in <module>
    import func_train
  File "/p/project1/cesmtst/patakchiyousefi1/CODES-MS3/FORECASTLEAD/func_train.py", line 2
    ! pip install keras-unet-collection
    ^
SyntaxError: invalid syntax
srun: error: jwb0713: task 0: Exited with exit code 1
