/var/spool/parastation/jobs/10128870: line 17: /p/project1/cesmtst/patakchiyousefi1/CODES-MS3/FORECASTSEAD/bashenv-train: No such file or directory
Traceback (most recent call last):
  File "/p/project1/cesmtst/patakchiyousefi1/CODES-MS3/FORECASTLEAD/DL_TRAIN.py", line 1, in <module>
    from py_env_train import *
  File "/p/project1/cesmtst/patakchiyousefi1/CODES-MS3/FORECASTLEAD/py_env_train.py", line 7, in <module>
    import func_train
  File "/p/project1/cesmtst/patakchiyousefi1/CODES-MS3/FORECASTLEAD/func_train.py", line 2
    ! pip install keras-unet-collection
    ^
SyntaxError: invalid syntax
srun: error: jwb0257: task 0: Exited with exit code 1
srun: Job 10128870 step creation temporarily disabled, retrying (Requested nodes are busy)
srun: Job 10128870 step creation temporarily disabled, retrying (Requested nodes are busy)
srun: Job 10128870 step creation temporarily disabled, retrying (Requested nodes are busy)
srun: Step created for job 10128870
Traceback (most recent call last):
  File "/p/project1/cesmtst/patakchiyousefi1/CODES-MS3/FORECASTLEAD/DL_TRAIN.py", line 1, in <module>
    from py_env_train import *
  File "/p/project1/cesmtst/patakchiyousefi1/CODES-MS3/FORECASTLEAD/py_env_train.py", line 7, in <module>
    import func_train
  File "/p/project1/cesmtst/patakchiyousefi1/CODES-MS3/FORECASTLEAD/func_train.py", line 2
    ! pip install keras-unet-collection
    ^
SyntaxError: invalid syntax
Traceback (most recent call last):
  File "/p/project1/cesmtst/patakchiyousefi1/CODES-MS3/FORECASTLEAD/DL_TRAIN.py", line 1, in <module>
    from py_env_train import *
  File "/p/project1/cesmtst/patakchiyousefi1/CODES-MS3/FORECASTLEAD/py_env_train.py", line 7, in <module>
    import func_train
  File "/p/project1/cesmtst/patakchiyousefi1/CODES-MS3/FORECASTLEAD/func_train.py", line 2
    ! pip install keras-unet-collection
    ^
SyntaxError: invalid syntax
srun: error: jwb0258: task 0: Exited with exit code 1
srun: Job 10128870 step creation still disabled, retrying (Requested nodes are busy)
srun: Job 10128870 step creation temporarily disabled, retrying (Requested nodes are busy)
srun: Job 10128870 step creation still disabled, retrying (Requested nodes are busy)
srun: Job 10128870 step creation temporarily disabled, retrying (Requested nodes are busy)
srun: Job 10128870 step creation temporarily disabled, retrying (Requested nodes are busy)
srun: Step created for job 10128870
srun: error: jwb0322: task 0: Exited with exit code 1
srun: Job 10128870 step creation still disabled, retrying (Requested nodes are busy)
srun: Job 10128870 step creation still disabled, retrying (Requested nodes are busy)
srun: Job 10128870 step creation still disabled, retrying (Requested nodes are busy)
srun: Job 10128870 step creation still disabled, retrying (Requested nodes are busy)
srun: Step created for job 10128870
Traceback (most recent call last):
  File "/p/project1/cesmtst/patakchiyousefi1/CODES-MS3/FORECASTLEAD/DL_TRAIN.py", line 1, in <module>
    from py_env_train import *
  File "/p/project1/cesmtst/patakchiyousefi1/CODES-MS3/FORECASTLEAD/py_env_train.py", line 7, in <module>
    import func_train
  File "/p/project1/cesmtst/patakchiyousefi1/CODES-MS3/FORECASTLEAD/func_train.py", line 2
    ! pip install keras-unet-collection
    ^
SyntaxError: invalid syntax
Traceback (most recent call last):
  File "/p/project1/cesmtst/patakchiyousefi1/CODES-MS3/FORECASTLEAD/DL_TRAIN.py", line 1, in <module>
    from py_env_train import *
  File "/p/project1/cesmtst/patakchiyousefi1/CODES-MS3/FORECASTLEAD/py_env_train.py", line 7, in <module>
    import func_train
  File "/p/project1/cesmtst/patakchiyousefi1/CODES-MS3/FORECASTLEAD/func_train.py", line 2
    ! pip install keras-unet-collection
    ^
SyntaxError: invalid syntax
srun: error: jwb0324: task 0: Exited with exit code 1
srun: Job 10128870 step creation still disabled, retrying (Requested nodes are busy)
srun: Job 10128870 step creation still disabled, retrying (Requested nodes are busy)
srun: Job 10128870 step creation temporarily disabled, retrying (Requested nodes are busy)
srun: Job 10128870 step creation still disabled, retrying (Requested nodes are busy)
srun: Job 10128870 step creation temporarily disabled, retrying (Requested nodes are busy)
srun: Step created for job 10128870
srun: error: jwb0325: task 0: Exited with exit code 1
srun: Job 10128870 step creation still disabled, retrying (Requested nodes are busy)
srun: Job 10128870 step creation still disabled, retrying (Requested nodes are busy)
srun: Job 10128870 step creation still disabled, retrying (Requested nodes are busy)
srun: Job 10128870 step creation temporarily disabled, retrying (Requested nodes are busy)
srun: Job 10128870 step creation still disabled, retrying (Requested nodes are busy)
srun: Step created for job 10128870
Traceback (most recent call last):
  File "/p/project1/cesmtst/patakchiyousefi1/CODES-MS3/FORECASTLEAD/DL_TRAIN.py", line 1, in <module>
    from py_env_train import *
  File "/p/project1/cesmtst/patakchiyousefi1/CODES-MS3/FORECASTLEAD/py_env_train.py", line 7, in <module>
    import func_train
  File "/p/project1/cesmtst/patakchiyousefi1/CODES-MS3/FORECASTLEAD/func_train.py", line 2
    ! pip install keras-unet-collection
    ^
SyntaxError: invalid syntax
Traceback (most recent call last):
  File "/p/project1/cesmtst/patakchiyousefi1/CODES-MS3/FORECASTLEAD/DL_TRAIN.py", line 1, in <module>
srun: error: jwb0329: task 0: Exited with exit code 1
srun: Job 10128870 step creation still disabled, retrying (Requested nodes are busy)
srun: Job 10128870 step creation still disabled, retrying (Requested nodes are busy)
srun: Job 10128870 step creation still disabled, retrying (Requested nodes are busy)
srun: Job 10128870 step creation still disabled, retrying (Requested nodes are busy)
srun: Job 10128870 step creation temporarily disabled, retrying (Requested nodes are busy)
srun: Step created for job 10128870
    from py_env_train import *
  File "/p/project1/cesmtst/patakchiyousefi1/CODES-MS3/FORECASTLEAD/py_env_train.py", line 7, in <module>
    import func_train
  File "/p/project1/cesmtst/patakchiyousefi1/CODES-MS3/FORECASTLEAD/func_train.py", line 2
    ! pip install keras-unet-collection
    ^
SyntaxError: invalid syntax
Traceback (most recent call last):
  File "/p/project1/cesmtst/patakchiyousefi1/CODES-MS3/FORECASTLEAD/DL_TRAIN.py", line 1, in <module>
Traceback (most recent call last):
  File "/p/project1/cesmtst/patakchiyousefi1/CODES-MS3/FORECASTLEAD/DL_TRAIN.py", line 1, in <module>
    from py_env_train import *
  File "/p/project1/cesmtst/patakchiyousefi1/CODES-MS3/FORECASTLEAD/py_env_train.py", line 7, in <module>
    import func_train
  File "/p/project1/cesmtst/patakchiyousefi1/CODES-MS3/FORECASTLEAD/func_train.py", line 2
    ! pip install keras-unet-collection
    ^
SyntaxError: invalid syntax
    from py_env_train import *
  File "/p/project1/cesmtst/patakchiyousefi1/CODES-MS3/FORECASTLEAD/py_env_train.py", line 7, in <module>
    import func_train
  File "/p/project1/cesmtst/patakchiyousefi1/CODES-MS3/FORECASTLEAD/func_train.py", line 2
    ! pip install keras-unet-collection
    ^
SyntaxError: invalid syntax
srun: error: jwb0328: task 0: Exited with exit code 1
srun: Job 10128870 step creation still disabled, retrying (Requested nodes are busy)
srun: Job 10128870 step creation still disabled, retrying (Requested nodes are busy)
srun: Job 10128870 step creation still disabled, retrying (Requested nodes are busy)
srun: Job 10128870 step creation still disabled, retrying (Requested nodes are busy)
srun: Job 10128870 step creation temporarily disabled, retrying (Requested nodes are busy)
srun: Step created for job 10128870
srun: error: jwb0257: task 0: Exited with exit code 1
srun: Job 10128870 step creation still disabled, retrying (Requested nodes are busy)
srun: Job 10128870 step creation still disabled, retrying (Requested nodes are busy)
srun: Job 10128870 step creation still disabled, retrying (Requested nodes are busy)
srun: Job 10128870 step creation still disabled, retrying (Requested nodes are busy)
srun: Job 10128870 step creation temporarily disabled, retrying (Requested nodes are busy)
srun: Step created for job 10128870
srun: error: jwb0330: task 0: Exited with exit code 1
srun: Job 10128870 step creation still disabled, retrying (Requested nodes are busy)
srun: Job 10128870 step creation still disabled, retrying (Requested nodes are busy)
srun: Job 10128870 step creation still disabled, retrying (Requested nodes are busy)
srun: Job 10128870 step creation still disabled, retrying (Requested nodes are busy)
srun: Step created for job 10128870
Traceback (most recent call last):
  File "/p/project1/cesmtst/patakchiyousefi1/CODES-MS3/FORECASTLEAD/DL_TRAIN.py", line 1, in <module>
Traceback (most recent call last):
  File "/p/project1/cesmtst/patakchiyousefi1/CODES-MS3/FORECASTLEAD/DL_TRAIN.py", line 1, in <module>
    from py_env_train import *
  File "/p/project1/cesmtst/patakchiyousefi1/CODES-MS3/FORECASTLEAD/py_env_train.py", line 7, in <module>
    import func_train
  File "/p/project1/cesmtst/patakchiyousefi1/CODES-MS3/FORECASTLEAD/func_train.py", line 2
    ! pip install keras-unet-collection
    ^
SyntaxError: invalid syntax
    from py_env_train import *
  File "/p/project1/cesmtst/patakchiyousefi1/CODES-MS3/FORECASTLEAD/py_env_train.py", line 7, in <module>
    import func_train
  File "/p/project1/cesmtst/patakchiyousefi1/CODES-MS3/FORECASTLEAD/func_train.py", line 2
    ! pip install keras-unet-collection
    ^
SyntaxError: invalid syntax
Traceback (most recent call last):
  File "/p/project1/cesmtst/patakchiyousefi1/CODES-MS3/FORECASTLEAD/DL_TRAIN.py", line 1, in <module>
    from py_env_train import *
  File "/p/project1/cesmtst/patakchiyousefi1/CODES-MS3/FORECASTLEAD/py_env_train.py", line 7, in <module>
    import func_train
  File "/p/project1/cesmtst/patakchiyousefi1/CODES-MS3/FORECASTLEAD/func_train.py", line 2
    ! pip install keras-unet-collection
    ^
SyntaxError: invalid syntax
srun: error: jwb0332: task 0: Exited with exit code 1
srun: Job 10128870 step creation still disabled, retrying (Requested nodes are busy)
srun: Job 10128870 step creation still disabled, retrying (Requested nodes are busy)
srun: Job 10128870 step creation temporarily disabled, retrying (Requested nodes are busy)
srun: Job 10128870 step creation temporarily disabled, retrying (Requested nodes are busy)
srun: Job 10128870 step creation still disabled, retrying (Requested nodes are busy)
srun: Step created for job 10128870
Traceback (most recent call last):
  File "/p/project1/cesmtst/patakchiyousefi1/CODES-MS3/FORECASTLEAD/DL_TRAIN.py", line 1, in <module>
srun: error: jwb0331: task 0: Exited with exit code 1
srun: Job 10128870 step creation still disabled, retrying (Requested nodes are busy)
srun: Job 10128870 step creation still disabled, retrying (Requested nodes are busy)
srun: Job 10128870 step creation still disabled, retrying (Requested nodes are busy)
srun: Job 10128870 step creation still disabled, retrying (Requested nodes are busy)
srun: Step created for job 10128870
    from py_env_train import *
  File "/p/project1/cesmtst/patakchiyousefi1/CODES-MS3/FORECASTLEAD/py_env_train.py", line 7, in <module>
    import func_train
  File "/p/project1/cesmtst/patakchiyousefi1/CODES-MS3/FORECASTLEAD/func_train.py", line 2
    ! pip install keras-unet-collection
    ^
SyntaxError: invalid syntax
srun: error: jwb0258: task 0: Exited with exit code 1
srun: Job 10128870 step creation still disabled, retrying (Requested nodes are busy)
srun: Job 10128870 step creation still disabled, retrying (Requested nodes are busy)
srun: Job 10128870 step creation still disabled, retrying (Requested nodes are busy)
srun: Step created for job 10128870
Traceback (most recent call last):
  File "/p/project1/cesmtst/patakchiyousefi1/CODES-MS3/FORECASTLEAD/DL_TRAIN.py", line 1, in <module>
    from py_env_train import *
  File "/p/project1/cesmtst/patakchiyousefi1/CODES-MS3/FORECASTLEAD/py_env_train.py", line 7, in <module>
    import func_train
  File "/p/project1/cesmtst/patakchiyousefi1/CODES-MS3/FORECASTLEAD/func_train.py", line 2
    ! pip install keras-unet-collection
    ^
SyntaxError: invalid syntax
Traceback (most recent call last):
  File "/p/project1/cesmtst/patakchiyousefi1/CODES-MS3/FORECASTLEAD/DL_TRAIN.py", line 1, in <module>
srun: error: jwb0341: task 0: Exited with exit code 1
srun: Job 10128870 step creation still disabled, retrying (Requested nodes are busy)
srun: Job 10128870 step creation still disabled, retrying (Requested nodes are busy)
srun: Job 10128870 step creation temporarily disabled, retrying (Requested nodes are busy)
srun: Step created for job 10128870
    from py_env_train import *
  File "/p/project1/cesmtst/patakchiyousefi1/CODES-MS3/FORECASTLEAD/py_env_train.py", line 7, in <module>
    import func_train
  File "/p/project1/cesmtst/patakchiyousefi1/CODES-MS3/FORECASTLEAD/func_train.py", line 2
    ! pip install keras-unet-collection
    ^
SyntaxError: invalid syntax
srun: error: jwb0322: task 0: Exited with exit code 1
srun: Job 10128870 step creation still disabled, retrying (Requested nodes are busy)
srun: Job 10128870 step creation still disabled, retrying (Requested nodes are busy)
srun: Step created for job 10128870
srun: error: jwb0344: task 0: Exited with exit code 1
srun: Job 10128870 step creation still disabled, retrying (Requested nodes are busy)
srun: Job 10128870 step creation temporarily disabled, retrying (Requested nodes are busy)
srun: Step created for job 10128870
Traceback (most recent call last):
  File "/p/project1/cesmtst/patakchiyousefi1/CODES-MS3/FORECASTLEAD/DL_TRAIN.py", line 1, in <module>
Traceback (most recent call last):
  File "/p/project1/cesmtst/patakchiyousefi1/CODES-MS3/FORECASTLEAD/DL_TRAIN.py", line 1, in <module>
    from py_env_train import *
  File "/p/project1/cesmtst/patakchiyousefi1/CODES-MS3/FORECASTLEAD/py_env_train.py", line 7, in <module>
    import func_train
  File "/p/project1/cesmtst/patakchiyousefi1/CODES-MS3/FORECASTLEAD/func_train.py", line 2
    ! pip install keras-unet-collection
    ^
SyntaxError: invalid syntax
    from py_env_train import *
  File "/p/project1/cesmtst/patakchiyousefi1/CODES-MS3/FORECASTLEAD/py_env_train.py", line 7, in <module>
    import func_train
  File "/p/project1/cesmtst/patakchiyousefi1/CODES-MS3/FORECASTLEAD/func_train.py", line 2
    ! pip install keras-unet-collection
    ^
SyntaxError: invalid syntax
Traceback (most recent call last):
  File "/p/project1/cesmtst/patakchiyousefi1/CODES-MS3/FORECASTLEAD/DL_TRAIN.py", line 1, in <module>
    from py_env_train import *
  File "/p/project1/cesmtst/patakchiyousefi1/CODES-MS3/FORECASTLEAD/py_env_train.py", line 7, in <module>
    import func_train
  File "/p/project1/cesmtst/patakchiyousefi1/CODES-MS3/FORECASTLEAD/func_train.py", line 2
    ! pip install keras-unet-collection
    ^
SyntaxError: invalid syntax
Traceback (most recent call last):
  File "/p/project1/cesmtst/patakchiyousefi1/CODES-MS3/FORECASTLEAD/DL_TRAIN.py", line 1, in <module>
Traceback (most recent call last):
  File "/p/project1/cesmtst/patakchiyousefi1/CODES-MS3/FORECASTLEAD/DL_TRAIN.py", line 1, in <module>
    from py_env_train import *
  File "/p/project1/cesmtst/patakchiyousefi1/CODES-MS3/FORECASTLEAD/py_env_train.py", line 7, in <module>
    import func_train
  File "/p/project1/cesmtst/patakchiyousefi1/CODES-MS3/FORECASTLEAD/func_train.py", line 2
    ! pip install keras-unet-collection
    ^
SyntaxError: invalid syntax
    from py_env_train import *
  File "/p/project1/cesmtst/patakchiyousefi1/CODES-MS3/FORECASTLEAD/py_env_train.py", line 7, in <module>
    import func_train
  File "/p/project1/cesmtst/patakchiyousefi1/CODES-MS3/FORECASTLEAD/func_train.py", line 2
    ! pip install keras-unet-collection
    ^
SyntaxError: invalid syntax
srun: error: jwb0324: task 0: Exited with exit code 1
srun: Job 10128870 step creation still disabled, retrying (Requested nodes are busy)
srun: Job 10128870 step creation temporarily disabled, retrying (Requested nodes are busy)
srun: Step created for job 10128870
srun: error: jwb0346: task 0: Exited with exit code 1
srun: Job 10128870 step creation still disabled, retrying (Requested nodes are busy)
srun: Step created for job 10128870
srun: error: jwb0325: task 0: Exited with exit code 1
srun: error: jwb0348: task 0: Exited with exit code 1
srun: error: jwb0349: task 0: Exited with exit code 1
Traceback (most recent call last):
  File "/p/project1/cesmtst/patakchiyousefi1/CODES-MS3/FORECASTLEAD/DL_TRAIN.py", line 1, in <module>
    from py_env_train import *
  File "/p/project1/cesmtst/patakchiyousefi1/CODES-MS3/FORECASTLEAD/py_env_train.py", line 7, in <module>
    import func_train
  File "/p/project1/cesmtst/patakchiyousefi1/CODES-MS3/FORECASTLEAD/func_train.py", line 2
    ! pip install keras-unet-collection
    ^
SyntaxError: invalid syntax
Traceback (most recent call last):
  File "/p/project1/cesmtst/patakchiyousefi1/CODES-MS3/FORECASTLEAD/DL_TRAIN.py", line 1, in <module>
    from py_env_train import *
  File "/p/project1/cesmtst/patakchiyousefi1/CODES-MS3/FORECASTLEAD/py_env_train.py", line 7, in <module>
    import func_train
  File "/p/project1/cesmtst/patakchiyousefi1/CODES-MS3/FORECASTLEAD/func_train.py", line 2
    ! pip install keras-unet-collection
    ^
SyntaxError: invalid syntax
srun: error: jwb0329: task 0: Exited with exit code 1
Traceback (most recent call last):
  File "/p/project1/cesmtst/patakchiyousefi1/CODES-MS3/FORECASTLEAD/DL_TRAIN.py", line 1, in <module>
    from py_env_train import *
  File "/p/project1/cesmtst/patakchiyousefi1/CODES-MS3/FORECASTLEAD/py_env_train.py", line 7, in <module>
    import func_train
  File "/p/project1/cesmtst/patakchiyousefi1/CODES-MS3/FORECASTLEAD/func_train.py", line 2
    ! pip install keras-unet-collection
    ^
SyntaxError: invalid syntax
srun: error: jwb0352: task 0: Exited with exit code 1
Traceback (most recent call last):
  File "/p/project1/cesmtst/patakchiyousefi1/CODES-MS3/FORECASTLEAD/DL_TRAIN.py", line 1, in <module>
Traceback (most recent call last):
  File "/p/project1/cesmtst/patakchiyousefi1/CODES-MS3/FORECASTLEAD/DL_TRAIN.py", line 1, in <module>
    from py_env_train import *
  File "/p/project1/cesmtst/patakchiyousefi1/CODES-MS3/FORECASTLEAD/py_env_train.py", line 7, in <module>
    import func_train
  File "/p/project1/cesmtst/patakchiyousefi1/CODES-MS3/FORECASTLEAD/func_train.py", line 2
    ! pip install keras-unet-collection
    ^
SyntaxError: invalid syntax
    from py_env_train import *
  File "/p/project1/cesmtst/patakchiyousefi1/CODES-MS3/FORECASTLEAD/py_env_train.py", line 7, in <module>
    import func_train
  File "/p/project1/cesmtst/patakchiyousefi1/CODES-MS3/FORECASTLEAD/func_train.py", line 2
    ! pip install keras-unet-collection
    ^
SyntaxError: invalid syntax
srun: error: jwb0328: task 0: Exited with exit code 1
srun: error: jwb0330: task 0: Exited with exit code 1
srun: error: jwb0257: task 0: Exited with exit code 1
Traceback (most recent call last):
  File "/p/project1/cesmtst/patakchiyousefi1/CODES-MS3/FORECASTLEAD/DL_TRAIN.py", line 1, in <module>
    from py_env_train import *
  File "/p/project1/cesmtst/patakchiyousefi1/CODES-MS3/FORECASTLEAD/py_env_train.py", line 7, in <module>
    import func_train
  File "/p/project1/cesmtst/patakchiyousefi1/CODES-MS3/FORECASTLEAD/func_train.py", line 2
    ! pip install keras-unet-collection
    ^
SyntaxError: invalid syntax
Traceback (most recent call last):
  File "/p/project1/cesmtst/patakchiyousefi1/CODES-MS3/FORECASTLEAD/DL_TRAIN.py", line 1, in <module>
    from py_env_train import *
  File "/p/project1/cesmtst/patakchiyousefi1/CODES-MS3/FORECASTLEAD/py_env_train.py", line 7, in <module>
    import func_train
  File "/p/project1/cesmtst/patakchiyousefi1/CODES-MS3/FORECASTLEAD/func_train.py", line 2
    ! pip install keras-unet-collection
    ^
SyntaxError: invalid syntax
Traceback (most recent call last):
  File "/p/project1/cesmtst/patakchiyousefi1/CODES-MS3/FORECASTLEAD/DL_TRAIN.py", line 1, in <module>
    from py_env_train import *
  File "/p/project1/cesmtst/patakchiyousefi1/CODES-MS3/FORECASTLEAD/py_env_train.py", line 7, in <module>
    import func_train
  File "/p/project1/cesmtst/patakchiyousefi1/CODES-MS3/FORECASTLEAD/func_train.py", line 2
    ! pip install keras-unet-collection
    ^
SyntaxError: invalid syntax
srun: error: jwb0332: task 0: Exited with exit code 1
srun: error: jwb0331: task 0: Exited with exit code 1
Traceback (most recent call last):
  File "/p/project1/cesmtst/patakchiyousefi1/CODES-MS3/FORECASTLEAD/DL_TRAIN.py", line 1, in <module>
srun: error: jwb0258: task 0: Exited with exit code 1
    from py_env_train import *
  File "/p/project1/cesmtst/patakchiyousefi1/CODES-MS3/FORECASTLEAD/py_env_train.py", line 7, in <module>
    import func_train
  File "/p/project1/cesmtst/patakchiyousefi1/CODES-MS3/FORECASTLEAD/func_train.py", line 2
    ! pip install keras-unet-collection
    ^
SyntaxError: invalid syntax
Traceback (most recent call last):
  File "/p/project1/cesmtst/patakchiyousefi1/CODES-MS3/FORECASTLEAD/DL_TRAIN.py", line 1, in <module>
    from py_env_train import *
  File "/p/project1/cesmtst/patakchiyousefi1/CODES-MS3/FORECASTLEAD/py_env_train.py", line 7, in <module>
    import func_train
  File "/p/project1/cesmtst/patakchiyousefi1/CODES-MS3/FORECASTLEAD/func_train.py", line 2
    ! pip install keras-unet-collection
    ^
SyntaxError: invalid syntax
srun: error: jwb0341: task 0: Exited with exit code 1
Traceback (most recent call last):
  File "/p/project1/cesmtst/patakchiyousefi1/CODES-MS3/FORECASTLEAD/DL_TRAIN.py", line 1, in <module>
    from py_env_train import *
  File "/p/project1/cesmtst/patakchiyousefi1/CODES-MS3/FORECASTLEAD/py_env_train.py", line 7, in <module>
    import func_train
  File "/p/project1/cesmtst/patakchiyousefi1/CODES-MS3/FORECASTLEAD/func_train.py", line 2
    ! pip install keras-unet-collection
    ^
SyntaxError: invalid syntax
srun: error: jwb0322: task 0: Exited with exit code 1
srun: error: jwb0344: task 0: Exited with exit code 1
Traceback (most recent call last):
  File "/p/project1/cesmtst/patakchiyousefi1/CODES-MS3/FORECASTLEAD/DL_TRAIN.py", line 1, in <module>
    from py_env_train import *
  File "/p/project1/cesmtst/patakchiyousefi1/CODES-MS3/FORECASTLEAD/py_env_train.py", line 7, in <module>
    import func_train
  File "/p/project1/cesmtst/patakchiyousefi1/CODES-MS3/FORECASTLEAD/func_train.py", line 2
    ! pip install keras-unet-collection
    ^
SyntaxError: invalid syntax
Traceback (most recent call last):
  File "/p/project1/cesmtst/patakchiyousefi1/CODES-MS3/FORECASTLEAD/DL_TRAIN.py", line 1, in <module>
    from py_env_train import *
  File "/p/project1/cesmtst/patakchiyousefi1/CODES-MS3/FORECASTLEAD/py_env_train.py", line 7, in <module>
    import func_train
  File "/p/project1/cesmtst/patakchiyousefi1/CODES-MS3/FORECASTLEAD/func_train.py", line 2
    ! pip install keras-unet-collection
    ^
SyntaxError: invalid syntax
Traceback (most recent call last):
  File "/p/project1/cesmtst/patakchiyousefi1/CODES-MS3/FORECASTLEAD/DL_TRAIN.py", line 1, in <module>
    from py_env_train import *
  File "/p/project1/cesmtst/patakchiyousefi1/CODES-MS3/FORECASTLEAD/py_env_train.py", line 7, in <module>
    import func_train
  File "/p/project1/cesmtst/patakchiyousefi1/CODES-MS3/FORECASTLEAD/func_train.py", line 2
    ! pip install keras-unet-collection
    ^
SyntaxError: invalid syntax
srun: error: jwb0324: task 0: Exited with exit code 1
srun: error: jwb0346: task 0: Exited with exit code 1
srun: error: jwb0325: task 0: Exited with exit code 1
Traceback (most recent call last):
  File "/p/project1/cesmtst/patakchiyousefi1/CODES-MS3/FORECASTLEAD/DL_TRAIN.py", line 1, in <module>
    from py_env_train import *
  File "/p/project1/cesmtst/patakchiyousefi1/CODES-MS3/FORECASTLEAD/py_env_train.py", line 7, in <module>
    import func_train
  File "/p/project1/cesmtst/patakchiyousefi1/CODES-MS3/FORECASTLEAD/func_train.py", line 2
    ! pip install keras-unet-collection
    ^
SyntaxError: invalid syntax
srun: error: jwb0348: task 0: Exited with exit code 1
Traceback (most recent call last):
  File "/p/project1/cesmtst/patakchiyousefi1/CODES-MS3/FORECASTLEAD/DL_TRAIN.py", line 1, in <module>
    from py_env_train import *
  File "/p/project1/cesmtst/patakchiyousefi1/CODES-MS3/FORECASTLEAD/py_env_train.py", line 7, in <module>
    import func_train
  File "/p/project1/cesmtst/patakchiyousefi1/CODES-MS3/FORECASTLEAD/func_train.py", line 2
    ! pip install keras-unet-collection
    ^
SyntaxError: invalid syntax
srun: error: jwb0329: task 0: Exited with exit code 1
Traceback (most recent call last):
  File "/p/project1/cesmtst/patakchiyousefi1/CODES-MS3/FORECASTLEAD/DL_TRAIN.py", line 1, in <module>
    from py_env_train import *
  File "/p/project1/cesmtst/patakchiyousefi1/CODES-MS3/FORECASTLEAD/py_env_train.py", line 7, in <module>
    import func_train
  File "/p/project1/cesmtst/patakchiyousefi1/CODES-MS3/FORECASTLEAD/func_train.py", line 2
    ! pip install keras-unet-collection
    ^
SyntaxError: invalid syntax
srun: error: jwb0328: task 0: Exited with exit code 1
Traceback (most recent call last):
  File "/p/project1/cesmtst/patakchiyousefi1/CODES-MS3/FORECASTLEAD/DL_TRAIN.py", line 1, in <module>
    from py_env_train import *
  File "/p/project1/cesmtst/patakchiyousefi1/CODES-MS3/FORECASTLEAD/py_env_train.py", line 7, in <module>
    import func_train
  File "/p/project1/cesmtst/patakchiyousefi1/CODES-MS3/FORECASTLEAD/func_train.py", line 2
    ! pip install keras-unet-collection
    ^
SyntaxError: invalid syntax
Traceback (most recent call last):
  File "/p/project1/cesmtst/patakchiyousefi1/CODES-MS3/FORECASTLEAD/DL_TRAIN.py", line 1, in <module>
srun: error: jwb0257: task 0: Exited with exit code 1
    from py_env_train import *
  File "/p/project1/cesmtst/patakchiyousefi1/CODES-MS3/FORECASTLEAD/py_env_train.py", line 7, in <module>
    import func_train
  File "/p/project1/cesmtst/patakchiyousefi1/CODES-MS3/FORECASTLEAD/func_train.py", line 2
    ! pip install keras-unet-collection
    ^
SyntaxError: invalid syntax
srun: error: jwb0258: task 0: Exited with exit code 1
Traceback (most recent call last):
  File "/p/project1/cesmtst/patakchiyousefi1/CODES-MS3/FORECASTLEAD/DL_TRAIN.py", line 1, in <module>
    from py_env_train import *
  File "/p/project1/cesmtst/patakchiyousefi1/CODES-MS3/FORECASTLEAD/py_env_train.py", line 7, in <module>
    import func_train
  File "/p/project1/cesmtst/patakchiyousefi1/CODES-MS3/FORECASTLEAD/func_train.py", line 2
    ! pip install keras-unet-collection
    ^
SyntaxError: invalid syntax
srun: error: jwb0322: task 0: Exited with exit code 1
Traceback (most recent call last):
  File "/p/project1/cesmtst/patakchiyousefi1/CODES-MS3/FORECASTLEAD/DL_TRAIN.py", line 1, in <module>
    from py_env_train import *
  File "/p/project1/cesmtst/patakchiyousefi1/CODES-MS3/FORECASTLEAD/py_env_train.py", line 7, in <module>
    import func_train
  File "/p/project1/cesmtst/patakchiyousefi1/CODES-MS3/FORECASTLEAD/func_train.py", line 2
    ! pip install keras-unet-collection
    ^
SyntaxError: invalid syntax
srun: error: jwb0330: task 0: Exited with exit code 1
Traceback (most recent call last):
  File "/p/project1/cesmtst/patakchiyousefi1/CODES-MS3/FORECASTLEAD/DL_TRAIN.py", line 1, in <module>
    from py_env_train import *
  File "/p/project1/cesmtst/patakchiyousefi1/CODES-MS3/FORECASTLEAD/py_env_train.py", line 7, in <module>
    import func_train
  File "/p/project1/cesmtst/patakchiyousefi1/CODES-MS3/FORECASTLEAD/func_train.py", line 2
    ! pip install keras-unet-collection
    ^
SyntaxError: invalid syntax
srun: error: jwb0324: task 0: Exited with exit code 1
Traceback (most recent call last):
  File "/p/project1/cesmtst/patakchiyousefi1/CODES-MS3/FORECASTLEAD/DL_TRAIN.py", line 1, in <module>
    from py_env_train import *
  File "/p/project1/cesmtst/patakchiyousefi1/CODES-MS3/FORECASTLEAD/py_env_train.py", line 7, in <module>
    import func_train
  File "/p/project1/cesmtst/patakchiyousefi1/CODES-MS3/FORECASTLEAD/func_train.py", line 2
    ! pip install keras-unet-collection
    ^
SyntaxError: invalid syntax
srun: error: jwb0325: task 0: Exited with exit code 1
Traceback (most recent call last):
  File "/p/project1/cesmtst/patakchiyousefi1/CODES-MS3/FORECASTLEAD/DL_TRAIN.py", line 1, in <module>
    from py_env_train import *
  File "/p/project1/cesmtst/patakchiyousefi1/CODES-MS3/FORECASTLEAD/py_env_train.py", line 7, in <module>
    import func_train
  File "/p/project1/cesmtst/patakchiyousefi1/CODES-MS3/FORECASTLEAD/func_train.py", line 2
    ! pip install keras-unet-collection
    ^
SyntaxError: invalid syntax
srun: error: jwb0331: task 0: Exited with exit code 1
Traceback (most recent call last):
  File "/p/project1/cesmtst/patakchiyousefi1/CODES-MS3/FORECASTLEAD/DL_TRAIN.py", line 1, in <module>
    from py_env_train import *
  File "/p/project1/cesmtst/patakchiyousefi1/CODES-MS3/FORECASTLEAD/py_env_train.py", line 7, in <module>
    import func_train
  File "/p/project1/cesmtst/patakchiyousefi1/CODES-MS3/FORECASTLEAD/func_train.py", line 2
    ! pip install keras-unet-collection
    ^
SyntaxError: invalid syntax
srun: error: jwb0329: task 0: Exited with exit code 1
Traceback (most recent call last):
  File "/p/project1/cesmtst/patakchiyousefi1/CODES-MS3/FORECASTLEAD/DL_TRAIN.py", line 1, in <module>
    from py_env_train import *
  File "/p/project1/cesmtst/patakchiyousefi1/CODES-MS3/FORECASTLEAD/py_env_train.py", line 7, in <module>
    import func_train
  File "/p/project1/cesmtst/patakchiyousefi1/CODES-MS3/FORECASTLEAD/func_train.py", line 2
    ! pip install keras-unet-collection
    ^
SyntaxError: invalid syntax
srun: error: jwb0328: task 0: Exited with exit code 1
Traceback (most recent call last):
  File "/p/project1/cesmtst/patakchiyousefi1/CODES-MS3/FORECASTLEAD/DL_TRAIN.py", line 1, in <module>
    from py_env_train import *
  File "/p/project1/cesmtst/patakchiyousefi1/CODES-MS3/FORECASTLEAD/py_env_train.py", line 7, in <module>
    import func_train
  File "/p/project1/cesmtst/patakchiyousefi1/CODES-MS3/FORECASTLEAD/func_train.py", line 2
    ! pip install keras-unet-collection
    ^
SyntaxError: invalid syntax
srun: error: jwb0257: task 0: Exited with exit code 1
Traceback (most recent call last):
  File "/p/project1/cesmtst/patakchiyousefi1/CODES-MS3/FORECASTLEAD/DL_TRAIN.py", line 1, in <module>
    from py_env_train import *
  File "/p/project1/cesmtst/patakchiyousefi1/CODES-MS3/FORECASTLEAD/py_env_train.py", line 7, in <module>
    import func_train
  File "/p/project1/cesmtst/patakchiyousefi1/CODES-MS3/FORECASTLEAD/func_train.py", line 2
    ! pip install keras-unet-collection
    ^
SyntaxError: invalid syntax
srun: error: jwb0258: task 0: Exited with exit code 1
Traceback (most recent call last):
  File "/p/project1/cesmtst/patakchiyousefi1/CODES-MS3/FORECASTLEAD/DL_TRAIN.py", line 1, in <module>
    from py_env_train import *
  File "/p/project1/cesmtst/patakchiyousefi1/CODES-MS3/FORECASTLEAD/py_env_train.py", line 7, in <module>
    import func_train
  File "/p/project1/cesmtst/patakchiyousefi1/CODES-MS3/FORECASTLEAD/func_train.py", line 2
    ! pip install keras-unet-collection
    ^
SyntaxError: invalid syntax
srun: error: jwb0322: task 0: Exited with exit code 1
Traceback (most recent call last):
  File "/p/project1/cesmtst/patakchiyousefi1/CODES-MS3/FORECASTLEAD/DL_TRAIN.py", line 1, in <module>
    from py_env_train import *
  File "/p/project1/cesmtst/patakchiyousefi1/CODES-MS3/FORECASTLEAD/py_env_train.py", line 7, in <module>
    import func_train
  File "/p/project1/cesmtst/patakchiyousefi1/CODES-MS3/FORECASTLEAD/func_train.py", line 2
    ! pip install keras-unet-collection
    ^
SyntaxError: invalid syntax
srun: error: jwb0330: task 0: Exited with exit code 1
Traceback (most recent call last):
  File "/p/project1/cesmtst/patakchiyousefi1/CODES-MS3/FORECASTLEAD/DL_TRAIN.py", line 1, in <module>
    from py_env_train import *
  File "/p/project1/cesmtst/patakchiyousefi1/CODES-MS3/FORECASTLEAD/py_env_train.py", line 7, in <module>
    import func_train
  File "/p/project1/cesmtst/patakchiyousefi1/CODES-MS3/FORECASTLEAD/func_train.py", line 2
    ! pip install keras-unet-collection
    ^
SyntaxError: invalid syntax
srun: error: jwb0324: task 0: Exited with exit code 1
Traceback (most recent call last):
  File "/p/project1/cesmtst/patakchiyousefi1/CODES-MS3/FORECASTLEAD/DL_TRAIN.py", line 1, in <module>
    from py_env_train import *
  File "/p/project1/cesmtst/patakchiyousefi1/CODES-MS3/FORECASTLEAD/py_env_train.py", line 7, in <module>
    import func_train
  File "/p/project1/cesmtst/patakchiyousefi1/CODES-MS3/FORECASTLEAD/func_train.py", line 2
    ! pip install keras-unet-collection
    ^
SyntaxError: invalid syntax
srun: error: jwb0325: task 0: Exited with exit code 1
Traceback (most recent call last):
  File "/p/project1/cesmtst/patakchiyousefi1/CODES-MS3/FORECASTLEAD/DL_TRAIN.py", line 1, in <module>
    from py_env_train import *
  File "/p/project1/cesmtst/patakchiyousefi1/CODES-MS3/FORECASTLEAD/py_env_train.py", line 7, in <module>
    import func_train
  File "/p/project1/cesmtst/patakchiyousefi1/CODES-MS3/FORECASTLEAD/func_train.py", line 2
    ! pip install keras-unet-collection
    ^
SyntaxError: invalid syntax
srun: error: jwb0331: task 0: Exited with exit code 1
Traceback (most recent call last):
  File "/p/project1/cesmtst/patakchiyousefi1/CODES-MS3/FORECASTLEAD/DL_TRAIN.py", line 1, in <module>
    from py_env_train import *
  File "/p/project1/cesmtst/patakchiyousefi1/CODES-MS3/FORECASTLEAD/py_env_train.py", line 7, in <module>
    import func_train
  File "/p/project1/cesmtst/patakchiyousefi1/CODES-MS3/FORECASTLEAD/func_train.py", line 2
    ! pip install keras-unet-collection
    ^
SyntaxError: invalid syntax
srun: error: jwb0329: task 0: Exited with exit code 1
Traceback (most recent call last):
  File "/p/project1/cesmtst/patakchiyousefi1/CODES-MS3/FORECASTLEAD/DL_TRAIN.py", line 1, in <module>
    from py_env_train import *
  File "/p/project1/cesmtst/patakchiyousefi1/CODES-MS3/FORECASTLEAD/py_env_train.py", line 7, in <module>
    import func_train
  File "/p/project1/cesmtst/patakchiyousefi1/CODES-MS3/FORECASTLEAD/func_train.py", line 2
    ! pip install keras-unet-collection
    ^
SyntaxError: invalid syntax
srun: error: jwb0328: task 0: Exited with exit code 1
Traceback (most recent call last):
  File "/p/project1/cesmtst/patakchiyousefi1/CODES-MS3/FORECASTLEAD/DL_TRAIN.py", line 1, in <module>
    from py_env_train import *
  File "/p/project1/cesmtst/patakchiyousefi1/CODES-MS3/FORECASTLEAD/py_env_train.py", line 7, in <module>
    import func_train
  File "/p/project1/cesmtst/patakchiyousefi1/CODES-MS3/FORECASTLEAD/func_train.py", line 2
    ! pip install keras-unet-collection
    ^
SyntaxError: invalid syntax
Traceback (most recent call last):
  File "/p/project1/cesmtst/patakchiyousefi1/CODES-MS3/FORECASTLEAD/DL_TRAIN.py", line 1, in <module>
    from py_env_train import *
  File "/p/project1/cesmtst/patakchiyousefi1/CODES-MS3/FORECASTLEAD/py_env_train.py", line 7, in <module>
    import func_train
  File "/p/project1/cesmtst/patakchiyousefi1/CODES-MS3/FORECASTLEAD/func_train.py", line 2
    ! pip install keras-unet-collection
    ^
SyntaxError: invalid syntax
srun: error: jwb0257: task 0: Exited with exit code 1
srun: error: jwb0258: task 0: Exited with exit code 1
Traceback (most recent call last):
  File "/p/project1/cesmtst/patakchiyousefi1/CODES-MS3/FORECASTLEAD/DL_TRAIN.py", line 1, in <module>
    from py_env_train import *
  File "/p/project1/cesmtst/patakchiyousefi1/CODES-MS3/FORECASTLEAD/py_env_train.py", line 7, in <module>
    import func_train
  File "/p/project1/cesmtst/patakchiyousefi1/CODES-MS3/FORECASTLEAD/func_train.py", line 2
    ! pip install keras-unet-collection
    ^
SyntaxError: invalid syntax
srun: error: jwb0322: task 0: Exited with exit code 1
Traceback (most recent call last):
  File "/p/project1/cesmtst/patakchiyousefi1/CODES-MS3/FORECASTLEAD/DL_TRAIN.py", line 1, in <module>
    from py_env_train import *
  File "/p/project1/cesmtst/patakchiyousefi1/CODES-MS3/FORECASTLEAD/py_env_train.py", line 7, in <module>
    import func_train
  File "/p/project1/cesmtst/patakchiyousefi1/CODES-MS3/FORECASTLEAD/func_train.py", line 2
    ! pip install keras-unet-collection
    ^
SyntaxError: invalid syntax
srun: error: jwb0330: task 0: Exited with exit code 1
Traceback (most recent call last):
  File "/p/project1/cesmtst/patakchiyousefi1/CODES-MS3/FORECASTLEAD/DL_TRAIN.py", line 1, in <module>
    from py_env_train import *
  File "/p/project1/cesmtst/patakchiyousefi1/CODES-MS3/FORECASTLEAD/py_env_train.py", line 7, in <module>
    import func_train
  File "/p/project1/cesmtst/patakchiyousefi1/CODES-MS3/FORECASTLEAD/func_train.py", line 2
    ! pip install keras-unet-collection
    ^
SyntaxError: invalid syntax
srun: error: jwb0324: task 0: Exited with exit code 1
Traceback (most recent call last):
  File "/p/project1/cesmtst/patakchiyousefi1/CODES-MS3/FORECASTLEAD/DL_TRAIN.py", line 1, in <module>
    from py_env_train import *
  File "/p/project1/cesmtst/patakchiyousefi1/CODES-MS3/FORECASTLEAD/py_env_train.py", line 7, in <module>
    import func_train
  File "/p/project1/cesmtst/patakchiyousefi1/CODES-MS3/FORECASTLEAD/func_train.py", line 2
    ! pip install keras-unet-collection
    ^
SyntaxError: invalid syntax
srun: error: jwb0325: task 0: Exited with exit code 1
Traceback (most recent call last):
  File "/p/project1/cesmtst/patakchiyousefi1/CODES-MS3/FORECASTLEAD/DL_TRAIN.py", line 1, in <module>
    from py_env_train import *
  File "/p/project1/cesmtst/patakchiyousefi1/CODES-MS3/FORECASTLEAD/py_env_train.py", line 7, in <module>
    import func_train
  File "/p/project1/cesmtst/patakchiyousefi1/CODES-MS3/FORECASTLEAD/func_train.py", line 2
    ! pip install keras-unet-collection
    ^
SyntaxError: invalid syntax
srun: error: jwb0331: task 0: Exited with exit code 1
Traceback (most recent call last):
  File "/p/project1/cesmtst/patakchiyousefi1/CODES-MS3/FORECASTLEAD/DL_TRAIN.py", line 1, in <module>
    from py_env_train import *
  File "/p/project1/cesmtst/patakchiyousefi1/CODES-MS3/FORECASTLEAD/py_env_train.py", line 7, in <module>
    import func_train
  File "/p/project1/cesmtst/patakchiyousefi1/CODES-MS3/FORECASTLEAD/func_train.py", line 2
    ! pip install keras-unet-collection
    ^
SyntaxError: invalid syntax
srun: error: jwb0329: task 0: Exited with exit code 1
Traceback (most recent call last):
  File "/p/project1/cesmtst/patakchiyousefi1/CODES-MS3/FORECASTLEAD/DL_TRAIN.py", line 1, in <module>
    from py_env_train import *
  File "/p/project1/cesmtst/patakchiyousefi1/CODES-MS3/FORECASTLEAD/py_env_train.py", line 7, in <module>
    import func_train
  File "/p/project1/cesmtst/patakchiyousefi1/CODES-MS3/FORECASTLEAD/func_train.py", line 2
    ! pip install keras-unet-collection
    ^
SyntaxError: invalid syntax
srun: error: jwb0328: task 0: Exited with exit code 1
