/var/spool/parastation/jobs/10128867: line 17: /p/project1/cesmtst/patakchiyousefi1/CODES-MS3/FORECASTSEAD/bashenv-train: No such file or directory
Traceback (most recent call last):
  File "/p/project1/cesmtst/patakchiyousefi1/CODES-MS3/FORECASTLEAD/DL_TRAIN.py", line 1, in <module>
    from py_env_train import *
  File "/p/project1/cesmtst/patakchiyousefi1/CODES-MS3/FORECASTLEAD/py_env_train.py", line 7, in <module>
    import func_train
  File "/p/project1/cesmtst/patakchiyousefi1/CODES-MS3/FORECASTLEAD/func_train.py", line 2
    ! pip install keras-unet-collection
    ^
SyntaxError: invalid syntax
srun: error: jwb0737: task 0: Exited with exit code 1
srun: Job 10128867 step creation temporarily disabled, retrying (Requested nodes are busy)
srun: Job 10128867 step creation temporarily disabled, retrying (Requested nodes are busy)
srun: Step created for job 10128867
Traceback (most recent call last):
  File "/p/project1/cesmtst/patakchiyousefi1/CODES-MS3/FORECASTLEAD/DL_TRAIN.py", line 1, in <module>
    from py_env_train import *
  File "/p/project1/cesmtst/patakchiyousefi1/CODES-MS3/FORECASTLEAD/py_env_train.py", line 7, in <module>
    import func_train
  File "/p/project1/cesmtst/patakchiyousefi1/CODES-MS3/FORECASTLEAD/func_train.py", line 2
    ! pip install keras-unet-collection
    ^
SyntaxError: invalid syntax
Traceback (most recent call last):
  File "/p/project1/cesmtst/patakchiyousefi1/CODES-MS3/FORECASTLEAD/DL_TRAIN.py", line 1, in <module>
    from py_env_train import *
  File "/p/project1/cesmtst/patakchiyousefi1/CODES-MS3/FORECASTLEAD/py_env_train.py", line 7, in <module>
    import func_train
  File "/p/project1/cesmtst/patakchiyousefi1/CODES-MS3/FORECASTLEAD/func_train.py", line 2
    ! pip install keras-unet-collection
    ^
SyntaxError: invalid syntax
srun: error: jwb0738: task 0: Exited with exit code 1
srun: Job 10128867 step creation still disabled, retrying (Requested nodes are busy)
srun: Job 10128867 step creation temporarily disabled, retrying (Requested nodes are busy)
srun: Step created for job 10128867
srun: error: jwb0747: task 0: Exited with exit code 1
srun: Job 10128867 step creation still disabled, retrying (Requested nodes are busy)
srun: Step created for job 10128867
Traceback (most recent call last):
  File "/p/project1/cesmtst/patakchiyousefi1/CODES-MS3/FORECASTLEAD/DL_TRAIN.py", line 1, in <module>
    from py_env_train import *
  File "/p/project1/cesmtst/patakchiyousefi1/CODES-MS3/FORECASTLEAD/py_env_train.py", line 7, in <module>
    import func_train
  File "/p/project1/cesmtst/patakchiyousefi1/CODES-MS3/FORECASTLEAD/func_train.py", line 2
    ! pip install keras-unet-collection
    ^
SyntaxError: invalid syntax
srun: error: jwb0760: task 0: Exited with exit code 1
Traceback (most recent call last):
  File "/p/project1/cesmtst/patakchiyousefi1/CODES-MS3/FORECASTLEAD/DL_TRAIN.py", line 1, in <module>
    from py_env_train import *
  File "/p/project1/cesmtst/patakchiyousefi1/CODES-MS3/FORECASTLEAD/py_env_train.py", line 7, in <module>
    import func_train
  File "/p/project1/cesmtst/patakchiyousefi1/CODES-MS3/FORECASTLEAD/func_train.py", line 2
    ! pip install keras-unet-collection
    ^
SyntaxError: invalid syntax
srun: Job 10128867 step creation temporarily disabled, retrying (Requested nodes are busy)
srun: Job 10128867 step creation temporarily disabled, retrying (Requested nodes are busy)
srun: Step created for job 10128867
Traceback (most recent call last):
  File "/p/project1/cesmtst/patakchiyousefi1/CODES-MS3/FORECASTLEAD/DL_TRAIN.py", line 1, in <module>
    from py_env_train import *
  File "/p/project1/cesmtst/patakchiyousefi1/CODES-MS3/FORECASTLEAD/py_env_train.py", line 7, in <module>
    import func_train
  File "/p/project1/cesmtst/patakchiyousefi1/CODES-MS3/FORECASTLEAD/func_train.py", line 2
    ! pip install keras-unet-collection
    ^
SyntaxError: invalid syntax
srun: error: jwb0762: task 0: Exited with exit code 1
srun: Job 10128867 step creation still disabled, retrying (Requested nodes are busy)
srun: Job 10128867 step creation temporarily disabled, retrying (Requested nodes are busy)
srun: Step created for job 10128867
Traceback (most recent call last):
  File "/p/project1/cesmtst/patakchiyousefi1/CODES-MS3/FORECASTLEAD/DL_TRAIN.py", line 1, in <module>
srun: error: jwb0765: task 0: Exited with exit code 1
srun: Job 10128867 step creation still disabled, retrying (Requested nodes are busy)
srun: Step created for job 10128867
    from py_env_train import *
  File "/p/project1/cesmtst/patakchiyousefi1/CODES-MS3/FORECASTLEAD/py_env_train.py", line 7, in <module>
    import func_train
  File "/p/project1/cesmtst/patakchiyousefi1/CODES-MS3/FORECASTLEAD/func_train.py", line 2
    ! pip install keras-unet-collection
    ^
SyntaxError: invalid syntax
srun: error: jwb1156: task 0: Exited with exit code 1
srun: Job 10128867 step creation temporarily disabled, retrying (Requested nodes are busy)
srun: Job 10128867 step creation temporarily disabled, retrying (Requested nodes are busy)
srun: Step created for job 10128867
Traceback (most recent call last):
  File "/p/project1/cesmtst/patakchiyousefi1/CODES-MS3/FORECASTLEAD/DL_TRAIN.py", line 1, in <module>
    from py_env_train import *
  File "/p/project1/cesmtst/patakchiyousefi1/CODES-MS3/FORECASTLEAD/py_env_train.py", line 7, in <module>
    import func_train
  File "/p/project1/cesmtst/patakchiyousefi1/CODES-MS3/FORECASTLEAD/func_train.py", line 2
    ! pip install keras-unet-collection
    ^
SyntaxError: invalid syntax
srun: error: jwb1157: task 0: Exited with exit code 1
srun: Job 10128867 step creation still disabled, retrying (Requested nodes are busy)
srun: Job 10128867 step creation temporarily disabled, retrying (Requested nodes are busy)
srun: Step created for job 10128867
Traceback (most recent call last):
  File "/p/project1/cesmtst/patakchiyousefi1/CODES-MS3/FORECASTLEAD/DL_TRAIN.py", line 1, in <module>
    from py_env_train import *
  File "/p/project1/cesmtst/patakchiyousefi1/CODES-MS3/FORECASTLEAD/py_env_train.py", line 7, in <module>
    import func_train
  File "/p/project1/cesmtst/patakchiyousefi1/CODES-MS3/FORECASTLEAD/func_train.py", line 2
    ! pip install keras-unet-collection
    ^
SyntaxError: invalid syntax
srun: error: jwb1162: task 0: Exited with exit code 1
srun: Job 10128867 step creation still disabled, retrying (Requested nodes are busy)
srun: Job 10128867 step creation temporarily disabled, retrying (Requested nodes are busy)
srun: Step created for job 10128867
Traceback (most recent call last):
  File "/p/project1/cesmtst/patakchiyousefi1/CODES-MS3/FORECASTLEAD/DL_TRAIN.py", line 1, in <module>
    from py_env_train import *
  File "/p/project1/cesmtst/patakchiyousefi1/CODES-MS3/FORECASTLEAD/py_env_train.py", line 7, in <module>
    import func_train
  File "/p/project1/cesmtst/patakchiyousefi1/CODES-MS3/FORECASTLEAD/func_train.py", line 2
    ! pip install keras-unet-collection
    ^
SyntaxError: invalid syntax
Traceback (most recent call last):
  File "/p/project1/cesmtst/patakchiyousefi1/CODES-MS3/FORECASTLEAD/DL_TRAIN.py", line 1, in <module>
    from py_env_train import *
  File "/p/project1/cesmtst/patakchiyousefi1/CODES-MS3/FORECASTLEAD/py_env_train.py", line 7, in <module>
    import func_train
  File "/p/project1/cesmtst/patakchiyousefi1/CODES-MS3/FORECASTLEAD/func_train.py", line 2
    ! pip install keras-unet-collection
    ^
SyntaxError: invalid syntax
srun: error: jwb0737: task 0: Exited with exit code 1
srun: Job 10128867 step creation still disabled, retrying (Requested nodes are busy)
srun: Job 10128867 step creation temporarily disabled, retrying (Requested nodes are busy)
srun: Step created for job 10128867
Traceback (most recent call last):
  File "/p/project1/cesmtst/patakchiyousefi1/CODES-MS3/FORECASTLEAD/DL_TRAIN.py", line 1, in <module>
Traceback (most recent call last):
  File "/p/project1/cesmtst/patakchiyousefi1/CODES-MS3/FORECASTLEAD/DL_TRAIN.py", line 1, in <module>
    from py_env_train import *
  File "/p/project1/cesmtst/patakchiyousefi1/CODES-MS3/FORECASTLEAD/py_env_train.py", line 7, in <module>
    import func_train
  File "/p/project1/cesmtst/patakchiyousefi1/CODES-MS3/FORECASTLEAD/func_train.py", line 2
    ! pip install keras-unet-collection
    ^
SyntaxError: invalid syntax
    from py_env_train import *
  File "/p/project1/cesmtst/patakchiyousefi1/CODES-MS3/FORECASTLEAD/py_env_train.py", line 7, in <module>
    import func_train
  File "/p/project1/cesmtst/patakchiyousefi1/CODES-MS3/FORECASTLEAD/func_train.py", line 2
    ! pip install keras-unet-collection
    ^
SyntaxError: invalid syntax
srun: error: jwb0738: task 0: Exited with exit code 1
srun: Job 10128867 step creation still disabled, retrying (Requested nodes are busy)
srun: Job 10128867 step creation temporarily disabled, retrying (Requested nodes are busy)
srun: Step created for job 10128867
srun: error: jwb0747: task 0: Exited with exit code 1
srun: Job 10128867 step creation still disabled, retrying (Requested nodes are busy)
srun: Step created for job 10128867
srun: error: jwb1173: task 0: Exited with exit code 1
Traceback (most recent call last):
  File "/p/project1/cesmtst/patakchiyousefi1/CODES-MS3/FORECASTLEAD/DL_TRAIN.py", line 1, in <module>
    from py_env_train import *
  File "/p/project1/cesmtst/patakchiyousefi1/CODES-MS3/FORECASTLEAD/py_env_train.py", line 7, in <module>
    import func_train
  File "/p/project1/cesmtst/patakchiyousefi1/CODES-MS3/FORECASTLEAD/func_train.py", line 2
    ! pip install keras-unet-collection
    ^
SyntaxError: invalid syntax
Traceback (most recent call last):
  File "/p/project1/cesmtst/patakchiyousefi1/CODES-MS3/FORECASTLEAD/DL_TRAIN.py", line 1, in <module>
    from py_env_train import *
  File "/p/project1/cesmtst/patakchiyousefi1/CODES-MS3/FORECASTLEAD/py_env_train.py", line 7, in <module>
    import func_train
  File "/p/project1/cesmtst/patakchiyousefi1/CODES-MS3/FORECASTLEAD/func_train.py", line 2
    ! pip install keras-unet-collection
    ^
SyntaxError: invalid syntax
Traceback (most recent call last):
  File "/p/project1/cesmtst/patakchiyousefi1/CODES-MS3/FORECASTLEAD/DL_TRAIN.py", line 1, in <module>
    from py_env_train import *
  File "/p/project1/cesmtst/patakchiyousefi1/CODES-MS3/FORECASTLEAD/py_env_train.py", line 7, in <module>
    import func_train
  File "/p/project1/cesmtst/patakchiyousefi1/CODES-MS3/FORECASTLEAD/func_train.py", line 2
    ! pip install keras-unet-collection
    ^
SyntaxError: invalid syntax
Traceback (most recent call last):
  File "/p/project1/cesmtst/patakchiyousefi1/CODES-MS3/FORECASTLEAD/DL_TRAIN.py", line 1, in <module>
    from py_env_train import *
  File "/p/project1/cesmtst/patakchiyousefi1/CODES-MS3/FORECASTLEAD/py_env_train.py", line 7, in <module>
    import func_train
  File "/p/project1/cesmtst/patakchiyousefi1/CODES-MS3/FORECASTLEAD/func_train.py", line 2
    ! pip install keras-unet-collection
    ^
SyntaxError: invalid syntax
srun: error: jwb1174: task 0: Exited with exit code 1
srun: error: jwb1176: task 0: Exited with exit code 1
Traceback (most recent call last):
  File "/p/project1/cesmtst/patakchiyousefi1/CODES-MS3/FORECASTLEAD/DL_TRAIN.py", line 1, in <module>
    from py_env_train import *
  File "/p/project1/cesmtst/patakchiyousefi1/CODES-MS3/FORECASTLEAD/py_env_train.py", line 7, in <module>
    import func_train
  File "/p/project1/cesmtst/patakchiyousefi1/CODES-MS3/FORECASTLEAD/func_train.py", line 2
    ! pip install keras-unet-collection
    ^
SyntaxError: invalid syntax
srun: error: jwb0760: task 0: Exited with exit code 1
srun: error: jwb1178: task 0: Exited with exit code 1
Traceback (most recent call last):
  File "/p/project1/cesmtst/patakchiyousefi1/CODES-MS3/FORECASTLEAD/DL_TRAIN.py", line 1, in <module>
    from py_env_train import *
  File "/p/project1/cesmtst/patakchiyousefi1/CODES-MS3/FORECASTLEAD/py_env_train.py", line 7, in <module>
    import func_train
  File "/p/project1/cesmtst/patakchiyousefi1/CODES-MS3/FORECASTLEAD/func_train.py", line 2
    ! pip install keras-unet-collection
    ^
SyntaxError: invalid syntax
srun: error: jwb0762: task 0: Exited with exit code 1
srun: error: jwb0765: task 0: Exited with exit code 1
Traceback (most recent call last):
  File "/p/project1/cesmtst/patakchiyousefi1/CODES-MS3/FORECASTLEAD/DL_TRAIN.py", line 1, in <module>
    from py_env_train import *
  File "/p/project1/cesmtst/patakchiyousefi1/CODES-MS3/FORECASTLEAD/py_env_train.py", line 7, in <module>
    import func_train
  File "/p/project1/cesmtst/patakchiyousefi1/CODES-MS3/FORECASTLEAD/func_train.py", line 2
    ! pip install keras-unet-collection
    ^
SyntaxError: invalid syntax
Traceback (most recent call last):
  File "/p/project1/cesmtst/patakchiyousefi1/CODES-MS3/FORECASTLEAD/DL_TRAIN.py", line 1, in <module>
    from py_env_train import *
  File "/p/project1/cesmtst/patakchiyousefi1/CODES-MS3/FORECASTLEAD/py_env_train.py", line 7, in <module>
    import func_train
  File "/p/project1/cesmtst/patakchiyousefi1/CODES-MS3/FORECASTLEAD/func_train.py", line 2
    ! pip install keras-unet-collection
    ^
SyntaxError: invalid syntax
srun: error: jwb1156: task 0: Exited with exit code 1
Traceback (most recent call last):
  File "/p/project1/cesmtst/patakchiyousefi1/CODES-MS3/FORECASTLEAD/DL_TRAIN.py", line 1, in <module>
    from py_env_train import *
  File "/p/project1/cesmtst/patakchiyousefi1/CODES-MS3/FORECASTLEAD/py_env_train.py", line 7, in <module>
    import func_train
  File "/p/project1/cesmtst/patakchiyousefi1/CODES-MS3/FORECASTLEAD/func_train.py", line 2
    ! pip install keras-unet-collection
    ^
SyntaxError: invalid syntax
srun: error: jwb1179: task 0: Exited with exit code 1
Traceback (most recent call last):
  File "/p/project1/cesmtst/patakchiyousefi1/CODES-MS3/FORECASTLEAD/DL_TRAIN.py", line 1, in <module>
srun: error: jwb1157: task 0: Exited with exit code 1
    from py_env_train import *
  File "/p/project1/cesmtst/patakchiyousefi1/CODES-MS3/FORECASTLEAD/py_env_train.py", line 7, in <module>
    import func_train
  File "/p/project1/cesmtst/patakchiyousefi1/CODES-MS3/FORECASTLEAD/func_train.py", line 2
    ! pip install keras-unet-collection
    ^
SyntaxError: invalid syntax
Traceback (most recent call last):
  File "/p/project1/cesmtst/patakchiyousefi1/CODES-MS3/FORECASTLEAD/DL_TRAIN.py", line 1, in <module>
    from py_env_train import *
  File "/p/project1/cesmtst/patakchiyousefi1/CODES-MS3/FORECASTLEAD/py_env_train.py", line 7, in <module>
    import func_train
  File "/p/project1/cesmtst/patakchiyousefi1/CODES-MS3/FORECASTLEAD/func_train.py", line 2
    ! pip install keras-unet-collection
    ^
SyntaxError: invalid syntax
srun: error: jwb1214: task 0: Exited with exit code 1
srun: error: jwb1162: task 0: Exited with exit code 1
Traceback (most recent call last):
  File "/p/project1/cesmtst/patakchiyousefi1/CODES-MS3/FORECASTLEAD/DL_TRAIN.py", line 1, in <module>
    from py_env_train import *
  File "/p/project1/cesmtst/patakchiyousefi1/CODES-MS3/FORECASTLEAD/py_env_train.py", line 7, in <module>
    import func_train
  File "/p/project1/cesmtst/patakchiyousefi1/CODES-MS3/FORECASTLEAD/func_train.py", line 2
    ! pip install keras-unet-collection
    ^
SyntaxError: invalid syntax
Traceback (most recent call last):
  File "/p/project1/cesmtst/patakchiyousefi1/CODES-MS3/FORECASTLEAD/DL_TRAIN.py", line 1, in <module>
Traceback (most recent call last):
  File "/p/project1/cesmtst/patakchiyousefi1/CODES-MS3/FORECASTLEAD/DL_TRAIN.py", line 1, in <module>
    from py_env_train import *
  File "/p/project1/cesmtst/patakchiyousefi1/CODES-MS3/FORECASTLEAD/py_env_train.py", line 7, in <module>
    import func_train
  File "/p/project1/cesmtst/patakchiyousefi1/CODES-MS3/FORECASTLEAD/func_train.py", line 2
    ! pip install keras-unet-collection
    ^
SyntaxError: invalid syntax
    from py_env_train import *
  File "/p/project1/cesmtst/patakchiyousefi1/CODES-MS3/FORECASTLEAD/py_env_train.py", line 7, in <module>
    import func_train
  File "/p/project1/cesmtst/patakchiyousefi1/CODES-MS3/FORECASTLEAD/func_train.py", line 2
    ! pip install keras-unet-collection
    ^
SyntaxError: invalid syntax
Traceback (most recent call last):
  File "/p/project1/cesmtst/patakchiyousefi1/CODES-MS3/FORECASTLEAD/DL_TRAIN.py", line 1, in <module>
    from py_env_train import *
  File "/p/project1/cesmtst/patakchiyousefi1/CODES-MS3/FORECASTLEAD/py_env_train.py", line 7, in <module>
    import func_train
  File "/p/project1/cesmtst/patakchiyousefi1/CODES-MS3/FORECASTLEAD/func_train.py", line 2
    ! pip install keras-unet-collection
    ^
SyntaxError: invalid syntax
srun: error: jwb1215: task 0: Exited with exit code 1
srun: error: jwb0738: task 0: Exited with exit code 1
srun: error: jwb0737: task 0: Exited with exit code 1
Traceback (most recent call last):
  File "/p/project1/cesmtst/patakchiyousefi1/CODES-MS3/FORECASTLEAD/DL_TRAIN.py", line 1, in <module>
    from py_env_train import *
  File "/p/project1/cesmtst/patakchiyousefi1/CODES-MS3/FORECASTLEAD/py_env_train.py", line 7, in <module>
    import func_train
  File "/p/project1/cesmtst/patakchiyousefi1/CODES-MS3/FORECASTLEAD/func_train.py", line 2
    ! pip install keras-unet-collection
    ^
SyntaxError: invalid syntax
srun: error: jwb0747: task 0: Exited with exit code 1
srun: error: jwb1173: task 0: Exited with exit code 1
Traceback (most recent call last):
  File "/p/project1/cesmtst/patakchiyousefi1/CODES-MS3/FORECASTLEAD/DL_TRAIN.py", line 1, in <module>
    from py_env_train import *
  File "/p/project1/cesmtst/patakchiyousefi1/CODES-MS3/FORECASTLEAD/py_env_train.py", line 7, in <module>
    import func_train
  File "/p/project1/cesmtst/patakchiyousefi1/CODES-MS3/FORECASTLEAD/func_train.py", line 2
    ! pip install keras-unet-collection
    ^
SyntaxError: invalid syntax
srun: error: jwb1174: task 0: Exited with exit code 1
Traceback (most recent call last):
  File "/p/project1/cesmtst/patakchiyousefi1/CODES-MS3/FORECASTLEAD/DL_TRAIN.py", line 1, in <module>
    from py_env_train import *
  File "/p/project1/cesmtst/patakchiyousefi1/CODES-MS3/FORECASTLEAD/py_env_train.py", line 7, in <module>
    import func_train
  File "/p/project1/cesmtst/patakchiyousefi1/CODES-MS3/FORECASTLEAD/func_train.py", line 2
    ! pip install keras-unet-collection
    ^
SyntaxError: invalid syntax
srun: error: jwb0760: task 0: Exited with exit code 1
Traceback (most recent call last):
  File "/p/project1/cesmtst/patakchiyousefi1/CODES-MS3/FORECASTLEAD/DL_TRAIN.py", line 1, in <module>
    from py_env_train import *
  File "/p/project1/cesmtst/patakchiyousefi1/CODES-MS3/FORECASTLEAD/py_env_train.py", line 7, in <module>
    import func_train
  File "/p/project1/cesmtst/patakchiyousefi1/CODES-MS3/FORECASTLEAD/func_train.py", line 2
    ! pip install keras-unet-collection
    ^
SyntaxError: invalid syntax
srun: error: jwb0762: task 0: Exited with exit code 1
Traceback (most recent call last):
  File "/p/project1/cesmtst/patakchiyousefi1/CODES-MS3/FORECASTLEAD/DL_TRAIN.py", line 1, in <module>
    from py_env_train import *
  File "/p/project1/cesmtst/patakchiyousefi1/CODES-MS3/FORECASTLEAD/py_env_train.py", line 7, in <module>
    import func_train
  File "/p/project1/cesmtst/patakchiyousefi1/CODES-MS3/FORECASTLEAD/func_train.py", line 2
    ! pip install keras-unet-collection
    ^
SyntaxError: invalid syntax
srun: error: jwb0765: task 0: Exited with exit code 1
Traceback (most recent call last):
  File "/p/project1/cesmtst/patakchiyousefi1/CODES-MS3/FORECASTLEAD/DL_TRAIN.py", line 1, in <module>
    from py_env_train import *
  File "/p/project1/cesmtst/patakchiyousefi1/CODES-MS3/FORECASTLEAD/py_env_train.py", line 7, in <module>
    import func_train
  File "/p/project1/cesmtst/patakchiyousefi1/CODES-MS3/FORECASTLEAD/func_train.py", line 2
    ! pip install keras-unet-collection
    ^
SyntaxError: invalid syntax
srun: error: jwb1156: task 0: Exited with exit code 1
Traceback (most recent call last):
  File "/p/project1/cesmtst/patakchiyousefi1/CODES-MS3/FORECASTLEAD/DL_TRAIN.py", line 1, in <module>
    from py_env_train import *
  File "/p/project1/cesmtst/patakchiyousefi1/CODES-MS3/FORECASTLEAD/py_env_train.py", line 7, in <module>
    import func_train
  File "/p/project1/cesmtst/patakchiyousefi1/CODES-MS3/FORECASTLEAD/func_train.py", line 2
    ! pip install keras-unet-collection
    ^
SyntaxError: invalid syntax
srun: error: jwb1157: task 0: Exited with exit code 1
Traceback (most recent call last):
  File "/p/project1/cesmtst/patakchiyousefi1/CODES-MS3/FORECASTLEAD/DL_TRAIN.py", line 1, in <module>
    from py_env_train import *
  File "/p/project1/cesmtst/patakchiyousefi1/CODES-MS3/FORECASTLEAD/py_env_train.py", line 7, in <module>
    import func_train
  File "/p/project1/cesmtst/patakchiyousefi1/CODES-MS3/FORECASTLEAD/func_train.py", line 2
    ! pip install keras-unet-collection
    ^
SyntaxError: invalid syntax
srun: error: jwb1162: task 0: Exited with exit code 1
Traceback (most recent call last):
  File "/p/project1/cesmtst/patakchiyousefi1/CODES-MS3/FORECASTLEAD/DL_TRAIN.py", line 1, in <module>
    from py_env_train import *
  File "/p/project1/cesmtst/patakchiyousefi1/CODES-MS3/FORECASTLEAD/py_env_train.py", line 7, in <module>
    import func_train
  File "/p/project1/cesmtst/patakchiyousefi1/CODES-MS3/FORECASTLEAD/func_train.py", line 2
    ! pip install keras-unet-collection
    ^
SyntaxError: invalid syntax
Traceback (most recent call last):
  File "/p/project1/cesmtst/patakchiyousefi1/CODES-MS3/FORECASTLEAD/DL_TRAIN.py", line 1, in <module>
    from py_env_train import *
  File "/p/project1/cesmtst/patakchiyousefi1/CODES-MS3/FORECASTLEAD/py_env_train.py", line 7, in <module>
    import func_train
  File "/p/project1/cesmtst/patakchiyousefi1/CODES-MS3/FORECASTLEAD/func_train.py", line 2
    ! pip install keras-unet-collection
    ^
SyntaxError: invalid syntax
srun: error: jwb0737: task 0: Exited with exit code 1
srun: error: jwb0738: task 0: Exited with exit code 1
Traceback (most recent call last):
  File "/p/project1/cesmtst/patakchiyousefi1/CODES-MS3/FORECASTLEAD/DL_TRAIN.py", line 1, in <module>
    from py_env_train import *
  File "/p/project1/cesmtst/patakchiyousefi1/CODES-MS3/FORECASTLEAD/py_env_train.py", line 7, in <module>
    import func_train
  File "/p/project1/cesmtst/patakchiyousefi1/CODES-MS3/FORECASTLEAD/func_train.py", line 2
    ! pip install keras-unet-collection
    ^
SyntaxError: invalid syntax
srun: error: jwb0747: task 0: Exited with exit code 1
Traceback (most recent call last):
  File "/p/project1/cesmtst/patakchiyousefi1/CODES-MS3/FORECASTLEAD/DL_TRAIN.py", line 1, in <module>
    from py_env_train import *
  File "/p/project1/cesmtst/patakchiyousefi1/CODES-MS3/FORECASTLEAD/py_env_train.py", line 7, in <module>
    import func_train
  File "/p/project1/cesmtst/patakchiyousefi1/CODES-MS3/FORECASTLEAD/func_train.py", line 2
    ! pip install keras-unet-collection
    ^
SyntaxError: invalid syntax
srun: error: jwb0760: task 0: Exited with exit code 1
Traceback (most recent call last):
  File "/p/project1/cesmtst/patakchiyousefi1/CODES-MS3/FORECASTLEAD/DL_TRAIN.py", line 1, in <module>
    from py_env_train import *
  File "/p/project1/cesmtst/patakchiyousefi1/CODES-MS3/FORECASTLEAD/py_env_train.py", line 7, in <module>
    import func_train
  File "/p/project1/cesmtst/patakchiyousefi1/CODES-MS3/FORECASTLEAD/func_train.py", line 2
    ! pip install keras-unet-collection
    ^
SyntaxError: invalid syntax
srun: error: jwb0762: task 0: Exited with exit code 1
Traceback (most recent call last):
  File "/p/project1/cesmtst/patakchiyousefi1/CODES-MS3/FORECASTLEAD/DL_TRAIN.py", line 1, in <module>
    from py_env_train import *
  File "/p/project1/cesmtst/patakchiyousefi1/CODES-MS3/FORECASTLEAD/py_env_train.py", line 7, in <module>
    import func_train
  File "/p/project1/cesmtst/patakchiyousefi1/CODES-MS3/FORECASTLEAD/func_train.py", line 2
    ! pip install keras-unet-collection
    ^
SyntaxError: invalid syntax
srun: error: jwb0765: task 0: Exited with exit code 1
Traceback (most recent call last):
  File "/p/project1/cesmtst/patakchiyousefi1/CODES-MS3/FORECASTLEAD/DL_TRAIN.py", line 1, in <module>
    from py_env_train import *
  File "/p/project1/cesmtst/patakchiyousefi1/CODES-MS3/FORECASTLEAD/py_env_train.py", line 7, in <module>
    import func_train
  File "/p/project1/cesmtst/patakchiyousefi1/CODES-MS3/FORECASTLEAD/func_train.py", line 2
    ! pip install keras-unet-collection
    ^
SyntaxError: invalid syntax
srun: error: jwb1156: task 0: Exited with exit code 1
Traceback (most recent call last):
  File "/p/project1/cesmtst/patakchiyousefi1/CODES-MS3/FORECASTLEAD/DL_TRAIN.py", line 1, in <module>
    from py_env_train import *
  File "/p/project1/cesmtst/patakchiyousefi1/CODES-MS3/FORECASTLEAD/py_env_train.py", line 7, in <module>
    import func_train
  File "/p/project1/cesmtst/patakchiyousefi1/CODES-MS3/FORECASTLEAD/func_train.py", line 2
    ! pip install keras-unet-collection
    ^
SyntaxError: invalid syntax
srun: error: jwb1157: task 0: Exited with exit code 1
Traceback (most recent call last):
  File "/p/project1/cesmtst/patakchiyousefi1/CODES-MS3/FORECASTLEAD/DL_TRAIN.py", line 1, in <module>
    from py_env_train import *
  File "/p/project1/cesmtst/patakchiyousefi1/CODES-MS3/FORECASTLEAD/py_env_train.py", line 7, in <module>
    import func_train
  File "/p/project1/cesmtst/patakchiyousefi1/CODES-MS3/FORECASTLEAD/func_train.py", line 2
    ! pip install keras-unet-collection
    ^
SyntaxError: invalid syntax
srun: error: jwb1162: task 0: Exited with exit code 1
Traceback (most recent call last):
  File "/p/project1/cesmtst/patakchiyousefi1/CODES-MS3/FORECASTLEAD/DL_TRAIN.py", line 1, in <module>
    from py_env_train import *
  File "/p/project1/cesmtst/patakchiyousefi1/CODES-MS3/FORECASTLEAD/py_env_train.py", line 7, in <module>
    import func_train
  File "/p/project1/cesmtst/patakchiyousefi1/CODES-MS3/FORECASTLEAD/func_train.py", line 2
    ! pip install keras-unet-collection
    ^
SyntaxError: invalid syntax
Traceback (most recent call last):
  File "/p/project1/cesmtst/patakchiyousefi1/CODES-MS3/FORECASTLEAD/DL_TRAIN.py", line 1, in <module>
    from py_env_train import *
  File "/p/project1/cesmtst/patakchiyousefi1/CODES-MS3/FORECASTLEAD/py_env_train.py", line 7, in <module>
    import func_train
  File "/p/project1/cesmtst/patakchiyousefi1/CODES-MS3/FORECASTLEAD/func_train.py", line 2
    ! pip install keras-unet-collection
    ^
SyntaxError: invalid syntax
srun: error: jwb0737: task 0: Exited with exit code 1
srun: error: jwb0738: task 0: Exited with exit code 1
Traceback (most recent call last):
  File "/p/project1/cesmtst/patakchiyousefi1/CODES-MS3/FORECASTLEAD/DL_TRAIN.py", line 1, in <module>
    from py_env_train import *
  File "/p/project1/cesmtst/patakchiyousefi1/CODES-MS3/FORECASTLEAD/py_env_train.py", line 7, in <module>
    import func_train
  File "/p/project1/cesmtst/patakchiyousefi1/CODES-MS3/FORECASTLEAD/func_train.py", line 2
    ! pip install keras-unet-collection
    ^
SyntaxError: invalid syntax
srun: error: jwb0747: task 0: Exited with exit code 1
Traceback (most recent call last):
  File "/p/project1/cesmtst/patakchiyousefi1/CODES-MS3/FORECASTLEAD/DL_TRAIN.py", line 1, in <module>
    from py_env_train import *
  File "/p/project1/cesmtst/patakchiyousefi1/CODES-MS3/FORECASTLEAD/py_env_train.py", line 7, in <module>
    import func_train
  File "/p/project1/cesmtst/patakchiyousefi1/CODES-MS3/FORECASTLEAD/func_train.py", line 2
    ! pip install keras-unet-collection
    ^
SyntaxError: invalid syntax
srun: error: jwb0760: task 0: Exited with exit code 1
Traceback (most recent call last):
  File "/p/project1/cesmtst/patakchiyousefi1/CODES-MS3/FORECASTLEAD/DL_TRAIN.py", line 1, in <module>
    from py_env_train import *
  File "/p/project1/cesmtst/patakchiyousefi1/CODES-MS3/FORECASTLEAD/py_env_train.py", line 7, in <module>
    import func_train
  File "/p/project1/cesmtst/patakchiyousefi1/CODES-MS3/FORECASTLEAD/func_train.py", line 2
    ! pip install keras-unet-collection
    ^
SyntaxError: invalid syntax
srun: error: jwb0762: task 0: Exited with exit code 1
Traceback (most recent call last):
  File "/p/project1/cesmtst/patakchiyousefi1/CODES-MS3/FORECASTLEAD/DL_TRAIN.py", line 1, in <module>
    from py_env_train import *
  File "/p/project1/cesmtst/patakchiyousefi1/CODES-MS3/FORECASTLEAD/py_env_train.py", line 7, in <module>
    import func_train
  File "/p/project1/cesmtst/patakchiyousefi1/CODES-MS3/FORECASTLEAD/func_train.py", line 2
    ! pip install keras-unet-collection
    ^
SyntaxError: invalid syntax
Traceback (most recent call last):
  File "/p/project1/cesmtst/patakchiyousefi1/CODES-MS3/FORECASTLEAD/DL_TRAIN.py", line 1, in <module>
srun: error: jwb0765: task 0: Exited with exit code 1
    from py_env_train import *
  File "/p/project1/cesmtst/patakchiyousefi1/CODES-MS3/FORECASTLEAD/py_env_train.py", line 7, in <module>
    import func_train
  File "/p/project1/cesmtst/patakchiyousefi1/CODES-MS3/FORECASTLEAD/func_train.py", line 2
    ! pip install keras-unet-collection
    ^
SyntaxError: invalid syntax
srun: error: jwb1156: task 0: Exited with exit code 1
Traceback (most recent call last):
  File "/p/project1/cesmtst/patakchiyousefi1/CODES-MS3/FORECASTLEAD/DL_TRAIN.py", line 1, in <module>
    from py_env_train import *
  File "/p/project1/cesmtst/patakchiyousefi1/CODES-MS3/FORECASTLEAD/py_env_train.py", line 7, in <module>
    import func_train
  File "/p/project1/cesmtst/patakchiyousefi1/CODES-MS3/FORECASTLEAD/func_train.py", line 2
    ! pip install keras-unet-collection
    ^
SyntaxError: invalid syntax
srun: error: jwb1157: task 0: Exited with exit code 1
Traceback (most recent call last):
  File "/p/project1/cesmtst/patakchiyousefi1/CODES-MS3/FORECASTLEAD/DL_TRAIN.py", line 1, in <module>
    from py_env_train import *
  File "/p/project1/cesmtst/patakchiyousefi1/CODES-MS3/FORECASTLEAD/py_env_train.py", line 7, in <module>
    import func_train
  File "/p/project1/cesmtst/patakchiyousefi1/CODES-MS3/FORECASTLEAD/func_train.py", line 2
    ! pip install keras-unet-collection
    ^
SyntaxError: invalid syntax
srun: error: jwb1162: task 0: Exited with exit code 1
Traceback (most recent call last):
  File "/p/project1/cesmtst/patakchiyousefi1/CODES-MS3/FORECASTLEAD/DL_TRAIN.py", line 1, in <module>
    from py_env_train import *
  File "/p/project1/cesmtst/patakchiyousefi1/CODES-MS3/FORECASTLEAD/py_env_train.py", line 7, in <module>
    import func_train
  File "/p/project1/cesmtst/patakchiyousefi1/CODES-MS3/FORECASTLEAD/func_train.py", line 2
    ! pip install keras-unet-collection
    ^
SyntaxError: invalid syntax
Traceback (most recent call last):
  File "/p/project1/cesmtst/patakchiyousefi1/CODES-MS3/FORECASTLEAD/DL_TRAIN.py", line 1, in <module>
srun: error: jwb0737: task 0: Exited with exit code 1
    from py_env_train import *
  File "/p/project1/cesmtst/patakchiyousefi1/CODES-MS3/FORECASTLEAD/py_env_train.py", line 7, in <module>
    import func_train
  File "/p/project1/cesmtst/patakchiyousefi1/CODES-MS3/FORECASTLEAD/func_train.py", line 2
    ! pip install keras-unet-collection
    ^
SyntaxError: invalid syntax
srun: error: jwb0738: task 0: Exited with exit code 1
Traceback (most recent call last):
  File "/p/project1/cesmtst/patakchiyousefi1/CODES-MS3/FORECASTLEAD/DL_TRAIN.py", line 1, in <module>
    from py_env_train import *
  File "/p/project1/cesmtst/patakchiyousefi1/CODES-MS3/FORECASTLEAD/py_env_train.py", line 7, in <module>
    import func_train
  File "/p/project1/cesmtst/patakchiyousefi1/CODES-MS3/FORECASTLEAD/func_train.py", line 2
    ! pip install keras-unet-collection
    ^
SyntaxError: invalid syntax
srun: error: jwb0747: task 0: Exited with exit code 1
Traceback (most recent call last):
  File "/p/project1/cesmtst/patakchiyousefi1/CODES-MS3/FORECASTLEAD/DL_TRAIN.py", line 1, in <module>
    from py_env_train import *
  File "/p/project1/cesmtst/patakchiyousefi1/CODES-MS3/FORECASTLEAD/py_env_train.py", line 7, in <module>
    import func_train
  File "/p/project1/cesmtst/patakchiyousefi1/CODES-MS3/FORECASTLEAD/func_train.py", line 2
    ! pip install keras-unet-collection
    ^
SyntaxError: invalid syntax
srun: error: jwb0760: task 0: Exited with exit code 1
Traceback (most recent call last):
  File "/p/project1/cesmtst/patakchiyousefi1/CODES-MS3/FORECASTLEAD/DL_TRAIN.py", line 1, in <module>
    from py_env_train import *
  File "/p/project1/cesmtst/patakchiyousefi1/CODES-MS3/FORECASTLEAD/py_env_train.py", line 7, in <module>
    import func_train
  File "/p/project1/cesmtst/patakchiyousefi1/CODES-MS3/FORECASTLEAD/func_train.py", line 2
    ! pip install keras-unet-collection
    ^
SyntaxError: invalid syntax
srun: error: jwb0762: task 0: Exited with exit code 1
Traceback (most recent call last):
  File "/p/project1/cesmtst/patakchiyousefi1/CODES-MS3/FORECASTLEAD/DL_TRAIN.py", line 1, in <module>
    from py_env_train import *
  File "/p/project1/cesmtst/patakchiyousefi1/CODES-MS3/FORECASTLEAD/py_env_train.py", line 7, in <module>
    import func_train
  File "/p/project1/cesmtst/patakchiyousefi1/CODES-MS3/FORECASTLEAD/func_train.py", line 2
    ! pip install keras-unet-collection
    ^
SyntaxError: invalid syntax
Traceback (most recent call last):
  File "/p/project1/cesmtst/patakchiyousefi1/CODES-MS3/FORECASTLEAD/DL_TRAIN.py", line 1, in <module>
srun: error: jwb0765: task 0: Exited with exit code 1
    from py_env_train import *
  File "/p/project1/cesmtst/patakchiyousefi1/CODES-MS3/FORECASTLEAD/py_env_train.py", line 7, in <module>
    import func_train
  File "/p/project1/cesmtst/patakchiyousefi1/CODES-MS3/FORECASTLEAD/func_train.py", line 2
    ! pip install keras-unet-collection
    ^
SyntaxError: invalid syntax
srun: error: jwb1156: task 0: Exited with exit code 1
Traceback (most recent call last):
  File "/p/project1/cesmtst/patakchiyousefi1/CODES-MS3/FORECASTLEAD/DL_TRAIN.py", line 1, in <module>
    from py_env_train import *
  File "/p/project1/cesmtst/patakchiyousefi1/CODES-MS3/FORECASTLEAD/py_env_train.py", line 7, in <module>
    import func_train
  File "/p/project1/cesmtst/patakchiyousefi1/CODES-MS3/FORECASTLEAD/func_train.py", line 2
    ! pip install keras-unet-collection
    ^
SyntaxError: invalid syntax
srun: error: jwb1157: task 0: Exited with exit code 1
Traceback (most recent call last):
  File "/p/project1/cesmtst/patakchiyousefi1/CODES-MS3/FORECASTLEAD/DL_TRAIN.py", line 1, in <module>
    from py_env_train import *
  File "/p/project1/cesmtst/patakchiyousefi1/CODES-MS3/FORECASTLEAD/py_env_train.py", line 7, in <module>
    import func_train
  File "/p/project1/cesmtst/patakchiyousefi1/CODES-MS3/FORECASTLEAD/func_train.py", line 2
    ! pip install keras-unet-collection
    ^
SyntaxError: invalid syntax
srun: error: jwb1162: task 0: Exited with exit code 1
Traceback (most recent call last):
  File "/p/project1/cesmtst/patakchiyousefi1/CODES-MS3/FORECASTLEAD/DL_TRAIN.py", line 1, in <module>
    from py_env_train import *
  File "/p/project1/cesmtst/patakchiyousefi1/CODES-MS3/FORECASTLEAD/py_env_train.py", line 7, in <module>
    import func_train
  File "/p/project1/cesmtst/patakchiyousefi1/CODES-MS3/FORECASTLEAD/func_train.py", line 2
    ! pip install keras-unet-collection
    ^
SyntaxError: invalid syntax
srun: error: jwb0737: task 0: Exited with exit code 1
