/var/spool/parastation/jobs/10128869: line 17: /p/project1/cesmtst/patakchiyousefi1/CODES-MS3/FORECASTSEAD/bashenv-train: No such file or directory
Traceback (most recent call last):
  File "/p/project1/cesmtst/patakchiyousefi1/CODES-MS3/FORECASTLEAD/DL_TRAIN.py", line 1, in <module>
    from py_env_train import *
  File "/p/project1/cesmtst/patakchiyousefi1/CODES-MS3/FORECASTLEAD/py_env_train.py", line 7, in <module>
    import func_train
  File "/p/project1/cesmtst/patakchiyousefi1/CODES-MS3/FORECASTLEAD/func_train.py", line 2
    ! pip install keras-unet-collection
    ^
SyntaxError: invalid syntax
srun: error: jwb0137: task 0: Exited with exit code 1
srun: Job 10128869 step creation temporarily disabled, retrying (Requested nodes are busy)
srun: Job 10128869 step creation temporarily disabled, retrying (Requested nodes are busy)
srun: Job 10128869 step creation temporarily disabled, retrying (Requested nodes are busy)
srun: Job 10128869 step creation temporarily disabled, retrying (Requested nodes are busy)
srun: Step created for job 10128869
Traceback (most recent call last):
  File "/p/project1/cesmtst/patakchiyousefi1/CODES-MS3/FORECASTLEAD/DL_TRAIN.py", line 1, in <module>
    from py_env_train import *
  File "/p/project1/cesmtst/patakchiyousefi1/CODES-MS3/FORECASTLEAD/py_env_train.py", line 7, in <module>
    import func_train
  File "/p/project1/cesmtst/patakchiyousefi1/CODES-MS3/FORECASTLEAD/func_train.py", line 2
    ! pip install keras-unet-collection
    ^
SyntaxError: invalid syntax
srun: error: jwb0138: task 0: Exited with exit code 1
srun: Job 10128869 step creation still disabled, retrying (Requested nodes are busy)
srun: Job 10128869 step creation still disabled, retrying (Requested nodes are busy)
srun: Job 10128869 step creation temporarily disabled, retrying (Requested nodes are busy)
srun: Job 10128869 step creation still disabled, retrying (Requested nodes are busy)
srun: Step created for job 10128869
Traceback (most recent call last):
  File "/p/project1/cesmtst/patakchiyousefi1/CODES-MS3/FORECASTLEAD/DL_TRAIN.py", line 1, in <module>
    from py_env_train import *
  File "/p/project1/cesmtst/patakchiyousefi1/CODES-MS3/FORECASTLEAD/py_env_train.py", line 7, in <module>
    import func_train
  File "/p/project1/cesmtst/patakchiyousefi1/CODES-MS3/FORECASTLEAD/func_train.py", line 2
    ! pip install keras-unet-collection
    ^
SyntaxError: invalid syntax
srun: error: jwb0140: task 0: Exited with exit code 1
srun: Job 10128869 step creation still disabled, retrying (Requested nodes are busy)
srun: Job 10128869 step creation still disabled, retrying (Requested nodes are busy)
srun: Job 10128869 step creation still disabled, retrying (Requested nodes are busy)
srun: Job 10128869 step creation temporarily disabled, retrying (Requested nodes are busy)
srun: Job 10128869 step creation temporarily disabled, retrying (Requested nodes are busy)
srun: Step created for job 10128869
Traceback (most recent call last):
  File "/p/project1/cesmtst/patakchiyousefi1/CODES-MS3/FORECASTLEAD/DL_TRAIN.py", line 1, in <module>
    from py_env_train import *
  File "/p/project1/cesmtst/patakchiyousefi1/CODES-MS3/FORECASTLEAD/py_env_train.py", line 7, in <module>
    import func_train
  File "/p/project1/cesmtst/patakchiyousefi1/CODES-MS3/FORECASTLEAD/func_train.py", line 2
    ! pip install keras-unet-collection
    ^
SyntaxError: invalid syntax
Traceback (most recent call last):
  File "/p/project1/cesmtst/patakchiyousefi1/CODES-MS3/FORECASTLEAD/DL_TRAIN.py", line 1, in <module>
    from py_env_train import *
  File "/p/project1/cesmtst/patakchiyousefi1/CODES-MS3/FORECASTLEAD/py_env_train.py", line 7, in <module>
    import func_train
  File "/p/project1/cesmtst/patakchiyousefi1/CODES-MS3/FORECASTLEAD/func_train.py", line 2
    ! pip install keras-unet-collection
    ^
SyntaxError: invalid syntax
srun: error: jwb0151: task 0: Exited with exit code 1
srun: Job 10128869 step creation still disabled, retrying (Requested nodes are busy)
srun: Job 10128869 step creation still disabled, retrying (Requested nodes are busy)
srun: Job 10128869 step creation still disabled, retrying (Requested nodes are busy)
srun: Job 10128869 step creation still disabled, retrying (Requested nodes are busy)
srun: Job 10128869 step creation temporarily disabled, retrying (Requested nodes are busy)
srun: Job 10128869 step creation temporarily disabled, retrying (Requested nodes are busy)
srun: Step created for job 10128869
srun: error: jwb0150: task 0: Exited with exit code 1
srun: Job 10128869 step creation still disabled, retrying (Requested nodes are busy)
srun: Job 10128869 step creation still disabled, retrying (Requested nodes are busy)
srun: Job 10128869 step creation still disabled, retrying (Requested nodes are busy)
srun: Job 10128869 step creation temporarily disabled, retrying (Requested nodes are busy)
srun: Job 10128869 step creation still disabled, retrying (Requested nodes are busy)
srun: Job 10128869 step creation still disabled, retrying (Requested nodes are busy)
srun: Step created for job 10128869
Traceback (most recent call last):
  File "/p/project1/cesmtst/patakchiyousefi1/CODES-MS3/FORECASTLEAD/DL_TRAIN.py", line 1, in <module>
    from py_env_train import *
  File "/p/project1/cesmtst/patakchiyousefi1/CODES-MS3/FORECASTLEAD/py_env_train.py", line 7, in <module>
    import func_train
  File "/p/project1/cesmtst/patakchiyousefi1/CODES-MS3/FORECASTLEAD/func_train.py", line 2
    ! pip install keras-unet-collection
    ^
SyntaxError: invalid syntax
srun: error: jwb0154: task 0: Exited with exit code 1
srun: Job 10128869 step creation still disabled, retrying (Requested nodes are busy)
srun: Job 10128869 step creation still disabled, retrying (Requested nodes are busy)
srun: Job 10128869 step creation still disabled, retrying (Requested nodes are busy)
srun: Job 10128869 step creation still disabled, retrying (Requested nodes are busy)
srun: Job 10128869 step creation still disabled, retrying (Requested nodes are busy)
srun: Job 10128869 step creation temporarily disabled, retrying (Requested nodes are busy)
srun: Step created for job 10128869
Traceback (most recent call last):
  File "/p/project1/cesmtst/patakchiyousefi1/CODES-MS3/FORECASTLEAD/DL_TRAIN.py", line 1, in <module>
    from py_env_train import *
  File "/p/project1/cesmtst/patakchiyousefi1/CODES-MS3/FORECASTLEAD/py_env_train.py", line 7, in <module>
    import func_train
  File "/p/project1/cesmtst/patakchiyousefi1/CODES-MS3/FORECASTLEAD/func_train.py", line 2
    ! pip install keras-unet-collection
    ^
SyntaxError: invalid syntax
Traceback (most recent call last):
  File "/p/project1/cesmtst/patakchiyousefi1/CODES-MS3/FORECASTLEAD/DL_TRAIN.py", line 1, in <module>
Traceback (most recent call last):
  File "/p/project1/cesmtst/patakchiyousefi1/CODES-MS3/FORECASTLEAD/DL_TRAIN.py", line 1, in <module>
    from py_env_train import *
  File "/p/project1/cesmtst/patakchiyousefi1/CODES-MS3/FORECASTLEAD/py_env_train.py", line 7, in <module>
    import func_train
  File "/p/project1/cesmtst/patakchiyousefi1/CODES-MS3/FORECASTLEAD/func_train.py", line 2
    ! pip install keras-unet-collection
    ^
SyntaxError: invalid syntax
    from py_env_train import *
  File "/p/project1/cesmtst/patakchiyousefi1/CODES-MS3/FORECASTLEAD/py_env_train.py", line 7, in <module>
    import func_train
  File "/p/project1/cesmtst/patakchiyousefi1/CODES-MS3/FORECASTLEAD/func_train.py", line 2
    ! pip install keras-unet-collection
    ^
SyntaxError: invalid syntax
Traceback (most recent call last):
  File "/p/project1/cesmtst/patakchiyousefi1/CODES-MS3/FORECASTLEAD/DL_TRAIN.py", line 1, in <module>
srun: error: jwb0137: task 0: Exited with exit code 1
srun: Job 10128869 step creation still disabled, retrying (Requested nodes are busy)
srun: Job 10128869 step creation still disabled, retrying (Requested nodes are busy)
srun: Job 10128869 step creation still disabled, retrying (Requested nodes are busy)
srun: Job 10128869 step creation still disabled, retrying (Requested nodes are busy)
srun: Job 10128869 step creation still disabled, retrying (Requested nodes are busy)
srun: Job 10128869 step creation temporarily disabled, retrying (Requested nodes are busy)
srun: Step created for job 10128869
srun: error: jwb0155: task 0: Exited with exit code 1
srun: Job 10128869 step creation still disabled, retrying (Requested nodes are busy)
srun: Job 10128869 step creation still disabled, retrying (Requested nodes are busy)
srun: Job 10128869 step creation still disabled, retrying (Requested nodes are busy)
srun: Job 10128869 step creation still disabled, retrying (Requested nodes are busy)
srun: Job 10128869 step creation still disabled, retrying (Requested nodes are busy)
srun: Step created for job 10128869
    from py_env_train import *
  File "/p/project1/cesmtst/patakchiyousefi1/CODES-MS3/FORECASTLEAD/py_env_train.py", line 7, in <module>
    import func_train
  File "/p/project1/cesmtst/patakchiyousefi1/CODES-MS3/FORECASTLEAD/func_train.py", line 2
    ! pip install keras-unet-collection
    ^
SyntaxError: invalid syntax
srun: error: jwb0156: task 0: Exited with exit code 1
srun: Job 10128869 step creation still disabled, retrying (Requested nodes are busy)
srun: Job 10128869 step creation still disabled, retrying (Requested nodes are busy)
srun: Job 10128869 step creation still disabled, retrying (Requested nodes are busy)
srun: Job 10128869 step creation still disabled, retrying (Requested nodes are busy)
srun: Step created for job 10128869
Traceback (most recent call last):
  File "/p/project1/cesmtst/patakchiyousefi1/CODES-MS3/FORECASTLEAD/DL_TRAIN.py", line 1, in <module>
    from py_env_train import *
  File "/p/project1/cesmtst/patakchiyousefi1/CODES-MS3/FORECASTLEAD/py_env_train.py", line 7, in <module>
    import func_train
  File "/p/project1/cesmtst/patakchiyousefi1/CODES-MS3/FORECASTLEAD/func_train.py", line 2
    ! pip install keras-unet-collection
    ^
SyntaxError: invalid syntax
srun: error: jwb0138: task 0: Exited with exit code 1
srun: Job 10128869 step creation still disabled, retrying (Requested nodes are busy)
srun: Job 10128869 step creation still disabled, retrying (Requested nodes are busy)
srun: Job 10128869 step creation still disabled, retrying (Requested nodes are busy)
srun: Job 10128869 step creation temporarily disabled, retrying (Requested nodes are busy)
srun: Step created for job 10128869
srun: error: jwb0157: task 0: Exited with exit code 1
srun: Job 10128869 step creation still disabled, retrying (Requested nodes are busy)
srun: Job 10128869 step creation still disabled, retrying (Requested nodes are busy)
srun: Job 10128869 step creation still disabled, retrying (Requested nodes are busy)
srun: Step created for job 10128869
Traceback (most recent call last):
  File "/p/project1/cesmtst/patakchiyousefi1/CODES-MS3/FORECASTLEAD/DL_TRAIN.py", line 1, in <module>
    from py_env_train import *
  File "/p/project1/cesmtst/patakchiyousefi1/CODES-MS3/FORECASTLEAD/py_env_train.py", line 7, in <module>
    import func_train
  File "/p/project1/cesmtst/patakchiyousefi1/CODES-MS3/FORECASTLEAD/func_train.py", line 2
    ! pip install keras-unet-collection
    ^
SyntaxError: invalid syntax
Traceback (most recent call last):
  File "/p/project1/cesmtst/patakchiyousefi1/CODES-MS3/FORECASTLEAD/DL_TRAIN.py", line 1, in <module>
    from py_env_train import *
  File "/p/project1/cesmtst/patakchiyousefi1/CODES-MS3/FORECASTLEAD/py_env_train.py", line 7, in <module>
    import func_train
  File "/p/project1/cesmtst/patakchiyousefi1/CODES-MS3/FORECASTLEAD/func_train.py", line 2
    ! pip install keras-unet-collection
    ^
SyntaxError: invalid syntax
Traceback (most recent call last):
  File "/p/project1/cesmtst/patakchiyousefi1/CODES-MS3/FORECASTLEAD/DL_TRAIN.py", line 1, in <module>
    from py_env_train import *
  File "/p/project1/cesmtst/patakchiyousefi1/CODES-MS3/FORECASTLEAD/py_env_train.py", line 7, in <module>
    import func_train
  File "/p/project1/cesmtst/patakchiyousefi1/CODES-MS3/FORECASTLEAD/func_train.py", line 2
    ! pip install keras-unet-collection
    ^
SyntaxError: invalid syntax
srun: error: jwb0160: task 0: Exited with exit code 1
Traceback (most recent call last):
  File "/p/project1/cesmtst/patakchiyousefi1/CODES-MS3/FORECASTLEAD/DL_TRAIN.py", line 1, in <module>
srun: Job 10128869 step creation still disabled, retrying (Requested nodes are busy)
srun: Job 10128869 step creation still disabled, retrying (Requested nodes are busy)
srun: Job 10128869 step creation temporarily disabled, retrying (Requested nodes are busy)
srun: Job 10128869 step creation temporarily disabled, retrying (Requested nodes are busy)
srun: Step created for job 10128869
    from py_env_train import *
  File "/p/project1/cesmtst/patakchiyousefi1/CODES-MS3/FORECASTLEAD/py_env_train.py", line 7, in <module>
    import func_train
  File "/p/project1/cesmtst/patakchiyousefi1/CODES-MS3/FORECASTLEAD/func_train.py", line 2
    ! pip install keras-unet-collection
    ^
SyntaxError: invalid syntax
srun: error: jwb0158: task 0: Exited with exit code 1
srun: Job 10128869 step creation still disabled, retrying (Requested nodes are busy)
srun: Job 10128869 step creation still disabled, retrying (Requested nodes are busy)
srun: Job 10128869 step creation still disabled, retrying (Requested nodes are busy)
srun: Step created for job 10128869
srun: error: jwb0161: task 0: Exited with exit code 1
srun: Job 10128869 step creation still disabled, retrying (Requested nodes are busy)
srun: Job 10128869 step creation still disabled, retrying (Requested nodes are busy)
srun: Step created for job 10128869
srun: error: jwb0140: task 0: Exited with exit code 1
srun: Job 10128869 step creation still disabled, retrying (Requested nodes are busy)
srun: Job 10128869 step creation temporarily disabled, retrying (Requested nodes are busy)
srun: Step created for job 10128869
Traceback (most recent call last):
  File "/p/project1/cesmtst/patakchiyousefi1/CODES-MS3/FORECASTLEAD/DL_TRAIN.py", line 1, in <module>
    from py_env_train import *
  File "/p/project1/cesmtst/patakchiyousefi1/CODES-MS3/FORECASTLEAD/py_env_train.py", line 7, in <module>
    import func_train
  File "/p/project1/cesmtst/patakchiyousefi1/CODES-MS3/FORECASTLEAD/func_train.py", line 2
    ! pip install keras-unet-collection
    ^
SyntaxError: invalid syntax
Traceback (most recent call last):
  File "/p/project1/cesmtst/patakchiyousefi1/CODES-MS3/FORECASTLEAD/DL_TRAIN.py", line 1, in <module>
    from py_env_train import *
  File "/p/project1/cesmtst/patakchiyousefi1/CODES-MS3/FORECASTLEAD/py_env_train.py", line 7, in <module>
    import func_train
  File "/p/project1/cesmtst/patakchiyousefi1/CODES-MS3/FORECASTLEAD/func_train.py", line 2
    ! pip install keras-unet-collection
    ^
SyntaxError: invalid syntax
srun: error: jwb0162: task 0: Exited with exit code 1
srun: Job 10128869 step creation still disabled, retrying (Requested nodes are busy)
srun: Job 10128869 step creation temporarily disabled, retrying (Requested nodes are busy)
srun: Step created for job 10128869
Traceback (most recent call last):
  File "/p/project1/cesmtst/patakchiyousefi1/CODES-MS3/FORECASTLEAD/DL_TRAIN.py", line 1, in <module>
    from py_env_train import *
  File "/p/project1/cesmtst/patakchiyousefi1/CODES-MS3/FORECASTLEAD/py_env_train.py", line 7, in <module>
    import func_train
  File "/p/project1/cesmtst/patakchiyousefi1/CODES-MS3/FORECASTLEAD/func_train.py", line 2
    ! pip install keras-unet-collection
    ^
SyntaxError: invalid syntax
srun: error: jwb0169: task 0: Exited with exit code 1
srun: Job 10128869 step creation still disabled, retrying (Requested nodes are busy)
srun: Step created for job 10128869
Traceback (most recent call last):
  File "/p/project1/cesmtst/patakchiyousefi1/CODES-MS3/FORECASTLEAD/DL_TRAIN.py", line 1, in <module>
    from py_env_train import *
  File "/p/project1/cesmtst/patakchiyousefi1/CODES-MS3/FORECASTLEAD/py_env_train.py", line 7, in <module>
    import func_train
  File "/p/project1/cesmtst/patakchiyousefi1/CODES-MS3/FORECASTLEAD/func_train.py", line 2
    ! pip install keras-unet-collection
    ^
SyntaxError: invalid syntax
srun: error: jwb0151: task 0: Exited with exit code 1
srun: Job 10128869 step creation temporarily disabled, retrying (Requested nodes are busy)
srun: Step created for job 10128869
srun: error: jwb0150: task 0: Exited with exit code 1
Traceback (most recent call last):
  File "/p/project1/cesmtst/patakchiyousefi1/CODES-MS3/FORECASTLEAD/DL_TRAIN.py", line 1, in <module>
    from py_env_train import *
  File "/p/project1/cesmtst/patakchiyousefi1/CODES-MS3/FORECASTLEAD/py_env_train.py", line 7, in <module>
    import func_train
  File "/p/project1/cesmtst/patakchiyousefi1/CODES-MS3/FORECASTLEAD/func_train.py", line 2
    ! pip install keras-unet-collection
    ^
SyntaxError: invalid syntax
Traceback (most recent call last):
  File "/p/project1/cesmtst/patakchiyousefi1/CODES-MS3/FORECASTLEAD/DL_TRAIN.py", line 1, in <module>
    from py_env_train import *
  File "/p/project1/cesmtst/patakchiyousefi1/CODES-MS3/FORECASTLEAD/py_env_train.py", line 7, in <module>
    import func_train
  File "/p/project1/cesmtst/patakchiyousefi1/CODES-MS3/FORECASTLEAD/func_train.py", line 2
    ! pip install keras-unet-collection
    ^
SyntaxError: invalid syntax
srun: error: jwb0154: task 0: Exited with exit code 1
srun: Job 10128869 step creation temporarily disabled, retrying (Requested nodes are busy)
srun: Step created for job 10128869
srun: error: jwb0187: task 0: Exited with exit code 1
Traceback (most recent call last):
  File "/p/project1/cesmtst/patakchiyousefi1/CODES-MS3/FORECASTLEAD/DL_TRAIN.py", line 1, in <module>
    from py_env_train import *
  File "/p/project1/cesmtst/patakchiyousefi1/CODES-MS3/FORECASTLEAD/py_env_train.py", line 7, in <module>
    import func_train
  File "/p/project1/cesmtst/patakchiyousefi1/CODES-MS3/FORECASTLEAD/func_train.py", line 2
    ! pip install keras-unet-collection
    ^
SyntaxError: invalid syntax
Traceback (most recent call last):
  File "/p/project1/cesmtst/patakchiyousefi1/CODES-MS3/FORECASTLEAD/DL_TRAIN.py", line 1, in <module>
    from py_env_train import *
  File "/p/project1/cesmtst/patakchiyousefi1/CODES-MS3/FORECASTLEAD/py_env_train.py", line 7, in <module>
    import func_train
  File "/p/project1/cesmtst/patakchiyousefi1/CODES-MS3/FORECASTLEAD/func_train.py", line 2
    ! pip install keras-unet-collection
    ^
SyntaxError: invalid syntax
Traceback (most recent call last):
  File "/p/project1/cesmtst/patakchiyousefi1/CODES-MS3/FORECASTLEAD/DL_TRAIN.py", line 1, in <module>
Traceback (most recent call last):
  File "/p/project1/cesmtst/patakchiyousefi1/CODES-MS3/FORECASTLEAD/DL_TRAIN.py", line 1, in <module>
    from py_env_train import *
  File "/p/project1/cesmtst/patakchiyousefi1/CODES-MS3/FORECASTLEAD/py_env_train.py", line 7, in <module>
    import func_train
  File "/p/project1/cesmtst/patakchiyousefi1/CODES-MS3/FORECASTLEAD/func_train.py", line 2
    ! pip install keras-unet-collection
    ^
SyntaxError: invalid syntax
    from py_env_train import *
  File "/p/project1/cesmtst/patakchiyousefi1/CODES-MS3/FORECASTLEAD/py_env_train.py", line 7, in <module>
    import func_train
  File "/p/project1/cesmtst/patakchiyousefi1/CODES-MS3/FORECASTLEAD/func_train.py", line 2
    ! pip install keras-unet-collection
    ^
SyntaxError: invalid syntax
srun: error: jwb0155: task 0: Exited with exit code 1
srun: error: jwb0156: task 0: Exited with exit code 1
Traceback (most recent call last):
  File "/p/project1/cesmtst/patakchiyousefi1/CODES-MS3/FORECASTLEAD/DL_TRAIN.py", line 1, in <module>
Traceback (most recent call last):
  File "/p/project1/cesmtst/patakchiyousefi1/CODES-MS3/FORECASTLEAD/DL_TRAIN.py", line 1, in <module>
    from py_env_train import *
  File "/p/project1/cesmtst/patakchiyousefi1/CODES-MS3/FORECASTLEAD/py_env_train.py", line 7, in <module>
    import func_train
  File "/p/project1/cesmtst/patakchiyousefi1/CODES-MS3/FORECASTLEAD/func_train.py", line 2
    ! pip install keras-unet-collection
    ^
SyntaxError: invalid syntax
srun: error: jwb0137: task 0: Exited with exit code 1
    from py_env_train import *
  File "/p/project1/cesmtst/patakchiyousefi1/CODES-MS3/FORECASTLEAD/py_env_train.py", line 7, in <module>
    import func_train
  File "/p/project1/cesmtst/patakchiyousefi1/CODES-MS3/FORECASTLEAD/func_train.py", line 2
    ! pip install keras-unet-collection
    ^
SyntaxError: invalid syntax
srun: error: jwb0183: task 0: Exited with exit code 1
srun: error: jwb0138: task 0: Exited with exit code 1
srun: error: jwb0157: task 0: Exited with exit code 1
Traceback (most recent call last):
  File "/p/project1/cesmtst/patakchiyousefi1/CODES-MS3/FORECASTLEAD/DL_TRAIN.py", line 1, in <module>
Traceback (most recent call last):
  File "/p/project1/cesmtst/patakchiyousefi1/CODES-MS3/FORECASTLEAD/DL_TRAIN.py", line 1, in <module>
    from py_env_train import *
  File "/p/project1/cesmtst/patakchiyousefi1/CODES-MS3/FORECASTLEAD/py_env_train.py", line 7, in <module>
    import func_train
  File "/p/project1/cesmtst/patakchiyousefi1/CODES-MS3/FORECASTLEAD/func_train.py", line 2
    ! pip install keras-unet-collection
    ^
SyntaxError: invalid syntax
    from py_env_train import *
  File "/p/project1/cesmtst/patakchiyousefi1/CODES-MS3/FORECASTLEAD/py_env_train.py", line 7, in <module>
    import func_train
  File "/p/project1/cesmtst/patakchiyousefi1/CODES-MS3/FORECASTLEAD/func_train.py", line 2
    ! pip install keras-unet-collection
    ^
SyntaxError: invalid syntax
Traceback (most recent call last):
  File "/p/project1/cesmtst/patakchiyousefi1/CODES-MS3/FORECASTLEAD/DL_TRAIN.py", line 1, in <module>
    from py_env_train import *
  File "/p/project1/cesmtst/patakchiyousefi1/CODES-MS3/FORECASTLEAD/py_env_train.py", line 7, in <module>
    import func_train
  File "/p/project1/cesmtst/patakchiyousefi1/CODES-MS3/FORECASTLEAD/func_train.py", line 2
    ! pip install keras-unet-collection
    ^
SyntaxError: invalid syntax
srun: error: jwb0160: task 0: Exited with exit code 1
Traceback (most recent call last):
  File "/p/project1/cesmtst/patakchiyousefi1/CODES-MS3/FORECASTLEAD/DL_TRAIN.py", line 1, in <module>
srun: error: jwb0158: task 0: Exited with exit code 1
    from py_env_train import *
  File "/p/project1/cesmtst/patakchiyousefi1/CODES-MS3/FORECASTLEAD/py_env_train.py", line 7, in <module>
    import func_train
  File "/p/project1/cesmtst/patakchiyousefi1/CODES-MS3/FORECASTLEAD/func_train.py", line 2
    ! pip install keras-unet-collection
    ^
SyntaxError: invalid syntax
srun: error: jwb0161: task 0: Exited with exit code 1
srun: error: jwb0140: task 0: Exited with exit code 1
Traceback (most recent call last):
  File "/p/project1/cesmtst/patakchiyousefi1/CODES-MS3/FORECASTLEAD/DL_TRAIN.py", line 1, in <module>
    from py_env_train import *
  File "/p/project1/cesmtst/patakchiyousefi1/CODES-MS3/FORECASTLEAD/py_env_train.py", line 7, in <module>
    import func_train
  File "/p/project1/cesmtst/patakchiyousefi1/CODES-MS3/FORECASTLEAD/func_train.py", line 2
    ! pip install keras-unet-collection
    ^
SyntaxError: invalid syntax
Traceback (most recent call last):
  File "/p/project1/cesmtst/patakchiyousefi1/CODES-MS3/FORECASTLEAD/DL_TRAIN.py", line 1, in <module>
    from py_env_train import *
  File "/p/project1/cesmtst/patakchiyousefi1/CODES-MS3/FORECASTLEAD/py_env_train.py", line 7, in <module>
    import func_train
  File "/p/project1/cesmtst/patakchiyousefi1/CODES-MS3/FORECASTLEAD/func_train.py", line 2
    ! pip install keras-unet-collection
    ^
SyntaxError: invalid syntax
srun: error: jwb0162: task 0: Exited with exit code 1
Traceback (most recent call last):
  File "/p/project1/cesmtst/patakchiyousefi1/CODES-MS3/FORECASTLEAD/DL_TRAIN.py", line 1, in <module>
    from py_env_train import *
  File "/p/project1/cesmtst/patakchiyousefi1/CODES-MS3/FORECASTLEAD/py_env_train.py", line 7, in <module>
    import func_train
  File "/p/project1/cesmtst/patakchiyousefi1/CODES-MS3/FORECASTLEAD/func_train.py", line 2
    ! pip install keras-unet-collection
    ^
SyntaxError: invalid syntax
srun: error: jwb0169: task 0: Exited with exit code 1
srun: error: jwb0151: task 0: Exited with exit code 1
Traceback (most recent call last):
  File "/p/project1/cesmtst/patakchiyousefi1/CODES-MS3/FORECASTLEAD/DL_TRAIN.py", line 1, in <module>
    from py_env_train import *
  File "/p/project1/cesmtst/patakchiyousefi1/CODES-MS3/FORECASTLEAD/py_env_train.py", line 7, in <module>
    import func_train
  File "/p/project1/cesmtst/patakchiyousefi1/CODES-MS3/FORECASTLEAD/func_train.py", line 2
    ! pip install keras-unet-collection
    ^
SyntaxError: invalid syntax
srun: error: jwb0150: task 0: Exited with exit code 1
Traceback (most recent call last):
  File "/p/project1/cesmtst/patakchiyousefi1/CODES-MS3/FORECASTLEAD/DL_TRAIN.py", line 1, in <module>
    from py_env_train import *
  File "/p/project1/cesmtst/patakchiyousefi1/CODES-MS3/FORECASTLEAD/py_env_train.py", line 7, in <module>
    import func_train
  File "/p/project1/cesmtst/patakchiyousefi1/CODES-MS3/FORECASTLEAD/func_train.py", line 2
    ! pip install keras-unet-collection
    ^
SyntaxError: invalid syntax
srun: error: jwb0154: task 0: Exited with exit code 1
Traceback (most recent call last):
  File "/p/project1/cesmtst/patakchiyousefi1/CODES-MS3/FORECASTLEAD/DL_TRAIN.py", line 1, in <module>
    from py_env_train import *
  File "/p/project1/cesmtst/patakchiyousefi1/CODES-MS3/FORECASTLEAD/py_env_train.py", line 7, in <module>
    import func_train
  File "/p/project1/cesmtst/patakchiyousefi1/CODES-MS3/FORECASTLEAD/func_train.py", line 2
    ! pip install keras-unet-collection
    ^
SyntaxError: invalid syntax
srun: error: jwb0187: task 0: Exited with exit code 1
Traceback (most recent call last):
  File "/p/project1/cesmtst/patakchiyousefi1/CODES-MS3/FORECASTLEAD/DL_TRAIN.py", line 1, in <module>
    from py_env_train import *
  File "/p/project1/cesmtst/patakchiyousefi1/CODES-MS3/FORECASTLEAD/py_env_train.py", line 7, in <module>
    import func_train
  File "/p/project1/cesmtst/patakchiyousefi1/CODES-MS3/FORECASTLEAD/func_train.py", line 2
    ! pip install keras-unet-collection
    ^
SyntaxError: invalid syntax
srun: error: jwb0137: task 0: Exited with exit code 1
Traceback (most recent call last):
  File "/p/project1/cesmtst/patakchiyousefi1/CODES-MS3/FORECASTLEAD/DL_TRAIN.py", line 1, in <module>
    from py_env_train import *
  File "/p/project1/cesmtst/patakchiyousefi1/CODES-MS3/FORECASTLEAD/py_env_train.py", line 7, in <module>
    import func_train
  File "/p/project1/cesmtst/patakchiyousefi1/CODES-MS3/FORECASTLEAD/func_train.py", line 2
    ! pip install keras-unet-collection
    ^
SyntaxError: invalid syntax
srun: error: jwb0138: task 0: Exited with exit code 1
Traceback (most recent call last):
  File "/p/project1/cesmtst/patakchiyousefi1/CODES-MS3/FORECASTLEAD/DL_TRAIN.py", line 1, in <module>
    from py_env_train import *
  File "/p/project1/cesmtst/patakchiyousefi1/CODES-MS3/FORECASTLEAD/py_env_train.py", line 7, in <module>
    import func_train
  File "/p/project1/cesmtst/patakchiyousefi1/CODES-MS3/FORECASTLEAD/func_train.py", line 2
    ! pip install keras-unet-collection
    ^
SyntaxError: invalid syntax
srun: error: jwb0155: task 0: Exited with exit code 1
Traceback (most recent call last):
  File "/p/project1/cesmtst/patakchiyousefi1/CODES-MS3/FORECASTLEAD/DL_TRAIN.py", line 1, in <module>
    from py_env_train import *
  File "/p/project1/cesmtst/patakchiyousefi1/CODES-MS3/FORECASTLEAD/py_env_train.py", line 7, in <module>
    import func_train
  File "/p/project1/cesmtst/patakchiyousefi1/CODES-MS3/FORECASTLEAD/func_train.py", line 2
    ! pip install keras-unet-collection
    ^
SyntaxError: invalid syntax
srun: error: jwb0140: task 0: Exited with exit code 1
Traceback (most recent call last):
  File "/p/project1/cesmtst/patakchiyousefi1/CODES-MS3/FORECASTLEAD/DL_TRAIN.py", line 1, in <module>
    from py_env_train import *
  File "/p/project1/cesmtst/patakchiyousefi1/CODES-MS3/FORECASTLEAD/py_env_train.py", line 7, in <module>
    import func_train
  File "/p/project1/cesmtst/patakchiyousefi1/CODES-MS3/FORECASTLEAD/func_train.py", line 2
    ! pip install keras-unet-collection
    ^
SyntaxError: invalid syntax
srun: error: jwb0156: task 0: Exited with exit code 1
Traceback (most recent call last):
  File "/p/project1/cesmtst/patakchiyousefi1/CODES-MS3/FORECASTLEAD/DL_TRAIN.py", line 1, in <module>
    from py_env_train import *
  File "/p/project1/cesmtst/patakchiyousefi1/CODES-MS3/FORECASTLEAD/py_env_train.py", line 7, in <module>
    import func_train
  File "/p/project1/cesmtst/patakchiyousefi1/CODES-MS3/FORECASTLEAD/func_train.py", line 2
    ! pip install keras-unet-collection
    ^
SyntaxError: invalid syntax
srun: error: jwb0151: task 0: Exited with exit code 1
Traceback (most recent call last):
  File "/p/project1/cesmtst/patakchiyousefi1/CODES-MS3/FORECASTLEAD/DL_TRAIN.py", line 1, in <module>
    from py_env_train import *
  File "/p/project1/cesmtst/patakchiyousefi1/CODES-MS3/FORECASTLEAD/py_env_train.py", line 7, in <module>
    import func_train
  File "/p/project1/cesmtst/patakchiyousefi1/CODES-MS3/FORECASTLEAD/func_train.py", line 2
    ! pip install keras-unet-collection
    ^
SyntaxError: invalid syntax
srun: error: jwb0150: task 0: Exited with exit code 1
Traceback (most recent call last):
  File "/p/project1/cesmtst/patakchiyousefi1/CODES-MS3/FORECASTLEAD/DL_TRAIN.py", line 1, in <module>
    from py_env_train import *
  File "/p/project1/cesmtst/patakchiyousefi1/CODES-MS3/FORECASTLEAD/py_env_train.py", line 7, in <module>
    import func_train
  File "/p/project1/cesmtst/patakchiyousefi1/CODES-MS3/FORECASTLEAD/func_train.py", line 2
    ! pip install keras-unet-collection
    ^
SyntaxError: invalid syntax
srun: error: jwb0154: task 0: Exited with exit code 1
Traceback (most recent call last):
  File "/p/project1/cesmtst/patakchiyousefi1/CODES-MS3/FORECASTLEAD/DL_TRAIN.py", line 1, in <module>
    from py_env_train import *
  File "/p/project1/cesmtst/patakchiyousefi1/CODES-MS3/FORECASTLEAD/py_env_train.py", line 7, in <module>
    import func_train
  File "/p/project1/cesmtst/patakchiyousefi1/CODES-MS3/FORECASTLEAD/func_train.py", line 2
    ! pip install keras-unet-collection
    ^
SyntaxError: invalid syntax
srun: error: jwb0157: task 0: Exited with exit code 1
Traceback (most recent call last):
  File "/p/project1/cesmtst/patakchiyousefi1/CODES-MS3/FORECASTLEAD/DL_TRAIN.py", line 1, in <module>
    from py_env_train import *
  File "/p/project1/cesmtst/patakchiyousefi1/CODES-MS3/FORECASTLEAD/py_env_train.py", line 7, in <module>
    import func_train
  File "/p/project1/cesmtst/patakchiyousefi1/CODES-MS3/FORECASTLEAD/func_train.py", line 2
    ! pip install keras-unet-collection
    ^
SyntaxError: invalid syntax
Traceback (most recent call last):
  File "/p/project1/cesmtst/patakchiyousefi1/CODES-MS3/FORECASTLEAD/DL_TRAIN.py", line 1, in <module>
srun: error: jwb0137: task 0: Exited with exit code 1
    from py_env_train import *
  File "/p/project1/cesmtst/patakchiyousefi1/CODES-MS3/FORECASTLEAD/py_env_train.py", line 7, in <module>
    import func_train
  File "/p/project1/cesmtst/patakchiyousefi1/CODES-MS3/FORECASTLEAD/func_train.py", line 2
    ! pip install keras-unet-collection
    ^
SyntaxError: invalid syntax
srun: error: jwb0138: task 0: Exited with exit code 1
Traceback (most recent call last):
  File "/p/project1/cesmtst/patakchiyousefi1/CODES-MS3/FORECASTLEAD/DL_TRAIN.py", line 1, in <module>
    from py_env_train import *
  File "/p/project1/cesmtst/patakchiyousefi1/CODES-MS3/FORECASTLEAD/py_env_train.py", line 7, in <module>
    import func_train
  File "/p/project1/cesmtst/patakchiyousefi1/CODES-MS3/FORECASTLEAD/func_train.py", line 2
    ! pip install keras-unet-collection
    ^
SyntaxError: invalid syntax
srun: error: jwb0155: task 0: Exited with exit code 1
Traceback (most recent call last):
  File "/p/project1/cesmtst/patakchiyousefi1/CODES-MS3/FORECASTLEAD/DL_TRAIN.py", line 1, in <module>
    from py_env_train import *
  File "/p/project1/cesmtst/patakchiyousefi1/CODES-MS3/FORECASTLEAD/py_env_train.py", line 7, in <module>
    import func_train
  File "/p/project1/cesmtst/patakchiyousefi1/CODES-MS3/FORECASTLEAD/func_train.py", line 2
    ! pip install keras-unet-collection
    ^
SyntaxError: invalid syntax
srun: error: jwb0140: task 0: Exited with exit code 1
Traceback (most recent call last):
  File "/p/project1/cesmtst/patakchiyousefi1/CODES-MS3/FORECASTLEAD/DL_TRAIN.py", line 1, in <module>
    from py_env_train import *
  File "/p/project1/cesmtst/patakchiyousefi1/CODES-MS3/FORECASTLEAD/py_env_train.py", line 7, in <module>
    import func_train
  File "/p/project1/cesmtst/patakchiyousefi1/CODES-MS3/FORECASTLEAD/func_train.py", line 2
    ! pip install keras-unet-collection
    ^
SyntaxError: invalid syntax
srun: error: jwb0156: task 0: Exited with exit code 1
Traceback (most recent call last):
  File "/p/project1/cesmtst/patakchiyousefi1/CODES-MS3/FORECASTLEAD/DL_TRAIN.py", line 1, in <module>
    from py_env_train import *
  File "/p/project1/cesmtst/patakchiyousefi1/CODES-MS3/FORECASTLEAD/py_env_train.py", line 7, in <module>
    import func_train
  File "/p/project1/cesmtst/patakchiyousefi1/CODES-MS3/FORECASTLEAD/func_train.py", line 2
    ! pip install keras-unet-collection
    ^
SyntaxError: invalid syntax
srun: error: jwb0151: task 0: Exited with exit code 1
Traceback (most recent call last):
  File "/p/project1/cesmtst/patakchiyousefi1/CODES-MS3/FORECASTLEAD/DL_TRAIN.py", line 1, in <module>
    from py_env_train import *
  File "/p/project1/cesmtst/patakchiyousefi1/CODES-MS3/FORECASTLEAD/py_env_train.py", line 7, in <module>
    import func_train
  File "/p/project1/cesmtst/patakchiyousefi1/CODES-MS3/FORECASTLEAD/func_train.py", line 2
    ! pip install keras-unet-collection
    ^
SyntaxError: invalid syntax
srun: error: jwb0150: task 0: Exited with exit code 1
Traceback (most recent call last):
  File "/p/project1/cesmtst/patakchiyousefi1/CODES-MS3/FORECASTLEAD/DL_TRAIN.py", line 1, in <module>
    from py_env_train import *
  File "/p/project1/cesmtst/patakchiyousefi1/CODES-MS3/FORECASTLEAD/py_env_train.py", line 7, in <module>
    import func_train
  File "/p/project1/cesmtst/patakchiyousefi1/CODES-MS3/FORECASTLEAD/func_train.py", line 2
    ! pip install keras-unet-collection
    ^
SyntaxError: invalid syntax
srun: error: jwb0154: task 0: Exited with exit code 1
Traceback (most recent call last):
  File "/p/project1/cesmtst/patakchiyousefi1/CODES-MS3/FORECASTLEAD/DL_TRAIN.py", line 1, in <module>
    from py_env_train import *
  File "/p/project1/cesmtst/patakchiyousefi1/CODES-MS3/FORECASTLEAD/py_env_train.py", line 7, in <module>
    import func_train
  File "/p/project1/cesmtst/patakchiyousefi1/CODES-MS3/FORECASTLEAD/func_train.py", line 2
    ! pip install keras-unet-collection
    ^
SyntaxError: invalid syntax
srun: error: jwb0157: task 0: Exited with exit code 1
Traceback (most recent call last):
  File "/p/project1/cesmtst/patakchiyousefi1/CODES-MS3/FORECASTLEAD/DL_TRAIN.py", line 1, in <module>
    from py_env_train import *
  File "/p/project1/cesmtst/patakchiyousefi1/CODES-MS3/FORECASTLEAD/py_env_train.py", line 7, in <module>
    import func_train
  File "/p/project1/cesmtst/patakchiyousefi1/CODES-MS3/FORECASTLEAD/func_train.py", line 2
    ! pip install keras-unet-collection
    ^
SyntaxError: invalid syntax
srun: error: jwb0137: task 0: Exited with exit code 1
Traceback (most recent call last):
  File "/p/project1/cesmtst/patakchiyousefi1/CODES-MS3/FORECASTLEAD/DL_TRAIN.py", line 1, in <module>
    from py_env_train import *
  File "/p/project1/cesmtst/patakchiyousefi1/CODES-MS3/FORECASTLEAD/py_env_train.py", line 7, in <module>
    import func_train
  File "/p/project1/cesmtst/patakchiyousefi1/CODES-MS3/FORECASTLEAD/func_train.py", line 2
    ! pip install keras-unet-collection
    ^
SyntaxError: invalid syntax
srun: error: jwb0138: task 0: Exited with exit code 1
Traceback (most recent call last):
  File "/p/project1/cesmtst/patakchiyousefi1/CODES-MS3/FORECASTLEAD/DL_TRAIN.py", line 1, in <module>
    from py_env_train import *
  File "/p/project1/cesmtst/patakchiyousefi1/CODES-MS3/FORECASTLEAD/py_env_train.py", line 7, in <module>
    import func_train
  File "/p/project1/cesmtst/patakchiyousefi1/CODES-MS3/FORECASTLEAD/func_train.py", line 2
    ! pip install keras-unet-collection
    ^
SyntaxError: invalid syntax
srun: error: jwb0155: task 0: Exited with exit code 1
Traceback (most recent call last):
  File "/p/project1/cesmtst/patakchiyousefi1/CODES-MS3/FORECASTLEAD/DL_TRAIN.py", line 1, in <module>
    from py_env_train import *
  File "/p/project1/cesmtst/patakchiyousefi1/CODES-MS3/FORECASTLEAD/py_env_train.py", line 7, in <module>
    import func_train
  File "/p/project1/cesmtst/patakchiyousefi1/CODES-MS3/FORECASTLEAD/func_train.py", line 2
    ! pip install keras-unet-collection
    ^
SyntaxError: invalid syntax
srun: error: jwb0140: task 0: Exited with exit code 1
Traceback (most recent call last):
  File "/p/project1/cesmtst/patakchiyousefi1/CODES-MS3/FORECASTLEAD/DL_TRAIN.py", line 1, in <module>
    from py_env_train import *
  File "/p/project1/cesmtst/patakchiyousefi1/CODES-MS3/FORECASTLEAD/py_env_train.py", line 7, in <module>
    import func_train
  File "/p/project1/cesmtst/patakchiyousefi1/CODES-MS3/FORECASTLEAD/func_train.py", line 2
    ! pip install keras-unet-collection
    ^
SyntaxError: invalid syntax
srun: error: jwb0156: task 0: Exited with exit code 1
Traceback (most recent call last):
  File "/p/project1/cesmtst/patakchiyousefi1/CODES-MS3/FORECASTLEAD/DL_TRAIN.py", line 1, in <module>
    from py_env_train import *
  File "/p/project1/cesmtst/patakchiyousefi1/CODES-MS3/FORECASTLEAD/py_env_train.py", line 7, in <module>
    import func_train
  File "/p/project1/cesmtst/patakchiyousefi1/CODES-MS3/FORECASTLEAD/func_train.py", line 2
    ! pip install keras-unet-collection
    ^
SyntaxError: invalid syntax
srun: error: jwb0151: task 0: Exited with exit code 1
Traceback (most recent call last):
  File "/p/project1/cesmtst/patakchiyousefi1/CODES-MS3/FORECASTLEAD/DL_TRAIN.py", line 1, in <module>
    from py_env_train import *
  File "/p/project1/cesmtst/patakchiyousefi1/CODES-MS3/FORECASTLEAD/py_env_train.py", line 7, in <module>
    import func_train
  File "/p/project1/cesmtst/patakchiyousefi1/CODES-MS3/FORECASTLEAD/func_train.py", line 2
    ! pip install keras-unet-collection
    ^
SyntaxError: invalid syntax
srun: error: jwb0150: task 0: Exited with exit code 1
Traceback (most recent call last):
  File "/p/project1/cesmtst/patakchiyousefi1/CODES-MS3/FORECASTLEAD/DL_TRAIN.py", line 1, in <module>
    from py_env_train import *
  File "/p/project1/cesmtst/patakchiyousefi1/CODES-MS3/FORECASTLEAD/py_env_train.py", line 7, in <module>
    import func_train
  File "/p/project1/cesmtst/patakchiyousefi1/CODES-MS3/FORECASTLEAD/func_train.py", line 2
    ! pip install keras-unet-collection
    ^
SyntaxError: invalid syntax
srun: error: jwb0154: task 0: Exited with exit code 1
Traceback (most recent call last):
  File "/p/project1/cesmtst/patakchiyousefi1/CODES-MS3/FORECASTLEAD/DL_TRAIN.py", line 1, in <module>
    from py_env_train import *
  File "/p/project1/cesmtst/patakchiyousefi1/CODES-MS3/FORECASTLEAD/py_env_train.py", line 7, in <module>
    import func_train
  File "/p/project1/cesmtst/patakchiyousefi1/CODES-MS3/FORECASTLEAD/func_train.py", line 2
    ! pip install keras-unet-collection
    ^
SyntaxError: invalid syntax
srun: error: jwb0157: task 0: Exited with exit code 1
