/var/spool/parastation/jobs/10128864: line 17: /p/project1/cesmtst/patakchiyousefi1/CODES-MS3/FORECASTSEAD/bashenv-train: No such file or directory
Traceback (most recent call last):
  File "/p/project1/cesmtst/patakchiyousefi1/CODES-MS3/FORECASTLEAD/DL_TRAIN.py", line 1, in <module>
    from py_env_train import *
  File "/p/project1/cesmtst/patakchiyousefi1/CODES-MS3/FORECASTLEAD/py_env_train.py", line 7, in <module>
    import func_train
  File "/p/project1/cesmtst/patakchiyousefi1/CODES-MS3/FORECASTLEAD/func_train.py", line 2
    ! pip install keras-unet-collection
    ^
SyntaxError: invalid syntax
Traceback (most recent call last):
  File "/p/project1/cesmtst/patakchiyousefi1/CODES-MS3/FORECASTLEAD/DL_TRAIN.py", line 1, in <module>
    from py_env_train import *
  File "/p/project1/cesmtst/patakchiyousefi1/CODES-MS3/FORECASTLEAD/py_env_train.py", line 7, in <module>
    import func_train
  File "/p/project1/cesmtst/patakchiyousefi1/CODES-MS3/FORECASTLEAD/func_train.py", line 2
    ! pip install keras-unet-collection
    ^
SyntaxError: invalid syntax
srun: error: jwb0471: task 0: Exited with exit code 1
srun: Job 10128864 step creation temporarily disabled, retrying (Requested nodes are busy)
srun: Step created for job 10128864
Traceback (most recent call last):
  File "/p/project1/cesmtst/patakchiyousefi1/CODES-MS3/FORECASTLEAD/DL_TRAIN.py", line 1, in <module>
    from py_env_train import *
  File "/p/project1/cesmtst/patakchiyousefi1/CODES-MS3/FORECASTLEAD/py_env_train.py", line 7, in <module>
    import func_train
  File "/p/project1/cesmtst/patakchiyousefi1/CODES-MS3/FORECASTLEAD/func_train.py", line 2
    ! pip install keras-unet-collection
    ^
SyntaxError: invalid syntax
srun: error: jwb0473: task 0: Exited with exit code 1
srun: Job 10128864 step creation temporarily disabled, retrying (Requested nodes are busy)
srun: Step created for job 10128864
srun: error: jwb0474: task 0: Exited with exit code 1
srun: Job 10128864 step creation temporarily disabled, retrying (Requested nodes are busy)
srun: Step created for job 10128864
Traceback (most recent call last):
  File "/p/project1/cesmtst/patakchiyousefi1/CODES-MS3/FORECASTLEAD/DL_TRAIN.py", line 1, in <module>
    from py_env_train import *
  File "/p/project1/cesmtst/patakchiyousefi1/CODES-MS3/FORECASTLEAD/py_env_train.py", line 7, in <module>
    import func_train
  File "/p/project1/cesmtst/patakchiyousefi1/CODES-MS3/FORECASTLEAD/func_train.py", line 2
    ! pip install keras-unet-collection
    ^
SyntaxError: invalid syntax
srun: error: jwb0475: task 0: Exited with exit code 1
Traceback (most recent call last):
  File "/p/project1/cesmtst/patakchiyousefi1/CODES-MS3/FORECASTLEAD/DL_TRAIN.py", line 1, in <module>
    from py_env_train import *
  File "/p/project1/cesmtst/patakchiyousefi1/CODES-MS3/FORECASTLEAD/py_env_train.py", line 7, in <module>
    import func_train
  File "/p/project1/cesmtst/patakchiyousefi1/CODES-MS3/FORECASTLEAD/func_train.py", line 2
    ! pip install keras-unet-collection
    ^
SyntaxError: invalid syntax
srun: Job 10128864 step creation temporarily disabled, retrying (Requested nodes are busy)
srun: Step created for job 10128864
srun: error: jwb0478: task 0: Exited with exit code 1
srun: Job 10128864 step creation temporarily disabled, retrying (Requested nodes are busy)
srun: Step created for job 10128864
Traceback (most recent call last):
  File "/p/project1/cesmtst/patakchiyousefi1/CODES-MS3/FORECASTLEAD/DL_TRAIN.py", line 1, in <module>
    from py_env_train import *
  File "/p/project1/cesmtst/patakchiyousefi1/CODES-MS3/FORECASTLEAD/py_env_train.py", line 7, in <module>
    import func_train
  File "/p/project1/cesmtst/patakchiyousefi1/CODES-MS3/FORECASTLEAD/func_train.py", line 2
    ! pip install keras-unet-collection
    ^
SyntaxError: invalid syntax
Traceback (most recent call last):
  File "/p/project1/cesmtst/patakchiyousefi1/CODES-MS3/FORECASTLEAD/DL_TRAIN.py", line 1, in <module>
    from py_env_train import *
  File "/p/project1/cesmtst/patakchiyousefi1/CODES-MS3/FORECASTLEAD/py_env_train.py", line 7, in <module>
    import func_train
  File "/p/project1/cesmtst/patakchiyousefi1/CODES-MS3/FORECASTLEAD/func_train.py", line 2
    ! pip install keras-unet-collection
    ^
SyntaxError: invalid syntax
srun: error: jwb0897: task 0: Exited with exit code 1
srun: Job 10128864 step creation temporarily disabled, retrying (Requested nodes are busy)
srun: Job 10128864 step creation temporarily disabled, retrying (Requested nodes are busy)
srun: Step created for job 10128864
srun: error: jwb0479: task 0: Exited with exit code 1
srun: Job 10128864 step creation still disabled, retrying (Requested nodes are busy)
srun: Step created for job 10128864
Traceback (most recent call last):
  File "/p/project1/cesmtst/patakchiyousefi1/CODES-MS3/FORECASTLEAD/DL_TRAIN.py", line 1, in <module>
    from py_env_train import *
  File "/p/project1/cesmtst/patakchiyousefi1/CODES-MS3/FORECASTLEAD/py_env_train.py", line 7, in <module>
    import func_train
  File "/p/project1/cesmtst/patakchiyousefi1/CODES-MS3/FORECASTLEAD/func_train.py", line 2
    ! pip install keras-unet-collection
    ^
SyntaxError: invalid syntax
srun: error: jwb0900: task 0: Exited with exit code 1
srun: Job 10128864 step creation temporarily disabled, retrying (Requested nodes are busy)
srun: Job 10128864 step creation temporarily disabled, retrying (Requested nodes are busy)
srun: Step created for job 10128864
Traceback (most recent call last):
  File "/p/project1/cesmtst/patakchiyousefi1/CODES-MS3/FORECASTLEAD/DL_TRAIN.py", line 1, in <module>
Traceback (most recent call last):
  File "/p/project1/cesmtst/patakchiyousefi1/CODES-MS3/FORECASTLEAD/DL_TRAIN.py", line 1, in <module>
Traceback (most recent call last):
  File "/p/project1/cesmtst/patakchiyousefi1/CODES-MS3/FORECASTLEAD/DL_TRAIN.py", line 1, in <module>
    from py_env_train import *
  File "/p/project1/cesmtst/patakchiyousefi1/CODES-MS3/FORECASTLEAD/py_env_train.py", line 7, in <module>
    import func_train
  File "/p/project1/cesmtst/patakchiyousefi1/CODES-MS3/FORECASTLEAD/func_train.py", line 2
    ! pip install keras-unet-collection
    ^
SyntaxError: invalid syntax
    from py_env_train import *
  File "/p/project1/cesmtst/patakchiyousefi1/CODES-MS3/FORECASTLEAD/py_env_train.py", line 7, in <module>
    import func_train
  File "/p/project1/cesmtst/patakchiyousefi1/CODES-MS3/FORECASTLEAD/func_train.py", line 2
    ! pip install keras-unet-collection
    ^
SyntaxError: invalid syntax
    from py_env_train import *
  File "/p/project1/cesmtst/patakchiyousefi1/CODES-MS3/FORECASTLEAD/py_env_train.py", line 7, in <module>
    import func_train
  File "/p/project1/cesmtst/patakchiyousefi1/CODES-MS3/FORECASTLEAD/func_train.py", line 2
    ! pip install keras-unet-collection
    ^
SyntaxError: invalid syntax
Traceback (most recent call last):
  File "/p/project1/cesmtst/patakchiyousefi1/CODES-MS3/FORECASTLEAD/DL_TRAIN.py", line 1, in <module>
    from py_env_train import *
  File "/p/project1/cesmtst/patakchiyousefi1/CODES-MS3/FORECASTLEAD/py_env_train.py", line 7, in <module>
    import func_train
  File "/p/project1/cesmtst/patakchiyousefi1/CODES-MS3/FORECASTLEAD/func_train.py", line 2
    ! pip install keras-unet-collection
    ^
SyntaxError: invalid syntax
srun: error: jwb0471: task 0: Exited with exit code 1
srun: Job 10128864 step creation still disabled, retrying (Requested nodes are busy)
srun: Job 10128864 step creation temporarily disabled, retrying (Requested nodes are busy)
srun: Step created for job 10128864
srun: error: jwb0903: task 0: Exited with exit code 1
srun: Job 10128864 step creation still disabled, retrying (Requested nodes are busy)
srun: Step created for job 10128864
srun: error: jwb0905: task 0: Exited with exit code 1
srun: error: jwb0473: task 0: Exited with exit code 1
Traceback (most recent call last):
  File "/p/project1/cesmtst/patakchiyousefi1/CODES-MS3/FORECASTLEAD/DL_TRAIN.py", line 1, in <module>
Traceback (most recent call last):
  File "/p/project1/cesmtst/patakchiyousefi1/CODES-MS3/FORECASTLEAD/DL_TRAIN.py", line 1, in <module>
    from py_env_train import *
  File "/p/project1/cesmtst/patakchiyousefi1/CODES-MS3/FORECASTLEAD/py_env_train.py", line 7, in <module>
    import func_train
  File "/p/project1/cesmtst/patakchiyousefi1/CODES-MS3/FORECASTLEAD/func_train.py", line 2
    ! pip install keras-unet-collection
    ^
SyntaxError: invalid syntax
    from py_env_train import *
  File "/p/project1/cesmtst/patakchiyousefi1/CODES-MS3/FORECASTLEAD/py_env_train.py", line 7, in <module>
    import func_train
  File "/p/project1/cesmtst/patakchiyousefi1/CODES-MS3/FORECASTLEAD/func_train.py", line 2
    ! pip install keras-unet-collection
    ^
SyntaxError: invalid syntax
srun: error: jwb0474: task 0: Exited with exit code 1
srun: error: jwb0906: task 0: Exited with exit code 1
Traceback (most recent call last):
  File "/p/project1/cesmtst/patakchiyousefi1/CODES-MS3/FORECASTLEAD/DL_TRAIN.py", line 1, in <module>
    from py_env_train import *
  File "/p/project1/cesmtst/patakchiyousefi1/CODES-MS3/FORECASTLEAD/py_env_train.py", line 7, in <module>
    import func_train
  File "/p/project1/cesmtst/patakchiyousefi1/CODES-MS3/FORECASTLEAD/func_train.py", line 2
    ! pip install keras-unet-collection
    ^
SyntaxError: invalid syntax
Traceback (most recent call last):
  File "/p/project1/cesmtst/patakchiyousefi1/CODES-MS3/FORECASTLEAD/DL_TRAIN.py", line 1, in <module>
    from py_env_train import *
  File "/p/project1/cesmtst/patakchiyousefi1/CODES-MS3/FORECASTLEAD/py_env_train.py", line 7, in <module>
    import func_train
  File "/p/project1/cesmtst/patakchiyousefi1/CODES-MS3/FORECASTLEAD/func_train.py", line 2
    ! pip install keras-unet-collection
    ^
SyntaxError: invalid syntax
Traceback (most recent call last):
  File "/p/project1/cesmtst/patakchiyousefi1/CODES-MS3/FORECASTLEAD/DL_TRAIN.py", line 1, in <module>
    from py_env_train import *
  File "/p/project1/cesmtst/patakchiyousefi1/CODES-MS3/FORECASTLEAD/py_env_train.py", line 7, in <module>
    import func_train
  File "/p/project1/cesmtst/patakchiyousefi1/CODES-MS3/FORECASTLEAD/func_train.py", line 2
    ! pip install keras-unet-collection
    ^
SyntaxError: invalid syntax
srun: error: jwb0908: task 0: Exited with exit code 1
srun: error: jwb0475: task 0: Exited with exit code 1
srun: error: jwb0478: task 0: Exited with exit code 1
Traceback (most recent call last):
  File "/p/project1/cesmtst/patakchiyousefi1/CODES-MS3/FORECASTLEAD/DL_TRAIN.py", line 1, in <module>
    from py_env_train import *
  File "/p/project1/cesmtst/patakchiyousefi1/CODES-MS3/FORECASTLEAD/py_env_train.py", line 7, in <module>
    import func_train
  File "/p/project1/cesmtst/patakchiyousefi1/CODES-MS3/FORECASTLEAD/func_train.py", line 2
    ! pip install keras-unet-collection
    ^
SyntaxError: invalid syntax
Traceback (most recent call last):
  File "/p/project1/cesmtst/patakchiyousefi1/CODES-MS3/FORECASTLEAD/DL_TRAIN.py", line 1, in <module>
Traceback (most recent call last):
  File "/p/project1/cesmtst/patakchiyousefi1/CODES-MS3/FORECASTLEAD/DL_TRAIN.py", line 1, in <module>
    from py_env_train import *
  File "/p/project1/cesmtst/patakchiyousefi1/CODES-MS3/FORECASTLEAD/py_env_train.py", line 7, in <module>
    import func_train
  File "/p/project1/cesmtst/patakchiyousefi1/CODES-MS3/FORECASTLEAD/func_train.py", line 2
    ! pip install keras-unet-collection
    ^
SyntaxError: invalid syntax
    from py_env_train import *
  File "/p/project1/cesmtst/patakchiyousefi1/CODES-MS3/FORECASTLEAD/py_env_train.py", line 7, in <module>
    import func_train
  File "/p/project1/cesmtst/patakchiyousefi1/CODES-MS3/FORECASTLEAD/func_train.py", line 2
    ! pip install keras-unet-collection
    ^
SyntaxError: invalid syntax
Traceback (most recent call last):
  File "/p/project1/cesmtst/patakchiyousefi1/CODES-MS3/FORECASTLEAD/DL_TRAIN.py", line 1, in <module>
    from py_env_train import *
  File "/p/project1/cesmtst/patakchiyousefi1/CODES-MS3/FORECASTLEAD/py_env_train.py", line 7, in <module>
    import func_train
  File "/p/project1/cesmtst/patakchiyousefi1/CODES-MS3/FORECASTLEAD/func_train.py", line 2
    ! pip install keras-unet-collection
    ^
SyntaxError: invalid syntax
srun: error: jwb0917: task 0: Exited with exit code 1
srun: error: jwb0897: task 0: Exited with exit code 1
srun: error: jwb0921: task 0: Exited with exit code 1
srun: error: jwb0479: task 0: Exited with exit code 1
Traceback (most recent call last):
  File "/p/project1/cesmtst/patakchiyousefi1/CODES-MS3/FORECASTLEAD/DL_TRAIN.py", line 1, in <module>
    from py_env_train import *
  File "/p/project1/cesmtst/patakchiyousefi1/CODES-MS3/FORECASTLEAD/py_env_train.py", line 7, in <module>
    import func_train
  File "/p/project1/cesmtst/patakchiyousefi1/CODES-MS3/FORECASTLEAD/func_train.py", line 2
    ! pip install keras-unet-collection
    ^
SyntaxError: invalid syntax
Traceback (most recent call last):
  File "/p/project1/cesmtst/patakchiyousefi1/CODES-MS3/FORECASTLEAD/DL_TRAIN.py", line 1, in <module>
    from py_env_train import *
  File "/p/project1/cesmtst/patakchiyousefi1/CODES-MS3/FORECASTLEAD/py_env_train.py", line 7, in <module>
    import func_train
  File "/p/project1/cesmtst/patakchiyousefi1/CODES-MS3/FORECASTLEAD/func_train.py", line 2
    ! pip install keras-unet-collection
    ^
SyntaxError: invalid syntax
srun: error: jwb0900: task 0: Exited with exit code 1
Traceback (most recent call last):
  File "/p/project1/cesmtst/patakchiyousefi1/CODES-MS3/FORECASTLEAD/DL_TRAIN.py", line 1, in <module>
srun: error: jwb0923: task 0: Exited with exit code 1
    from py_env_train import *
  File "/p/project1/cesmtst/patakchiyousefi1/CODES-MS3/FORECASTLEAD/py_env_train.py", line 7, in <module>
    import func_train
  File "/p/project1/cesmtst/patakchiyousefi1/CODES-MS3/FORECASTLEAD/func_train.py", line 2
    ! pip install keras-unet-collection
    ^
SyntaxError: invalid syntax
Traceback (most recent call last):
  File "/p/project1/cesmtst/patakchiyousefi1/CODES-MS3/FORECASTLEAD/DL_TRAIN.py", line 1, in <module>
    from py_env_train import *
  File "/p/project1/cesmtst/patakchiyousefi1/CODES-MS3/FORECASTLEAD/py_env_train.py", line 7, in <module>
    import func_train
  File "/p/project1/cesmtst/patakchiyousefi1/CODES-MS3/FORECASTLEAD/func_train.py", line 2
    ! pip install keras-unet-collection
    ^
SyntaxError: invalid syntax
Traceback (most recent call last):
  File "/p/project1/cesmtst/patakchiyousefi1/CODES-MS3/FORECASTLEAD/DL_TRAIN.py", line 1, in <module>
    from py_env_train import *
  File "/p/project1/cesmtst/patakchiyousefi1/CODES-MS3/FORECASTLEAD/py_env_train.py", line 7, in <module>
    import func_train
  File "/p/project1/cesmtst/patakchiyousefi1/CODES-MS3/FORECASTLEAD/func_train.py", line 2
    ! pip install keras-unet-collection
    ^
SyntaxError: invalid syntax
Traceback (most recent call last):
  File "/p/project1/cesmtst/patakchiyousefi1/CODES-MS3/FORECASTLEAD/DL_TRAIN.py", line 1, in <module>
    from py_env_train import *
  File "/p/project1/cesmtst/patakchiyousefi1/CODES-MS3/FORECASTLEAD/py_env_train.py", line 7, in <module>
    import func_train
  File "/p/project1/cesmtst/patakchiyousefi1/CODES-MS3/FORECASTLEAD/func_train.py", line 2
    ! pip install keras-unet-collection
    ^
SyntaxError: invalid syntax
srun: error: jwb0925: task 0: Exited with exit code 1
srun: error: jwb0903: task 0: Exited with exit code 1
srun: error: jwb0471: task 0: Exited with exit code 1
srun: error: jwb0473: task 0: Exited with exit code 1
Traceback (most recent call last):
  File "/p/project1/cesmtst/patakchiyousefi1/CODES-MS3/FORECASTLEAD/DL_TRAIN.py", line 1, in <module>
    from py_env_train import *
  File "/p/project1/cesmtst/patakchiyousefi1/CODES-MS3/FORECASTLEAD/py_env_train.py", line 7, in <module>
    import func_train
  File "/p/project1/cesmtst/patakchiyousefi1/CODES-MS3/FORECASTLEAD/func_train.py", line 2
    ! pip install keras-unet-collection
    ^
SyntaxError: invalid syntax
srun: error: jwb0474: task 0: Exited with exit code 1
Traceback (most recent call last):
  File "/p/project1/cesmtst/patakchiyousefi1/CODES-MS3/FORECASTLEAD/DL_TRAIN.py", line 1, in <module>
    from py_env_train import *
  File "/p/project1/cesmtst/patakchiyousefi1/CODES-MS3/FORECASTLEAD/py_env_train.py", line 7, in <module>
    import func_train
  File "/p/project1/cesmtst/patakchiyousefi1/CODES-MS3/FORECASTLEAD/func_train.py", line 2
    ! pip install keras-unet-collection
    ^
SyntaxError: invalid syntax
srun: error: jwb0905: task 0: Exited with exit code 1
Traceback (most recent call last):
  File "/p/project1/cesmtst/patakchiyousefi1/CODES-MS3/FORECASTLEAD/DL_TRAIN.py", line 1, in <module>
    from py_env_train import *
  File "/p/project1/cesmtst/patakchiyousefi1/CODES-MS3/FORECASTLEAD/py_env_train.py", line 7, in <module>
    import func_train
  File "/p/project1/cesmtst/patakchiyousefi1/CODES-MS3/FORECASTLEAD/func_train.py", line 2
    ! pip install keras-unet-collection
    ^
SyntaxError: invalid syntax
srun: error: jwb0475: task 0: Exited with exit code 1
Traceback (most recent call last):
  File "/p/project1/cesmtst/patakchiyousefi1/CODES-MS3/FORECASTLEAD/DL_TRAIN.py", line 1, in <module>
    from py_env_train import *
  File "/p/project1/cesmtst/patakchiyousefi1/CODES-MS3/FORECASTLEAD/py_env_train.py", line 7, in <module>
    import func_train
  File "/p/project1/cesmtst/patakchiyousefi1/CODES-MS3/FORECASTLEAD/func_train.py", line 2
    ! pip install keras-unet-collection
    ^
SyntaxError: invalid syntax
srun: error: jwb0478: task 0: Exited with exit code 1
Traceback (most recent call last):
  File "/p/project1/cesmtst/patakchiyousefi1/CODES-MS3/FORECASTLEAD/DL_TRAIN.py", line 1, in <module>
    from py_env_train import *
  File "/p/project1/cesmtst/patakchiyousefi1/CODES-MS3/FORECASTLEAD/py_env_train.py", line 7, in <module>
    import func_train
  File "/p/project1/cesmtst/patakchiyousefi1/CODES-MS3/FORECASTLEAD/func_train.py", line 2
    ! pip install keras-unet-collection
    ^
SyntaxError: invalid syntax
srun: error: jwb0897: task 0: Exited with exit code 1
Traceback (most recent call last):
  File "/p/project1/cesmtst/patakchiyousefi1/CODES-MS3/FORECASTLEAD/DL_TRAIN.py", line 1, in <module>
    from py_env_train import *
  File "/p/project1/cesmtst/patakchiyousefi1/CODES-MS3/FORECASTLEAD/py_env_train.py", line 7, in <module>
    import func_train
  File "/p/project1/cesmtst/patakchiyousefi1/CODES-MS3/FORECASTLEAD/func_train.py", line 2
    ! pip install keras-unet-collection
    ^
SyntaxError: invalid syntax
srun: error: jwb0479: task 0: Exited with exit code 1
Traceback (most recent call last):
  File "/p/project1/cesmtst/patakchiyousefi1/CODES-MS3/FORECASTLEAD/DL_TRAIN.py", line 1, in <module>
    from py_env_train import *
  File "/p/project1/cesmtst/patakchiyousefi1/CODES-MS3/FORECASTLEAD/py_env_train.py", line 7, in <module>
    import func_train
  File "/p/project1/cesmtst/patakchiyousefi1/CODES-MS3/FORECASTLEAD/func_train.py", line 2
    ! pip install keras-unet-collection
    ^
SyntaxError: invalid syntax
srun: error: jwb0900: task 0: Exited with exit code 1
Traceback (most recent call last):
  File "/p/project1/cesmtst/patakchiyousefi1/CODES-MS3/FORECASTLEAD/DL_TRAIN.py", line 1, in <module>
    from py_env_train import *
  File "/p/project1/cesmtst/patakchiyousefi1/CODES-MS3/FORECASTLEAD/py_env_train.py", line 7, in <module>
    import func_train
  File "/p/project1/cesmtst/patakchiyousefi1/CODES-MS3/FORECASTLEAD/func_train.py", line 2
    ! pip install keras-unet-collection
    ^
SyntaxError: invalid syntax
srun: error: jwb0906: task 0: Exited with exit code 1
Traceback (most recent call last):
  File "/p/project1/cesmtst/patakchiyousefi1/CODES-MS3/FORECASTLEAD/DL_TRAIN.py", line 1, in <module>
    from py_env_train import *
  File "/p/project1/cesmtst/patakchiyousefi1/CODES-MS3/FORECASTLEAD/py_env_train.py", line 7, in <module>
    import func_train
  File "/p/project1/cesmtst/patakchiyousefi1/CODES-MS3/FORECASTLEAD/func_train.py", line 2
    ! pip install keras-unet-collection
    ^
SyntaxError: invalid syntax
Traceback (most recent call last):
  File "/p/project1/cesmtst/patakchiyousefi1/CODES-MS3/FORECASTLEAD/DL_TRAIN.py", line 1, in <module>
    from py_env_train import *
  File "/p/project1/cesmtst/patakchiyousefi1/CODES-MS3/FORECASTLEAD/py_env_train.py", line 7, in <module>
    import func_train
  File "/p/project1/cesmtst/patakchiyousefi1/CODES-MS3/FORECASTLEAD/func_train.py", line 2
    ! pip install keras-unet-collection
    ^
SyntaxError: invalid syntax
srun: error: jwb0471: task 0: Exited with exit code 1
srun: error: jwb0473: task 0: Exited with exit code 1
Traceback (most recent call last):
  File "/p/project1/cesmtst/patakchiyousefi1/CODES-MS3/FORECASTLEAD/DL_TRAIN.py", line 1, in <module>
    from py_env_train import *
  File "/p/project1/cesmtst/patakchiyousefi1/CODES-MS3/FORECASTLEAD/py_env_train.py", line 7, in <module>
    import func_train
  File "/p/project1/cesmtst/patakchiyousefi1/CODES-MS3/FORECASTLEAD/func_train.py", line 2
    ! pip install keras-unet-collection
    ^
SyntaxError: invalid syntax
srun: error: jwb0474: task 0: Exited with exit code 1
Traceback (most recent call last):
  File "/p/project1/cesmtst/patakchiyousefi1/CODES-MS3/FORECASTLEAD/DL_TRAIN.py", line 1, in <module>
    from py_env_train import *
  File "/p/project1/cesmtst/patakchiyousefi1/CODES-MS3/FORECASTLEAD/py_env_train.py", line 7, in <module>
    import func_train
  File "/p/project1/cesmtst/patakchiyousefi1/CODES-MS3/FORECASTLEAD/func_train.py", line 2
    ! pip install keras-unet-collection
    ^
SyntaxError: invalid syntax
srun: error: jwb0475: task 0: Exited with exit code 1
Traceback (most recent call last):
  File "/p/project1/cesmtst/patakchiyousefi1/CODES-MS3/FORECASTLEAD/DL_TRAIN.py", line 1, in <module>
    from py_env_train import *
  File "/p/project1/cesmtst/patakchiyousefi1/CODES-MS3/FORECASTLEAD/py_env_train.py", line 7, in <module>
    import func_train
  File "/p/project1/cesmtst/patakchiyousefi1/CODES-MS3/FORECASTLEAD/func_train.py", line 2
    ! pip install keras-unet-collection
    ^
SyntaxError: invalid syntax
srun: error: jwb0478: task 0: Exited with exit code 1
Traceback (most recent call last):
  File "/p/project1/cesmtst/patakchiyousefi1/CODES-MS3/FORECASTLEAD/DL_TRAIN.py", line 1, in <module>
    from py_env_train import *
  File "/p/project1/cesmtst/patakchiyousefi1/CODES-MS3/FORECASTLEAD/py_env_train.py", line 7, in <module>
    import func_train
  File "/p/project1/cesmtst/patakchiyousefi1/CODES-MS3/FORECASTLEAD/func_train.py", line 2
    ! pip install keras-unet-collection
    ^
SyntaxError: invalid syntax
srun: error: jwb0897: task 0: Exited with exit code 1
Traceback (most recent call last):
  File "/p/project1/cesmtst/patakchiyousefi1/CODES-MS3/FORECASTLEAD/DL_TRAIN.py", line 1, in <module>
    from py_env_train import *
  File "/p/project1/cesmtst/patakchiyousefi1/CODES-MS3/FORECASTLEAD/py_env_train.py", line 7, in <module>
    import func_train
  File "/p/project1/cesmtst/patakchiyousefi1/CODES-MS3/FORECASTLEAD/func_train.py", line 2
    ! pip install keras-unet-collection
    ^
SyntaxError: invalid syntax
Traceback (most recent call last):
  File "/p/project1/cesmtst/patakchiyousefi1/CODES-MS3/FORECASTLEAD/DL_TRAIN.py", line 1, in <module>
srun: error: jwb0479: task 0: Exited with exit code 1
    from py_env_train import *
  File "/p/project1/cesmtst/patakchiyousefi1/CODES-MS3/FORECASTLEAD/py_env_train.py", line 7, in <module>
    import func_train
  File "/p/project1/cesmtst/patakchiyousefi1/CODES-MS3/FORECASTLEAD/func_train.py", line 2
    ! pip install keras-unet-collection
    ^
SyntaxError: invalid syntax
srun: error: jwb0900: task 0: Exited with exit code 1
Traceback (most recent call last):
  File "/p/project1/cesmtst/patakchiyousefi1/CODES-MS3/FORECASTLEAD/DL_TRAIN.py", line 1, in <module>
    from py_env_train import *
  File "/p/project1/cesmtst/patakchiyousefi1/CODES-MS3/FORECASTLEAD/py_env_train.py", line 7, in <module>
    import func_train
  File "/p/project1/cesmtst/patakchiyousefi1/CODES-MS3/FORECASTLEAD/func_train.py", line 2
    ! pip install keras-unet-collection
    ^
SyntaxError: invalid syntax
srun: error: jwb0903: task 0: Exited with exit code 1
Traceback (most recent call last):
  File "/p/project1/cesmtst/patakchiyousefi1/CODES-MS3/FORECASTLEAD/DL_TRAIN.py", line 1, in <module>
    from py_env_train import *
  File "/p/project1/cesmtst/patakchiyousefi1/CODES-MS3/FORECASTLEAD/py_env_train.py", line 7, in <module>
    import func_train
  File "/p/project1/cesmtst/patakchiyousefi1/CODES-MS3/FORECASTLEAD/func_train.py", line 2
    ! pip install keras-unet-collection
    ^
SyntaxError: invalid syntax
Traceback (most recent call last):
  File "/p/project1/cesmtst/patakchiyousefi1/CODES-MS3/FORECASTLEAD/DL_TRAIN.py", line 1, in <module>
srun: error: jwb0471: task 0: Exited with exit code 1
    from py_env_train import *
  File "/p/project1/cesmtst/patakchiyousefi1/CODES-MS3/FORECASTLEAD/py_env_train.py", line 7, in <module>
    import func_train
  File "/p/project1/cesmtst/patakchiyousefi1/CODES-MS3/FORECASTLEAD/func_train.py", line 2
    ! pip install keras-unet-collection
    ^
SyntaxError: invalid syntax
srun: error: jwb0473: task 0: Exited with exit code 1
Traceback (most recent call last):
  File "/p/project1/cesmtst/patakchiyousefi1/CODES-MS3/FORECASTLEAD/DL_TRAIN.py", line 1, in <module>
    from py_env_train import *
  File "/p/project1/cesmtst/patakchiyousefi1/CODES-MS3/FORECASTLEAD/py_env_train.py", line 7, in <module>
    import func_train
  File "/p/project1/cesmtst/patakchiyousefi1/CODES-MS3/FORECASTLEAD/func_train.py", line 2
    ! pip install keras-unet-collection
    ^
SyntaxError: invalid syntax
srun: error: jwb0474: task 0: Exited with exit code 1
Traceback (most recent call last):
  File "/p/project1/cesmtst/patakchiyousefi1/CODES-MS3/FORECASTLEAD/DL_TRAIN.py", line 1, in <module>
    from py_env_train import *
  File "/p/project1/cesmtst/patakchiyousefi1/CODES-MS3/FORECASTLEAD/py_env_train.py", line 7, in <module>
    import func_train
  File "/p/project1/cesmtst/patakchiyousefi1/CODES-MS3/FORECASTLEAD/func_train.py", line 2
    ! pip install keras-unet-collection
    ^
SyntaxError: invalid syntax
srun: error: jwb0475: task 0: Exited with exit code 1
Traceback (most recent call last):
  File "/p/project1/cesmtst/patakchiyousefi1/CODES-MS3/FORECASTLEAD/DL_TRAIN.py", line 1, in <module>
    from py_env_train import *
  File "/p/project1/cesmtst/patakchiyousefi1/CODES-MS3/FORECASTLEAD/py_env_train.py", line 7, in <module>
    import func_train
  File "/p/project1/cesmtst/patakchiyousefi1/CODES-MS3/FORECASTLEAD/func_train.py", line 2
    ! pip install keras-unet-collection
    ^
SyntaxError: invalid syntax
srun: error: jwb0478: task 0: Exited with exit code 1
Traceback (most recent call last):
  File "/p/project1/cesmtst/patakchiyousefi1/CODES-MS3/FORECASTLEAD/DL_TRAIN.py", line 1, in <module>
    from py_env_train import *
  File "/p/project1/cesmtst/patakchiyousefi1/CODES-MS3/FORECASTLEAD/py_env_train.py", line 7, in <module>
    import func_train
  File "/p/project1/cesmtst/patakchiyousefi1/CODES-MS3/FORECASTLEAD/func_train.py", line 2
    ! pip install keras-unet-collection
    ^
SyntaxError: invalid syntax
srun: error: jwb0897: task 0: Exited with exit code 1
Traceback (most recent call last):
  File "/p/project1/cesmtst/patakchiyousefi1/CODES-MS3/FORECASTLEAD/DL_TRAIN.py", line 1, in <module>
    from py_env_train import *
  File "/p/project1/cesmtst/patakchiyousefi1/CODES-MS3/FORECASTLEAD/py_env_train.py", line 7, in <module>
    import func_train
  File "/p/project1/cesmtst/patakchiyousefi1/CODES-MS3/FORECASTLEAD/func_train.py", line 2
    ! pip install keras-unet-collection
    ^
SyntaxError: invalid syntax
srun: error: jwb0479: task 0: Exited with exit code 1
Traceback (most recent call last):
  File "/p/project1/cesmtst/patakchiyousefi1/CODES-MS3/FORECASTLEAD/DL_TRAIN.py", line 1, in <module>
    from py_env_train import *
  File "/p/project1/cesmtst/patakchiyousefi1/CODES-MS3/FORECASTLEAD/py_env_train.py", line 7, in <module>
    import func_train
  File "/p/project1/cesmtst/patakchiyousefi1/CODES-MS3/FORECASTLEAD/func_train.py", line 2
    ! pip install keras-unet-collection
    ^
SyntaxError: invalid syntax
srun: error: jwb0900: task 0: Exited with exit code 1
Traceback (most recent call last):
  File "/p/project1/cesmtst/patakchiyousefi1/CODES-MS3/FORECASTLEAD/DL_TRAIN.py", line 1, in <module>
    from py_env_train import *
  File "/p/project1/cesmtst/patakchiyousefi1/CODES-MS3/FORECASTLEAD/py_env_train.py", line 7, in <module>
    import func_train
  File "/p/project1/cesmtst/patakchiyousefi1/CODES-MS3/FORECASTLEAD/func_train.py", line 2
    ! pip install keras-unet-collection
    ^
SyntaxError: invalid syntax
srun: error: jwb0903: task 0: Exited with exit code 1
Traceback (most recent call last):
  File "/p/project1/cesmtst/patakchiyousefi1/CODES-MS3/FORECASTLEAD/DL_TRAIN.py", line 1, in <module>
    from py_env_train import *
  File "/p/project1/cesmtst/patakchiyousefi1/CODES-MS3/FORECASTLEAD/py_env_train.py", line 7, in <module>
    import func_train
  File "/p/project1/cesmtst/patakchiyousefi1/CODES-MS3/FORECASTLEAD/func_train.py", line 2
    ! pip install keras-unet-collection
    ^
SyntaxError: invalid syntax
Traceback (most recent call last):
  File "/p/project1/cesmtst/patakchiyousefi1/CODES-MS3/FORECASTLEAD/DL_TRAIN.py", line 1, in <module>
srun: error: jwb0471: task 0: Exited with exit code 1
    from py_env_train import *
  File "/p/project1/cesmtst/patakchiyousefi1/CODES-MS3/FORECASTLEAD/py_env_train.py", line 7, in <module>
    import func_train
  File "/p/project1/cesmtst/patakchiyousefi1/CODES-MS3/FORECASTLEAD/func_train.py", line 2
    ! pip install keras-unet-collection
    ^
SyntaxError: invalid syntax
srun: error: jwb0473: task 0: Exited with exit code 1
Traceback (most recent call last):
  File "/p/project1/cesmtst/patakchiyousefi1/CODES-MS3/FORECASTLEAD/DL_TRAIN.py", line 1, in <module>
    from py_env_train import *
  File "/p/project1/cesmtst/patakchiyousefi1/CODES-MS3/FORECASTLEAD/py_env_train.py", line 7, in <module>
    import func_train
  File "/p/project1/cesmtst/patakchiyousefi1/CODES-MS3/FORECASTLEAD/func_train.py", line 2
    ! pip install keras-unet-collection
    ^
SyntaxError: invalid syntax
srun: error: jwb0474: task 0: Exited with exit code 1
Traceback (most recent call last):
  File "/p/project1/cesmtst/patakchiyousefi1/CODES-MS3/FORECASTLEAD/DL_TRAIN.py", line 1, in <module>
    from py_env_train import *
  File "/p/project1/cesmtst/patakchiyousefi1/CODES-MS3/FORECASTLEAD/py_env_train.py", line 7, in <module>
    import func_train
  File "/p/project1/cesmtst/patakchiyousefi1/CODES-MS3/FORECASTLEAD/func_train.py", line 2
    ! pip install keras-unet-collection
    ^
SyntaxError: invalid syntax
srun: error: jwb0475: task 0: Exited with exit code 1
Traceback (most recent call last):
  File "/p/project1/cesmtst/patakchiyousefi1/CODES-MS3/FORECASTLEAD/DL_TRAIN.py", line 1, in <module>
    from py_env_train import *
  File "/p/project1/cesmtst/patakchiyousefi1/CODES-MS3/FORECASTLEAD/py_env_train.py", line 7, in <module>
    import func_train
  File "/p/project1/cesmtst/patakchiyousefi1/CODES-MS3/FORECASTLEAD/func_train.py", line 2
    ! pip install keras-unet-collection
    ^
SyntaxError: invalid syntax
srun: error: jwb0478: task 0: Exited with exit code 1
Traceback (most recent call last):
  File "/p/project1/cesmtst/patakchiyousefi1/CODES-MS3/FORECASTLEAD/DL_TRAIN.py", line 1, in <module>
    from py_env_train import *
  File "/p/project1/cesmtst/patakchiyousefi1/CODES-MS3/FORECASTLEAD/py_env_train.py", line 7, in <module>
    import func_train
  File "/p/project1/cesmtst/patakchiyousefi1/CODES-MS3/FORECASTLEAD/func_train.py", line 2
    ! pip install keras-unet-collection
    ^
SyntaxError: invalid syntax
srun: error: jwb0897: task 0: Exited with exit code 1
Traceback (most recent call last):
  File "/p/project1/cesmtst/patakchiyousefi1/CODES-MS3/FORECASTLEAD/DL_TRAIN.py", line 1, in <module>
    from py_env_train import *
  File "/p/project1/cesmtst/patakchiyousefi1/CODES-MS3/FORECASTLEAD/py_env_train.py", line 7, in <module>
    import func_train
  File "/p/project1/cesmtst/patakchiyousefi1/CODES-MS3/FORECASTLEAD/func_train.py", line 2
    ! pip install keras-unet-collection
    ^
SyntaxError: invalid syntax
srun: error: jwb0479: task 0: Exited with exit code 1
Traceback (most recent call last):
  File "/p/project1/cesmtst/patakchiyousefi1/CODES-MS3/FORECASTLEAD/DL_TRAIN.py", line 1, in <module>
    from py_env_train import *
  File "/p/project1/cesmtst/patakchiyousefi1/CODES-MS3/FORECASTLEAD/py_env_train.py", line 7, in <module>
    import func_train
  File "/p/project1/cesmtst/patakchiyousefi1/CODES-MS3/FORECASTLEAD/func_train.py", line 2
    ! pip install keras-unet-collection
    ^
SyntaxError: invalid syntax
srun: error: jwb0900: task 0: Exited with exit code 1
Traceback (most recent call last):
  File "/p/project1/cesmtst/patakchiyousefi1/CODES-MS3/FORECASTLEAD/DL_TRAIN.py", line 1, in <module>
    from py_env_train import *
  File "/p/project1/cesmtst/patakchiyousefi1/CODES-MS3/FORECASTLEAD/py_env_train.py", line 7, in <module>
    import func_train
  File "/p/project1/cesmtst/patakchiyousefi1/CODES-MS3/FORECASTLEAD/func_train.py", line 2
    ! pip install keras-unet-collection
    ^
SyntaxError: invalid syntax
srun: error: jwb0903: task 0: Exited with exit code 1
Traceback (most recent call last):
  File "/p/project1/cesmtst/patakchiyousefi1/CODES-MS3/FORECASTLEAD/DL_TRAIN.py", line 1, in <module>
    from py_env_train import *
  File "/p/project1/cesmtst/patakchiyousefi1/CODES-MS3/FORECASTLEAD/py_env_train.py", line 7, in <module>
    import func_train
  File "/p/project1/cesmtst/patakchiyousefi1/CODES-MS3/FORECASTLEAD/func_train.py", line 2
    ! pip install keras-unet-collection
    ^
SyntaxError: invalid syntax
srun: error: jwb0471: task 0: Exited with exit code 1
Traceback (most recent call last):
  File "/p/project1/cesmtst/patakchiyousefi1/CODES-MS3/FORECASTLEAD/DL_TRAIN.py", line 1, in <module>
    from py_env_train import *
  File "/p/project1/cesmtst/patakchiyousefi1/CODES-MS3/FORECASTLEAD/py_env_train.py", line 7, in <module>
    import func_train
  File "/p/project1/cesmtst/patakchiyousefi1/CODES-MS3/FORECASTLEAD/func_train.py", line 2
    ! pip install keras-unet-collection
    ^
SyntaxError: invalid syntax
srun: error: jwb0473: task 0: Exited with exit code 1
